{"C:\\Users\\daten\\Downloads\\visualizing_lexical_analysis_subsetconstruction\\dist\\assets\\index-CfW7b1Kc.js": {"path":"C:\\Users\\daten\\Downloads\\visualizing_lexical_analysis_subsetconstruction\\dist\\assets\\index-CfW7b1Kc.js","all":true,"statementMap":{"0":{"start":{"line":1,"column":0},"end":{"line":1,"column":20683}},"1":{"start":{"line":2,"column":0},"end":{"line":2,"column":75}},"2":{"start":{"line":3,"column":0},"end":{"line":3,"column":994}},"3":{"start":{"line":4,"column":0},"end":{"line":4,"column":14}},"4":{"start":{"line":5,"column":0},"end":{"line":5,"column":328}},"5":{"start":{"line":6,"column":0},"end":{"line":6,"column":694}},"6":{"start":{"line":7,"column":0},"end":{"line":7,"column":37}},"7":{"start":{"line":8,"column":0},"end":{"line":8,"column":133629}},"8":{"start":{"line":9,"column":0},"end":{"line":9,"column":39103}},"9":{"start":{"line":10,"column":0},"end":{"line":10,"column":2}},"10":{"start":{"line":11,"column":0},"end":{"line":11,"column":22}},"11":{"start":{"line":12,"column":0},"end":{"line":12,"column":22}},"12":{"start":{"line":13,"column":0},"end":{"line":13,"column":27}},"13":{"start":{"line":14,"column":0},"end":{"line":14,"column":2}},"14":{"start":{"line":15,"column":0},"end":{"line":15,"column":34}},"15":{"start":{"line":16,"column":0},"end":{"line":16,"column":14}},"16":{"start":{"line":17,"column":0},"end":{"line":17,"column":22}},"17":{"start":{"line":18,"column":0},"end":{"line":18,"column":141559}},"18":{"start":{"line":19,"column":0},"end":{"line":19,"column":9291}},"19":{"start":{"line":20,"column":0},"end":{"line":20,"column":7600}}},"s":{"0":0,"1":0,"2":0,"3":0,"4":0,"5":0,"6":0,"7":0,"8":0,"9":0,"10":0,"11":0,"12":0,"13":0,"14":0,"15":0,"16":0,"17":0,"18":0,"19":0},"branchMap":{"0":{"type":"branch","line":1,"loc":{"start":{"line":1,"column":354171},"end":{"line":20,"column":7600}},"locations":[{"start":{"line":1,"column":354171},"end":{"line":20,"column":7600}}]}},"b":{"0":[0]},"fnMap":{"0":{"name":"(empty-report)","decl":{"start":{"line":1,"column":354171},"end":{"line":20,"column":7600}},"loc":{"start":{"line":1,"column":354171},"end":{"line":20,"column":7600}},"line":1}},"f":{"0":0}}
,"C:\\Users\\daten\\Downloads\\visualizing_lexical_analysis_subsetconstruction\\src\\App.tsx": {"path":"C:\\Users\\daten\\Downloads\\visualizing_lexical_analysis_subsetconstruction\\src\\App.tsx","all":true,"statementMap":{"0":{"start":{"line":1,"column":0},"end":{"line":1,"column":32}},"2":{"start":{"line":3,"column":0},"end":{"line":3,"column":31}},"3":{"start":{"line":4,"column":0},"end":{"line":4,"column":18}},"4":{"start":{"line":5,"column":0},"end":{"line":5,"column":1}}},"s":{"0":0,"2":0,"3":0,"4":0},"branchMap":{"0":{"type":"branch","line":1,"loc":{"start":{"line":1,"column":0},"end":{"line":5,"column":-53}},"locations":[{"start":{"line":1,"column":0},"end":{"line":5,"column":-53}}]}},"b":{"0":[0]},"fnMap":{"0":{"name":"(empty-report)","decl":{"start":{"line":1,"column":0},"end":{"line":5,"column":-53}},"loc":{"start":{"line":1,"column":0},"end":{"line":5,"column":-53}},"line":1}},"f":{"0":0}}
,"C:\\Users\\daten\\Downloads\\visualizing_lexical_analysis_subsetconstruction\\src\\main.tsx": {"path":"C:\\Users\\daten\\Downloads\\visualizing_lexical_analysis_subsetconstruction\\src\\main.tsx","all":true,"statementMap":{"0":{"start":{"line":1,"column":0},"end":{"line":1,"column":34}},"1":{"start":{"line":2,"column":0},"end":{"line":2,"column":45}},"2":{"start":{"line":3,"column":0},"end":{"line":3,"column":20}},"3":{"start":{"line":4,"column":0},"end":{"line":4,"column":27}},"5":{"start":{"line":6,"column":0},"end":{"line":6,"column":52}},"6":{"start":{"line":7,"column":0},"end":{"line":7,"column":14}},"7":{"start":{"line":8,"column":0},"end":{"line":8,"column":11}},"8":{"start":{"line":9,"column":0},"end":{"line":9,"column":16}},"9":{"start":{"line":10,"column":0},"end":{"line":10,"column":1}}},"s":{"0":0,"1":0,"2":0,"3":0,"5":0,"6":0,"7":0,"8":0,"9":0},"branchMap":{"0":{"type":"branch","line":1,"loc":{"start":{"line":1,"column":229},"end":{"line":10,"column":1}},"locations":[{"start":{"line":1,"column":229},"end":{"line":10,"column":1}}]}},"b":{"0":[0]},"fnMap":{"0":{"name":"(empty-report)","decl":{"start":{"line":1,"column":229},"end":{"line":10,"column":1}},"loc":{"start":{"line":1,"column":229},"end":{"line":10,"column":1}},"line":1}},"f":{"0":0}}
,"C:\\Users\\daten\\Downloads\\visualizing_lexical_analysis_subsetconstruction\\src\\components\\Controls\\StepControls.test.tsx": {"path":"C:\\Users\\daten\\Downloads\\visualizing_lexical_analysis_subsetconstruction\\src\\components\\Controls\\StepControls.test.tsx","all":false,"statementMap":{"0":{"start":{"line":1,"column":0},"end":{"line":1,"column":61}},"1":{"start":{"line":2,"column":0},"end":{"line":2,"column":93}},"2":{"start":{"line":3,"column":0},"end":{"line":3,"column":42}},"5":{"start":{"line":6,"column":0},"end":{"line":6,"column":98}},"6":{"start":{"line":7,"column":0},"end":{"line":7,"column":16}},"7":{"start":{"line":8,"column":0},"end":{"line":8,"column":27}},"8":{"start":{"line":9,"column":0},"end":{"line":9,"column":23}},"9":{"start":{"line":10,"column":0},"end":{"line":10,"column":27}},"10":{"start":{"line":11,"column":0},"end":{"line":11,"column":20}},"11":{"start":{"line":12,"column":0},"end":{"line":12,"column":22}},"12":{"start":{"line":13,"column":0},"end":{"line":13,"column":21}},"13":{"start":{"line":14,"column":0},"end":{"line":14,"column":21}},"14":{"start":{"line":15,"column":0},"end":{"line":15,"column":25}},"15":{"start":{"line":16,"column":0},"end":{"line":16,"column":20}},"16":{"start":{"line":17,"column":0},"end":{"line":17,"column":15}},"17":{"start":{"line":18,"column":0},"end":{"line":18,"column":3}},"19":{"start":{"line":20,"column":0},"end":{"line":20,"column":51}},"20":{"start":{"line":21,"column":0},"end":{"line":21,"column":14}},"21":{"start":{"line":22,"column":0},"end":{"line":22,"column":5}},"22":{"start":{"line":23,"column":0},"end":{"line":23,"column":43}},"23":{"start":{"line":24,"column":0},"end":{"line":24,"column":40}},"24":{"start":{"line":25,"column":0},"end":{"line":25,"column":78}},"25":{"start":{"line":26,"column":0},"end":{"line":26,"column":5}},"27":{"start":{"line":28,"column":0},"end":{"line":28,"column":40}},"28":{"start":{"line":29,"column":0},"end":{"line":29,"column":19}},"29":{"start":{"line":30,"column":0},"end":{"line":30,"column":66}},"30":{"start":{"line":31,"column":0},"end":{"line":31,"column":66}},"31":{"start":{"line":32,"column":0},"end":{"line":32,"column":6}},"33":{"start":{"line":34,"column":0},"end":{"line":34,"column":43}},"35":{"start":{"line":36,"column":0},"end":{"line":36,"column":73}},"36":{"start":{"line":37,"column":0},"end":{"line":37,"column":68}},"37":{"start":{"line":38,"column":0},"end":{"line":38,"column":62}},"38":{"start":{"line":39,"column":0},"end":{"line":39,"column":5}},"40":{"start":{"line":41,"column":0},"end":{"line":41,"column":43}},"41":{"start":{"line":42,"column":0},"end":{"line":42,"column":19}},"42":{"start":{"line":43,"column":0},"end":{"line":43,"column":22}},"43":{"start":{"line":44,"column":0},"end":{"line":44,"column":33}},"44":{"start":{"line":45,"column":0},"end":{"line":45,"column":20}},"45":{"start":{"line":46,"column":0},"end":{"line":46,"column":27}},"46":{"start":{"line":47,"column":0},"end":{"line":47,"column":43}},"47":{"start":{"line":48,"column":0},"end":{"line":48,"column":31}},"48":{"start":{"line":49,"column":0},"end":{"line":49,"column":25}},"49":{"start":{"line":50,"column":0},"end":{"line":50,"column":9}},"50":{"start":{"line":51,"column":0},"end":{"line":51,"column":6}},"52":{"start":{"line":53,"column":0},"end":{"line":53,"column":43}},"54":{"start":{"line":55,"column":0},"end":{"line":55,"column":71}},"55":{"start":{"line":56,"column":0},"end":{"line":56,"column":70}},"56":{"start":{"line":57,"column":0},"end":{"line":57,"column":73}},"57":{"start":{"line":58,"column":0},"end":{"line":58,"column":77}},"58":{"start":{"line":59,"column":0},"end":{"line":59,"column":76}},"59":{"start":{"line":60,"column":0},"end":{"line":60,"column":56}},"60":{"start":{"line":61,"column":0},"end":{"line":61,"column":5}},"62":{"start":{"line":63,"column":0},"end":{"line":63,"column":41}},"63":{"start":{"line":64,"column":0},"end":{"line":64,"column":19}},"64":{"start":{"line":65,"column":0},"end":{"line":65,"column":22}},"65":{"start":{"line":66,"column":0},"end":{"line":66,"column":44}},"66":{"start":{"line":67,"column":0},"end":{"line":67,"column":25}},"67":{"start":{"line":68,"column":0},"end":{"line":68,"column":48}},"68":{"start":{"line":69,"column":0},"end":{"line":69,"column":48}},"69":{"start":{"line":70,"column":0},"end":{"line":70,"column":10}},"70":{"start":{"line":71,"column":0},"end":{"line":71,"column":33}},"71":{"start":{"line":72,"column":0},"end":{"line":72,"column":9}},"72":{"start":{"line":73,"column":0},"end":{"line":73,"column":6}},"74":{"start":{"line":75,"column":0},"end":{"line":75,"column":43}},"76":{"start":{"line":77,"column":0},"end":{"line":77,"column":86}},"77":{"start":{"line":78,"column":0},"end":{"line":78,"column":83}},"78":{"start":{"line":79,"column":0},"end":{"line":79,"column":84}},"79":{"start":{"line":80,"column":0},"end":{"line":80,"column":5}},"81":{"start":{"line":82,"column":0},"end":{"line":82,"column":60}},"82":{"start":{"line":83,"column":0},"end":{"line":83,"column":19}},"83":{"start":{"line":84,"column":0},"end":{"line":84,"column":22}},"84":{"start":{"line":85,"column":0},"end":{"line":85,"column":25}},"85":{"start":{"line":86,"column":0},"end":{"line":86,"column":31}},"86":{"start":{"line":87,"column":0},"end":{"line":87,"column":36}},"87":{"start":{"line":88,"column":0},"end":{"line":88,"column":64}},"88":{"start":{"line":89,"column":0},"end":{"line":89,"column":9}},"89":{"start":{"line":90,"column":0},"end":{"line":90,"column":6}},"91":{"start":{"line":92,"column":0},"end":{"line":92,"column":43}},"93":{"start":{"line":94,"column":0},"end":{"line":94,"column":80}},"94":{"start":{"line":95,"column":0},"end":{"line":95,"column":5}},"96":{"start":{"line":97,"column":0},"end":{"line":97,"column":44}},"97":{"start":{"line":98,"column":0},"end":{"line":98,"column":19}},"98":{"start":{"line":99,"column":0},"end":{"line":99,"column":66}},"99":{"start":{"line":100,"column":0},"end":{"line":100,"column":66}},"100":{"start":{"line":101,"column":0},"end":{"line":101,"column":6}},"102":{"start":{"line":103,"column":0},"end":{"line":103,"column":43}},"104":{"start":{"line":105,"column":0},"end":{"line":105,"column":68}},"106":{"start":{"line":107,"column":0},"end":{"line":107,"column":55}},"107":{"start":{"line":108,"column":0},"end":{"line":108,"column":38}},"108":{"start":{"line":109,"column":0},"end":{"line":109,"column":32}},"110":{"start":{"line":111,"column":0},"end":{"line":111,"column":68}},"111":{"start":{"line":112,"column":0},"end":{"line":112,"column":5}},"113":{"start":{"line":114,"column":0},"end":{"line":114,"column":48}},"114":{"start":{"line":115,"column":0},"end":{"line":115,"column":19}},"115":{"start":{"line":116,"column":0},"end":{"line":116,"column":66}},"116":{"start":{"line":117,"column":0},"end":{"line":117,"column":66}},"117":{"start":{"line":118,"column":0},"end":{"line":118,"column":6}},"119":{"start":{"line":120,"column":0},"end":{"line":120,"column":43}},"122":{"start":{"line":123,"column":0},"end":{"line":123,"column":55}},"123":{"start":{"line":124,"column":0},"end":{"line":124,"column":38}},"124":{"start":{"line":125,"column":0},"end":{"line":125,"column":32}},"125":{"start":{"line":126,"column":0},"end":{"line":126,"column":68}},"128":{"start":{"line":129,"column":0},"end":{"line":129,"column":55}},"129":{"start":{"line":130,"column":0},"end":{"line":130,"column":38}},"130":{"start":{"line":131,"column":0},"end":{"line":131,"column":32}},"131":{"start":{"line":132,"column":0},"end":{"line":132,"column":68}},"132":{"start":{"line":133,"column":0},"end":{"line":133,"column":5}},"134":{"start":{"line":135,"column":0},"end":{"line":135,"column":51}},"135":{"start":{"line":136,"column":0},"end":{"line":136,"column":19}},"136":{"start":{"line":137,"column":0},"end":{"line":137,"column":66}},"137":{"start":{"line":138,"column":0},"end":{"line":138,"column":66}},"138":{"start":{"line":139,"column":0},"end":{"line":139,"column":66}},"139":{"start":{"line":140,"column":0},"end":{"line":140,"column":6}},"141":{"start":{"line":142,"column":0},"end":{"line":142,"column":65}},"142":{"start":{"line":143,"column":0},"end":{"line":143,"column":40}},"145":{"start":{"line":146,"column":0},"end":{"line":146,"column":58}},"146":{"start":{"line":147,"column":0},"end":{"line":147,"column":38}},"147":{"start":{"line":148,"column":0},"end":{"line":148,"column":32}},"148":{"start":{"line":149,"column":0},"end":{"line":149,"column":32}},"150":{"start":{"line":151,"column":0},"end":{"line":151,"column":25}},"151":{"start":{"line":152,"column":0},"end":{"line":152,"column":68}},"152":{"start":{"line":153,"column":0},"end":{"line":153,"column":7}},"155":{"start":{"line":156,"column":0},"end":{"line":156,"column":59}},"156":{"start":{"line":157,"column":0},"end":{"line":157,"column":40}},"157":{"start":{"line":158,"column":0},"end":{"line":158,"column":33}},"159":{"start":{"line":160,"column":0},"end":{"line":160,"column":25}},"160":{"start":{"line":161,"column":0},"end":{"line":161,"column":68}},"161":{"start":{"line":162,"column":0},"end":{"line":162,"column":7}},"162":{"start":{"line":163,"column":0},"end":{"line":163,"column":5}},"164":{"start":{"line":165,"column":0},"end":{"line":165,"column":50}},"165":{"start":{"line":166,"column":0},"end":{"line":166,"column":19}},"166":{"start":{"line":167,"column":0},"end":{"line":167,"column":66}},"167":{"start":{"line":168,"column":0},"end":{"line":168,"column":66}},"168":{"start":{"line":169,"column":0},"end":{"line":169,"column":66}},"169":{"start":{"line":170,"column":0},"end":{"line":170,"column":6}},"171":{"start":{"line":172,"column":0},"end":{"line":172,"column":65}},"172":{"start":{"line":173,"column":0},"end":{"line":173,"column":40}},"175":{"start":{"line":176,"column":0},"end":{"line":176,"column":66}},"177":{"start":{"line":178,"column":0},"end":{"line":178,"column":56}},"178":{"start":{"line":179,"column":0},"end":{"line":179,"column":38}},"179":{"start":{"line":180,"column":0},"end":{"line":180,"column":32}},"181":{"start":{"line":182,"column":0},"end":{"line":182,"column":25}},"182":{"start":{"line":183,"column":0},"end":{"line":183,"column":68}},"183":{"start":{"line":184,"column":0},"end":{"line":184,"column":7}},"184":{"start":{"line":185,"column":0},"end":{"line":185,"column":5}},"186":{"start":{"line":187,"column":0},"end":{"line":187,"column":55}},"187":{"start":{"line":188,"column":0},"end":{"line":188,"column":33}},"188":{"start":{"line":189,"column":0},"end":{"line":189,"column":19}},"189":{"start":{"line":190,"column":0},"end":{"line":190,"column":66}},"190":{"start":{"line":191,"column":0},"end":{"line":191,"column":66}},"191":{"start":{"line":192,"column":0},"end":{"line":192,"column":6}},"193":{"start":{"line":194,"column":0},"end":{"line":194,"column":93}},"194":{"start":{"line":195,"column":0},"end":{"line":195,"column":40}},"196":{"start":{"line":197,"column":0},"end":{"line":197,"column":44}},"197":{"start":{"line":198,"column":0},"end":{"line":198,"column":59}},"199":{"start":{"line":200,"column":0},"end":{"line":200,"column":58}},"200":{"start":{"line":201,"column":0},"end":{"line":201,"column":38}},"201":{"start":{"line":202,"column":0},"end":{"line":202,"column":32}},"203":{"start":{"line":204,"column":0},"end":{"line":204,"column":25}},"204":{"start":{"line":205,"column":0},"end":{"line":205,"column":52}},"205":{"start":{"line":206,"column":0},"end":{"line":206,"column":65}},"206":{"start":{"line":207,"column":0},"end":{"line":207,"column":7}},"207":{"start":{"line":208,"column":0},"end":{"line":208,"column":5}},"209":{"start":{"line":210,"column":0},"end":{"line":210,"column":69}},"210":{"start":{"line":211,"column":0},"end":{"line":211,"column":19}},"211":{"start":{"line":212,"column":0},"end":{"line":212,"column":66}},"212":{"start":{"line":213,"column":0},"end":{"line":213,"column":66}},"213":{"start":{"line":214,"column":0},"end":{"line":214,"column":6}},"215":{"start":{"line":216,"column":0},"end":{"line":216,"column":65}},"218":{"start":{"line":219,"column":0},"end":{"line":219,"column":25}},"219":{"start":{"line":220,"column":0},"end":{"line":220,"column":59}},"220":{"start":{"line":221,"column":0},"end":{"line":221,"column":91}},"221":{"start":{"line":222,"column":0},"end":{"line":222,"column":90}},"222":{"start":{"line":223,"column":0},"end":{"line":223,"column":41}},"223":{"start":{"line":224,"column":0},"end":{"line":224,"column":40}},"224":{"start":{"line":225,"column":0},"end":{"line":225,"column":7}},"227":{"start":{"line":228,"column":0},"end":{"line":228,"column":53}},"228":{"start":{"line":229,"column":0},"end":{"line":229,"column":38}},"229":{"start":{"line":230,"column":0},"end":{"line":230,"column":32}},"232":{"start":{"line":233,"column":0},"end":{"line":233,"column":25}},"233":{"start":{"line":234,"column":0},"end":{"line":234,"column":64}},"234":{"start":{"line":235,"column":0},"end":{"line":235,"column":95}},"235":{"start":{"line":236,"column":0},"end":{"line":236,"column":98}},"236":{"start":{"line":237,"column":0},"end":{"line":237,"column":40}},"237":{"start":{"line":238,"column":0},"end":{"line":238,"column":45}},"238":{"start":{"line":239,"column":0},"end":{"line":239,"column":7}},"239":{"start":{"line":240,"column":0},"end":{"line":240,"column":5}},"241":{"start":{"line":242,"column":0},"end":{"line":242,"column":35}},"242":{"start":{"line":243,"column":0},"end":{"line":243,"column":37}},"244":{"start":{"line":245,"column":0},"end":{"line":245,"column":43}},"246":{"start":{"line":247,"column":0},"end":{"line":247,"column":57}},"247":{"start":{"line":248,"column":0},"end":{"line":248,"column":40}},"248":{"start":{"line":249,"column":0},"end":{"line":249,"column":64}},"250":{"start":{"line":251,"column":0},"end":{"line":251,"column":43}},"251":{"start":{"line":252,"column":0},"end":{"line":252,"column":5}},"253":{"start":{"line":254,"column":0},"end":{"line":254,"column":45}},"254":{"start":{"line":255,"column":0},"end":{"line":255,"column":19}},"255":{"start":{"line":256,"column":0},"end":{"line":256,"column":66}},"256":{"start":{"line":257,"column":0},"end":{"line":257,"column":66}},"257":{"start":{"line":258,"column":0},"end":{"line":258,"column":66}},"258":{"start":{"line":259,"column":0},"end":{"line":259,"column":6}},"260":{"start":{"line":261,"column":0},"end":{"line":261,"column":43}},"262":{"start":{"line":263,"column":0},"end":{"line":263,"column":50}},"263":{"start":{"line":264,"column":0},"end":{"line":264,"column":90}},"264":{"start":{"line":265,"column":0},"end":{"line":265,"column":57}},"266":{"start":{"line":267,"column":0},"end":{"line":267,"column":62}},"267":{"start":{"line":268,"column":0},"end":{"line":268,"column":5}},"269":{"start":{"line":270,"column":0},"end":{"line":270,"column":42}},"270":{"start":{"line":271,"column":0},"end":{"line":271,"column":19}},"271":{"start":{"line":272,"column":0},"end":{"line":272,"column":40}},"272":{"start":{"line":273,"column":0},"end":{"line":273,"column":40}},"273":{"start":{"line":274,"column":0},"end":{"line":274,"column":6}},"275":{"start":{"line":276,"column":0},"end":{"line":276,"column":43}},"277":{"start":{"line":278,"column":0},"end":{"line":278,"column":55}},"278":{"start":{"line":279,"column":0},"end":{"line":279,"column":89}},"279":{"start":{"line":280,"column":0},"end":{"line":280,"column":32}},"281":{"start":{"line":282,"column":0},"end":{"line":282,"column":84}},"282":{"start":{"line":283,"column":0},"end":{"line":283,"column":5}},"283":{"start":{"line":284,"column":0},"end":{"line":284,"column":3}}},"s":{"0":1,"1":1,"2":1,"5":1,"6":25,"7":25,"8":25,"9":25,"10":25,"11":25,"12":25,"13":25,"14":25,"15":25,"16":25,"17":25,"19":1,"20":14,"21":1,"22":1,"23":1,"24":1,"25":1,"27":1,"28":1,"29":1,"30":1,"31":1,"33":1,"35":1,"36":1,"37":1,"38":1,"40":1,"41":1,"42":1,"43":1,"44":1,"45":1,"46":1,"47":1,"48":1,"49":1,"50":1,"52":1,"54":1,"55":1,"56":1,"57":1,"58":1,"59":1,"60":1,"62":1,"63":1,"64":1,"65":1,"66":1,"67":1,"68":1,"69":1,"70":1,"71":1,"72":1,"74":1,"76":1,"77":1,"78":1,"79":1,"81":1,"82":1,"83":1,"84":1,"85":1,"86":1,"87":1,"88":1,"89":1,"91":1,"93":1,"94":1,"96":1,"97":1,"98":1,"99":1,"100":1,"102":1,"104":1,"106":1,"107":1,"108":1,"110":1,"111":1,"113":1,"114":1,"115":1,"116":1,"117":1,"119":1,"122":1,"123":1,"124":1,"125":1,"128":1,"129":1,"130":1,"131":1,"132":1,"134":1,"135":1,"136":1,"137":1,"138":1,"139":1,"141":1,"142":1,"145":1,"146":1,"147":1,"148":1,"150":1,"151":1,"152":1,"155":1,"156":1,"157":1,"159":1,"160":1,"161":1,"162":1,"164":1,"165":1,"166":1,"167":1,"168":1,"169":1,"171":1,"172":1,"175":1,"177":1,"178":1,"179":1,"181":1,"182":1,"183":1,"184":1,"186":1,"187":1,"188":1,"189":1,"190":1,"191":1,"193":1,"194":1,"196":1,"197":1,"199":1,"200":1,"201":1,"203":1,"204":1,"205":1,"206":1,"207":1,"209":1,"210":1,"211":1,"212":1,"213":1,"215":1,"218":1,"219":1,"220":1,"221":1,"222":1,"223":1,"224":1,"227":1,"228":1,"229":1,"232":1,"233":1,"234":1,"235":1,"236":1,"237":1,"238":1,"239":1,"241":1,"242":1,"244":1,"246":1,"247":1,"248":1,"250":1,"251":1,"253":1,"254":1,"255":1,"256":1,"257":1,"258":1,"260":1,"262":1,"263":1,"264":1,"266":1,"267":1,"269":1,"270":1,"271":1,"272":1,"273":1,"275":1,"277":1,"278":1,"279":1,"281":1,"282":1,"283":1},"branchMap":{"0":{"type":"branch","line":6,"loc":{"start":{"line":6,"column":23},"end":{"line":18,"column":3}},"locations":[{"start":{"line":6,"column":23},"end":{"line":18,"column":3}}]},"1":{"type":"branch","line":20,"loc":{"start":{"line":20,"column":25},"end":{"line":284,"column":3}},"locations":[{"start":{"line":20,"column":25},"end":{"line":284,"column":3}}]},"2":{"type":"branch","line":20,"loc":{"start":{"line":20,"column":44},"end":{"line":22,"column":3}},"locations":[{"start":{"line":20,"column":44},"end":{"line":22,"column":3}}]},"3":{"type":"branch","line":23,"loc":{"start":{"line":23,"column":36},"end":{"line":26,"column":3}},"locations":[{"start":{"line":23,"column":36},"end":{"line":26,"column":3}}]},"4":{"type":"branch","line":28,"loc":{"start":{"line":28,"column":33},"end":{"line":39,"column":3}},"locations":[{"start":{"line":28,"column":33},"end":{"line":39,"column":3}}]},"5":{"type":"branch","line":41,"loc":{"start":{"line":41,"column":36},"end":{"line":61,"column":3}},"locations":[{"start":{"line":41,"column":36},"end":{"line":61,"column":3}}]},"6":{"type":"branch","line":63,"loc":{"start":{"line":63,"column":34},"end":{"line":80,"column":3}},"locations":[{"start":{"line":63,"column":34},"end":{"line":80,"column":3}}]},"7":{"type":"branch","line":82,"loc":{"start":{"line":82,"column":53},"end":{"line":95,"column":3}},"locations":[{"start":{"line":82,"column":53},"end":{"line":95,"column":3}}]},"8":{"type":"branch","line":97,"loc":{"start":{"line":97,"column":37},"end":{"line":112,"column":3}},"locations":[{"start":{"line":97,"column":37},"end":{"line":112,"column":3}}]},"9":{"type":"branch","line":114,"loc":{"start":{"line":114,"column":41},"end":{"line":133,"column":3}},"locations":[{"start":{"line":114,"column":41},"end":{"line":133,"column":3}}]},"10":{"type":"branch","line":135,"loc":{"start":{"line":135,"column":38},"end":{"line":163,"column":3}},"locations":[{"start":{"line":135,"column":38},"end":{"line":163,"column":3}}]},"11":{"type":"branch","line":151,"loc":{"start":{"line":151,"column":18},"end":{"line":153,"column":5}},"locations":[{"start":{"line":151,"column":18},"end":{"line":153,"column":5}}]},"12":{"type":"branch","line":160,"loc":{"start":{"line":160,"column":18},"end":{"line":162,"column":5}},"locations":[{"start":{"line":160,"column":18},"end":{"line":162,"column":5}}]},"13":{"type":"branch","line":165,"loc":{"start":{"line":165,"column":37},"end":{"line":185,"column":3}},"locations":[{"start":{"line":165,"column":37},"end":{"line":185,"column":3}}]},"14":{"type":"branch","line":182,"loc":{"start":{"line":182,"column":18},"end":{"line":184,"column":5}},"locations":[{"start":{"line":182,"column":18},"end":{"line":184,"column":5}}]},"15":{"type":"branch","line":187,"loc":{"start":{"line":187,"column":42},"end":{"line":208,"column":3}},"locations":[{"start":{"line":187,"column":42},"end":{"line":208,"column":3}}]},"16":{"type":"branch","line":204,"loc":{"start":{"line":204,"column":18},"end":{"line":207,"column":5}},"locations":[{"start":{"line":204,"column":18},"end":{"line":207,"column":5}}]},"17":{"type":"branch","line":210,"loc":{"start":{"line":210,"column":56},"end":{"line":240,"column":3}},"locations":[{"start":{"line":210,"column":56},"end":{"line":240,"column":3}}]},"18":{"type":"branch","line":219,"loc":{"start":{"line":219,"column":18},"end":{"line":225,"column":5}},"locations":[{"start":{"line":219,"column":18},"end":{"line":225,"column":5}}]},"19":{"type":"branch","line":221,"loc":{"start":{"line":221,"column":51},"end":{"line":221,"column":89}},"locations":[{"start":{"line":221,"column":51},"end":{"line":221,"column":89}}]},"20":{"type":"branch","line":222,"loc":{"start":{"line":222,"column":50},"end":{"line":222,"column":88}},"locations":[{"start":{"line":222,"column":50},"end":{"line":222,"column":88}}]},"21":{"type":"branch","line":233,"loc":{"start":{"line":233,"column":18},"end":{"line":239,"column":5}},"locations":[{"start":{"line":233,"column":18},"end":{"line":239,"column":5}}]},"22":{"type":"branch","line":235,"loc":{"start":{"line":235,"column":55},"end":{"line":235,"column":93}},"locations":[{"start":{"line":235,"column":55},"end":{"line":235,"column":93}}]},"23":{"type":"branch","line":236,"loc":{"start":{"line":236,"column":60},"end":{"line":236,"column":96}},"locations":[{"start":{"line":236,"column":60},"end":{"line":236,"column":96}}]},"24":{"type":"branch","line":242,"loc":{"start":{"line":242,"column":28},"end":{"line":252,"column":3}},"locations":[{"start":{"line":242,"column":28},"end":{"line":252,"column":3}}]},"25":{"type":"branch","line":254,"loc":{"start":{"line":254,"column":38},"end":{"line":268,"column":3}},"locations":[{"start":{"line":254,"column":38},"end":{"line":268,"column":3}}]},"26":{"type":"branch","line":270,"loc":{"start":{"line":270,"column":35},"end":{"line":283,"column":3}},"locations":[{"start":{"line":270,"column":35},"end":{"line":283,"column":3}}]}},"b":{"0":[25],"1":[1],"2":[14],"3":[1],"4":[1],"5":[1],"6":[1],"7":[1],"8":[1],"9":[1],"10":[1],"11":[1],"12":[1],"13":[1],"14":[1],"15":[1],"16":[1],"17":[1],"18":[1],"19":[1],"20":[2],"21":[1],"22":[4],"23":[5],"24":[1],"25":[1],"26":[1]},"fnMap":{"0":{"name":"createMockStep","decl":{"start":{"line":6,"column":23},"end":{"line":18,"column":3}},"loc":{"start":{"line":6,"column":23},"end":{"line":18,"column":3}},"line":6}},"f":{"0":25}}
,"C:\\Users\\daten\\Downloads\\visualizing_lexical_analysis_subsetconstruction\\src\\components\\Controls\\StepControls.tsx": {"path":"C:\\Users\\daten\\Downloads\\visualizing_lexical_analysis_subsetconstruction\\src\\components\\Controls\\StepControls.tsx","all":false,"statementMap":{"0":{"start":{"line":1,"column":0},"end":{"line":1,"column":44}},"8":{"start":{"line":9,"column":0},"end":{"line":9,"column":82}},"9":{"start":{"line":10,"column":0},"end":{"line":10,"column":62}},"10":{"start":{"line":11,"column":0},"end":{"line":11,"column":52}},"11":{"start":{"line":12,"column":0},"end":{"line":12,"column":43}},"13":{"start":{"line":14,"column":0},"end":{"line":14,"column":46}},"15":{"start":{"line":16,"column":0},"end":{"line":16,"column":19}},"16":{"start":{"line":17,"column":0},"end":{"line":17,"column":38}},"17":{"start":{"line":18,"column":0},"end":{"line":18,"column":50}},"18":{"start":{"line":19,"column":0},"end":{"line":19,"column":5}},"19":{"start":{"line":20,"column":0},"end":{"line":20,"column":52}},"21":{"start":{"line":22,"column":0},"end":{"line":22,"column":19}},"22":{"start":{"line":23,"column":0},"end":{"line":23,"column":27}},"24":{"start":{"line":25,"column":0},"end":{"line":25,"column":37}},"25":{"start":{"line":26,"column":0},"end":{"line":26,"column":37}},"26":{"start":{"line":27,"column":0},"end":{"line":27,"column":39}},"27":{"start":{"line":28,"column":0},"end":{"line":28,"column":30}},"28":{"start":{"line":29,"column":0},"end":{"line":29,"column":22}},"29":{"start":{"line":30,"column":0},"end":{"line":30,"column":9}},"30":{"start":{"line":31,"column":0},"end":{"line":31,"column":24}},"31":{"start":{"line":32,"column":0},"end":{"line":32,"column":9}},"32":{"start":{"line":33,"column":0},"end":{"line":33,"column":14}},"34":{"start":{"line":35,"column":0},"end":{"line":35,"column":38}},"35":{"start":{"line":36,"column":0},"end":{"line":36,"column":39}},"37":{"start":{"line":38,"column":0},"end":{"line":38,"column":27}},"38":{"start":{"line":39,"column":0},"end":{"line":39,"column":12}},"39":{"start":{"line":40,"column":0},"end":{"line":40,"column":53}},"40":{"start":{"line":41,"column":0},"end":{"line":41,"column":65}},"41":{"start":{"line":42,"column":0},"end":{"line":42,"column":12}},"43":{"start":{"line":44,"column":0},"end":{"line":44,"column":3}},"45":{"start":{"line":46,"column":0},"end":{"line":46,"column":65}},"47":{"start":{"line":48,"column":0},"end":{"line":48,"column":10}},"48":{"start":{"line":49,"column":0},"end":{"line":49,"column":31}},"50":{"start":{"line":51,"column":0},"end":{"line":51,"column":57}},"51":{"start":{"line":52,"column":0},"end":{"line":52,"column":70}},"52":{"start":{"line":53,"column":0},"end":{"line":53,"column":48}},"53":{"start":{"line":54,"column":0},"end":{"line":54,"column":57}},"54":{"start":{"line":55,"column":0},"end":{"line":55,"column":15}},"55":{"start":{"line":56,"column":0},"end":{"line":56,"column":12}},"58":{"start":{"line":59,"column":0},"end":{"line":59,"column":59}},"59":{"start":{"line":60,"column":0},"end":{"line":60,"column":12}},"60":{"start":{"line":61,"column":0},"end":{"line":61,"column":78}},"61":{"start":{"line":62,"column":0},"end":{"line":62,"column":43}},"62":{"start":{"line":63,"column":0},"end":{"line":63,"column":10}},"63":{"start":{"line":64,"column":0},"end":{"line":64,"column":12}},"66":{"start":{"line":67,"column":0},"end":{"line":67,"column":69}},"67":{"start":{"line":68,"column":0},"end":{"line":68,"column":57}},"68":{"start":{"line":69,"column":0},"end":{"line":69,"column":35}},"69":{"start":{"line":70,"column":0},"end":{"line":70,"column":13}},"71":{"start":{"line":72,"column":0},"end":{"line":72,"column":71}},"72":{"start":{"line":73,"column":0},"end":{"line":73,"column":46}},"73":{"start":{"line":74,"column":0},"end":{"line":74,"column":17}},"74":{"start":{"line":75,"column":0},"end":{"line":75,"column":83}},"75":{"start":{"line":76,"column":0},"end":{"line":76,"column":60}},"76":{"start":{"line":77,"column":0},"end":{"line":77,"column":48}},"77":{"start":{"line":78,"column":0},"end":{"line":78,"column":20}},"78":{"start":{"line":79,"column":0},"end":{"line":79,"column":18}},"81":{"start":{"line":82,"column":0},"end":{"line":82,"column":34}},"82":{"start":{"line":83,"column":0},"end":{"line":83,"column":17}},"83":{"start":{"line":84,"column":0},"end":{"line":84,"column":72}},"84":{"start":{"line":85,"column":0},"end":{"line":85,"column":60}},"85":{"start":{"line":86,"column":0},"end":{"line":86,"column":36}},"86":{"start":{"line":87,"column":0},"end":{"line":87,"column":20}},"87":{"start":{"line":88,"column":0},"end":{"line":88,"column":18}},"90":{"start":{"line":91,"column":0},"end":{"line":91,"column":75}},"91":{"start":{"line":92,"column":0},"end":{"line":92,"column":17}},"92":{"start":{"line":93,"column":0},"end":{"line":93,"column":79}},"93":{"start":{"line":94,"column":0},"end":{"line":94,"column":60}},"94":{"start":{"line":95,"column":0},"end":{"line":95,"column":63}},"95":{"start":{"line":96,"column":0},"end":{"line":96,"column":20}},"96":{"start":{"line":97,"column":0},"end":{"line":97,"column":18}},"99":{"start":{"line":100,"column":0},"end":{"line":100,"column":95}},"100":{"start":{"line":101,"column":0},"end":{"line":101,"column":17}},"101":{"start":{"line":102,"column":0},"end":{"line":102,"column":77}},"102":{"start":{"line":103,"column":0},"end":{"line":103,"column":60}},"103":{"start":{"line":104,"column":0},"end":{"line":104,"column":73}},"104":{"start":{"line":105,"column":0},"end":{"line":105,"column":20}},"105":{"start":{"line":106,"column":0},"end":{"line":106,"column":18}},"108":{"start":{"line":109,"column":0},"end":{"line":109,"column":39}},"109":{"start":{"line":110,"column":0},"end":{"line":110,"column":17}},"110":{"start":{"line":111,"column":0},"end":{"line":111,"column":77}},"111":{"start":{"line":112,"column":0},"end":{"line":112,"column":84}},"112":{"start":{"line":113,"column":0},"end":{"line":113,"column":41}},"113":{"start":{"line":114,"column":0},"end":{"line":114,"column":44}},"114":{"start":{"line":115,"column":0},"end":{"line":115,"column":92}},"116":{"start":{"line":117,"column":0},"end":{"line":117,"column":25}},"118":{"start":{"line":119,"column":0},"end":{"line":119,"column":20}},"119":{"start":{"line":120,"column":0},"end":{"line":120,"column":18}},"121":{"start":{"line":122,"column":0},"end":{"line":122,"column":14}},"122":{"start":{"line":123,"column":0},"end":{"line":123,"column":12}},"125":{"start":{"line":126,"column":0},"end":{"line":126,"column":54}},"126":{"start":{"line":127,"column":0},"end":{"line":127,"column":53}},"127":{"start":{"line":128,"column":0},"end":{"line":128,"column":76}},"128":{"start":{"line":129,"column":0},"end":{"line":129,"column":60}},"129":{"start":{"line":130,"column":0},"end":{"line":130,"column":42}},"130":{"start":{"line":131,"column":0},"end":{"line":131,"column":16}},"131":{"start":{"line":132,"column":0},"end":{"line":132,"column":14}},"132":{"start":{"line":133,"column":0},"end":{"line":133,"column":53}},"133":{"start":{"line":134,"column":0},"end":{"line":134,"column":73}},"134":{"start":{"line":135,"column":0},"end":{"line":135,"column":61}},"135":{"start":{"line":136,"column":0},"end":{"line":136,"column":47}},"136":{"start":{"line":137,"column":0},"end":{"line":137,"column":16}},"137":{"start":{"line":138,"column":0},"end":{"line":138,"column":14}},"138":{"start":{"line":139,"column":0},"end":{"line":139,"column":53}},"139":{"start":{"line":140,"column":0},"end":{"line":140,"column":74}},"140":{"start":{"line":141,"column":0},"end":{"line":141,"column":62}},"141":{"start":{"line":142,"column":0},"end":{"line":142,"column":47}},"142":{"start":{"line":143,"column":0},"end":{"line":143,"column":16}},"143":{"start":{"line":144,"column":0},"end":{"line":144,"column":14}},"144":{"start":{"line":145,"column":0},"end":{"line":145,"column":12}},"147":{"start":{"line":148,"column":0},"end":{"line":148,"column":34}},"148":{"start":{"line":149,"column":0},"end":{"line":149,"column":73}},"149":{"start":{"line":150,"column":0},"end":{"line":150,"column":79}},"151":{"start":{"line":152,"column":0},"end":{"line":152,"column":15}},"152":{"start":{"line":153,"column":0},"end":{"line":153,"column":53}},"153":{"start":{"line":154,"column":0},"end":{"line":154,"column":124}},"154":{"start":{"line":155,"column":0},"end":{"line":155,"column":14}},"155":{"start":{"line":156,"column":0},"end":{"line":156,"column":14}},"159":{"start":{"line":160,"column":0},"end":{"line":160,"column":57}},"160":{"start":{"line":161,"column":0},"end":{"line":161,"column":49}},"161":{"start":{"line":162,"column":0},"end":{"line":162,"column":17}},"162":{"start":{"line":163,"column":0},"end":{"line":163,"column":76}},"163":{"start":{"line":164,"column":0},"end":{"line":164,"column":45}},"164":{"start":{"line":165,"column":0},"end":{"line":165,"column":131}},"165":{"start":{"line":166,"column":0},"end":{"line":166,"column":30}},"166":{"start":{"line":167,"column":0},"end":{"line":167,"column":11}},"168":{"start":{"line":169,"column":0},"end":{"line":169,"column":19}},"170":{"start":{"line":171,"column":0},"end":{"line":171,"column":17}},"171":{"start":{"line":172,"column":0},"end":{"line":172,"column":78}},"172":{"start":{"line":173,"column":0},"end":{"line":173,"column":45}},"173":{"start":{"line":174,"column":0},"end":{"line":174,"column":131}},"174":{"start":{"line":175,"column":0},"end":{"line":175,"column":11}},"176":{"start":{"line":177,"column":0},"end":{"line":177,"column":19}},"178":{"start":{"line":179,"column":0},"end":{"line":179,"column":17}},"179":{"start":{"line":180,"column":0},"end":{"line":180,"column":28}},"180":{"start":{"line":181,"column":0},"end":{"line":181,"column":79}},"181":{"start":{"line":182,"column":0},"end":{"line":182,"column":39}},"182":{"start":{"line":183,"column":0},"end":{"line":183,"column":14}},"183":{"start":{"line":184,"column":0},"end":{"line":184,"column":56}},"184":{"start":{"line":185,"column":0},"end":{"line":185,"column":91}},"185":{"start":{"line":186,"column":0},"end":{"line":186,"column":26}},"187":{"start":{"line":188,"column":0},"end":{"line":188,"column":53}},"188":{"start":{"line":189,"column":0},"end":{"line":189,"column":19}},"190":{"start":{"line":191,"column":0},"end":{"line":191,"column":17}},"191":{"start":{"line":192,"column":0},"end":{"line":192,"column":93}},"192":{"start":{"line":193,"column":0},"end":{"line":193,"column":59}},"193":{"start":{"line":194,"column":0},"end":{"line":194,"column":131}},"194":{"start":{"line":195,"column":0},"end":{"line":195,"column":11}},"196":{"start":{"line":197,"column":0},"end":{"line":197,"column":19}},"198":{"start":{"line":199,"column":0},"end":{"line":199,"column":17}},"199":{"start":{"line":200,"column":0},"end":{"line":200,"column":91}},"200":{"start":{"line":201,"column":0},"end":{"line":201,"column":59}},"201":{"start":{"line":202,"column":0},"end":{"line":202,"column":131}},"202":{"start":{"line":203,"column":0},"end":{"line":203,"column":28}},"203":{"start":{"line":204,"column":0},"end":{"line":204,"column":11}},"205":{"start":{"line":206,"column":0},"end":{"line":206,"column":19}},"206":{"start":{"line":207,"column":0},"end":{"line":207,"column":14}},"208":{"start":{"line":209,"column":0},"end":{"line":209,"column":57}},"209":{"start":{"line":210,"column":0},"end":{"line":210,"column":75}},"210":{"start":{"line":211,"column":0},"end":{"line":211,"column":17}},"211":{"start":{"line":212,"column":0},"end":{"line":212,"column":25}},"212":{"start":{"line":213,"column":0},"end":{"line":213,"column":62}},"213":{"start":{"line":214,"column":0},"end":{"line":214,"column":56}},"215":{"start":{"line":216,"column":0},"end":{"line":216,"column":54}},"216":{"start":{"line":217,"column":0},"end":{"line":217,"column":53}},"217":{"start":{"line":218,"column":0},"end":{"line":218,"column":55}},"218":{"start":{"line":219,"column":0},"end":{"line":219,"column":19}},"219":{"start":{"line":220,"column":0},"end":{"line":220,"column":14}},"220":{"start":{"line":221,"column":0},"end":{"line":221,"column":12}},"223":{"start":{"line":224,"column":0},"end":{"line":224,"column":47}},"224":{"start":{"line":225,"column":0},"end":{"line":225,"column":76}},"225":{"start":{"line":226,"column":0},"end":{"line":226,"column":14}},"226":{"start":{"line":227,"column":0},"end":{"line":227,"column":22}},"227":{"start":{"line":228,"column":0},"end":{"line":228,"column":17}},"228":{"start":{"line":229,"column":0},"end":{"line":229,"column":32}},"229":{"start":{"line":230,"column":0},"end":{"line":230,"column":34}},"230":{"start":{"line":231,"column":0},"end":{"line":231,"column":28}},"231":{"start":{"line":232,"column":0},"end":{"line":232,"column":56}},"232":{"start":{"line":233,"column":0},"end":{"line":233,"column":32}},"233":{"start":{"line":234,"column":0},"end":{"line":234,"column":12}},"234":{"start":{"line":235,"column":0},"end":{"line":235,"column":28}},"235":{"start":{"line":236,"column":0},"end":{"line":236,"column":10}},"236":{"start":{"line":237,"column":0},"end":{"line":237,"column":12}},"237":{"start":{"line":238,"column":0},"end":{"line":238,"column":10}},"239":{"start":{"line":240,"column":0},"end":{"line":240,"column":1}}},"s":{"0":1,"8":26,"9":26,"10":26,"11":26,"13":26,"15":26,"16":25,"17":2,"18":2,"19":26,"21":26,"22":15,"24":0,"25":0,"26":0,"27":0,"28":0,"29":0,"30":0,"31":0,"32":0,"34":0,"35":26,"37":26,"38":1,"39":1,"40":1,"41":1,"43":1,"45":25,"47":25,"48":25,"50":25,"51":25,"52":25,"53":25,"54":25,"55":25,"58":25,"59":25,"60":25,"61":25,"62":25,"63":25,"66":25,"67":25,"68":25,"69":25,"71":25,"72":25,"73":25,"74":25,"75":25,"76":25,"77":25,"78":25,"81":26,"82":1,"83":1,"84":1,"85":1,"86":1,"87":1,"90":26,"91":1,"92":1,"93":1,"94":1,"95":1,"96":1,"99":26,"100":1,"101":1,"102":1,"103":1,"104":1,"105":1,"108":26,"109":1,"110":1,"111":1,"112":1,"113":1,"114":1,"116":1,"118":1,"119":1,"121":26,"122":26,"125":26,"126":26,"127":26,"128":26,"129":26,"130":26,"131":26,"132":26,"133":26,"134":26,"135":26,"136":26,"137":26,"138":26,"139":26,"140":26,"141":26,"142":26,"143":26,"144":26,"147":26,"148":1,"149":1,"151":1,"152":1,"153":1,"154":1,"155":1,"159":26,"160":26,"161":26,"162":26,"163":26,"164":26,"165":26,"166":26,"168":26,"170":26,"171":26,"172":26,"173":26,"174":26,"176":26,"178":26,"179":26,"180":0,"181":0,"182":0,"183":26,"184":26,"185":26,"187":26,"188":26,"190":26,"191":26,"192":26,"193":26,"194":26,"196":26,"198":26,"199":26,"200":26,"201":26,"202":26,"203":26,"205":26,"206":26,"208":26,"209":26,"210":26,"211":26,"212":26,"213":26,"215":26,"216":26,"217":26,"218":26,"219":26,"220":26,"223":26,"224":26,"225":26,"226":26,"227":26,"228":26,"229":26,"230":26,"231":1,"232":1,"233":1,"234":26,"235":26,"236":26,"237":26,"239":26},"branchMap":{"0":{"type":"branch","line":9,"loc":{"start":{"line":9,"column":0},"end":{"line":240,"column":1}},"locations":[{"start":{"line":9,"column":0},"end":{"line":240,"column":1}}]},"1":{"type":"branch","line":38,"loc":{"start":{"line":38,"column":26},"end":{"line":44,"column":3}},"locations":[{"start":{"line":38,"column":26},"end":{"line":44,"column":3}}]},"2":{"type":"branch","line":44,"loc":{"start":{"line":44,"column":2},"end":{"line":79,"column":18}},"locations":[{"start":{"line":44,"column":2},"end":{"line":79,"column":18}}]},"3":{"type":"branch","line":82,"loc":{"start":{"line":82,"column":23},"end":{"line":88,"column":18}},"locations":[{"start":{"line":82,"column":23},"end":{"line":88,"column":18}}]},"4":{"type":"branch","line":91,"loc":{"start":{"line":91,"column":23},"end":{"line":91,"column":75}},"locations":[{"start":{"line":91,"column":23},"end":{"line":91,"column":75}}]},"5":{"type":"branch","line":91,"loc":{"start":{"line":91,"column":69},"end":{"line":97,"column":18}},"locations":[{"start":{"line":91,"column":69},"end":{"line":97,"column":18}}]},"6":{"type":"branch","line":100,"loc":{"start":{"line":100,"column":23},"end":{"line":100,"column":95}},"locations":[{"start":{"line":100,"column":23},"end":{"line":100,"column":95}}]},"7":{"type":"branch","line":100,"loc":{"start":{"line":100,"column":89},"end":{"line":106,"column":18}},"locations":[{"start":{"line":100,"column":89},"end":{"line":106,"column":18}}]},"8":{"type":"branch","line":109,"loc":{"start":{"line":109,"column":23},"end":{"line":120,"column":18}},"locations":[{"start":{"line":109,"column":23},"end":{"line":120,"column":18}}]},"9":{"type":"branch","line":148,"loc":{"start":{"line":148,"column":19},"end":{"line":156,"column":14}},"locations":[{"start":{"line":148,"column":19},"end":{"line":156,"column":14}}]},"10":{"type":"branch","line":185,"loc":{"start":{"line":185,"column":14},"end":{"line":185,"column":58}},"locations":[{"start":{"line":185,"column":14},"end":{"line":185,"column":58}}]},"11":{"type":"branch","line":185,"loc":{"start":{"line":185,"column":26},"end":{"line":185,"column":91}},"locations":[{"start":{"line":185,"column":26},"end":{"line":185,"column":91}}]},"12":{"type":"branch","line":188,"loc":{"start":{"line":188,"column":13},"end":{"line":188,"column":38}},"locations":[{"start":{"line":188,"column":13},"end":{"line":188,"column":38}}]},"13":{"type":"branch","line":188,"loc":{"start":{"line":188,"column":25},"end":{"line":188,"column":53}},"locations":[{"start":{"line":188,"column":25},"end":{"line":188,"column":53}}]},"14":{"type":"branch","line":16,"loc":{"start":{"line":16,"column":12},"end":{"line":20,"column":5}},"locations":[{"start":{"line":16,"column":12},"end":{"line":20,"column":5}}]},"15":{"type":"branch","line":17,"loc":{"start":{"line":17,"column":8},"end":{"line":17,"column":37}},"locations":[{"start":{"line":17,"column":8},"end":{"line":17,"column":37}}]},"16":{"type":"branch","line":17,"loc":{"start":{"line":17,"column":37},"end":{"line":19,"column":5}},"locations":[{"start":{"line":17,"column":37},"end":{"line":19,"column":5}}]},"17":{"type":"branch","line":22,"loc":{"start":{"line":22,"column":12},"end":{"line":36,"column":5}},"locations":[{"start":{"line":22,"column":12},"end":{"line":36,"column":5}}]},"18":{"type":"branch","line":23,"loc":{"start":{"line":23,"column":20},"end":{"line":35,"column":38}},"locations":[{"start":{"line":23,"column":20},"end":{"line":35,"column":38}}]},"19":{"type":"branch","line":163,"loc":{"start":{"line":163,"column":21},"end":{"line":163,"column":76}},"locations":[{"start":{"line":163,"column":21},"end":{"line":163,"column":76}}]},"20":{"type":"branch","line":172,"loc":{"start":{"line":172,"column":21},"end":{"line":172,"column":78}},"locations":[{"start":{"line":172,"column":21},"end":{"line":172,"column":78}}]},"21":{"type":"branch","line":172,"loc":{"start":{"line":172,"column":47},"end":{"line":172,"column":76}},"locations":[{"start":{"line":172,"column":47},"end":{"line":172,"column":76}}]},"22":{"type":"branch","line":192,"loc":{"start":{"line":192,"column":21},"end":{"line":192,"column":93}},"locations":[{"start":{"line":192,"column":21},"end":{"line":192,"column":93}}]},"23":{"type":"branch","line":192,"loc":{"start":{"line":192,"column":47},"end":{"line":192,"column":91}},"locations":[{"start":{"line":192,"column":47},"end":{"line":192,"column":91}}]},"24":{"type":"branch","line":200,"loc":{"start":{"line":200,"column":21},"end":{"line":200,"column":91}},"locations":[{"start":{"line":200,"column":21},"end":{"line":200,"column":91}}]},"25":{"type":"branch","line":213,"loc":{"start":{"line":213,"column":22},"end":{"line":213,"column":62}},"locations":[{"start":{"line":213,"column":22},"end":{"line":213,"column":62}}]},"26":{"type":"branch","line":231,"loc":{"start":{"line":231,"column":20},"end":{"line":234,"column":12}},"locations":[{"start":{"line":231,"column":20},"end":{"line":234,"column":12}}]}},"b":{"0":[26],"1":[1],"2":[25],"3":[1],"4":[1],"5":[1],"6":[1],"7":[1],"8":[1],"9":[1],"10":[0],"11":[25],"12":[0],"13":[25],"14":[25],"15":[2],"16":[2],"17":[15],"18":[0],"19":[1],"20":[1],"21":[1],"22":[6],"23":[6],"24":[2],"25":[1],"26":[1]},"fnMap":{"0":{"name":"StepControls","decl":{"start":{"line":9,"column":0},"end":{"line":240,"column":1}},"loc":{"start":{"line":9,"column":0},"end":{"line":240,"column":1}},"line":9},"1":{"name":"onClick","decl":{"start":{"line":163,"column":21},"end":{"line":163,"column":76}},"loc":{"start":{"line":163,"column":21},"end":{"line":163,"column":76}},"line":163},"2":{"name":"onClick","decl":{"start":{"line":172,"column":21},"end":{"line":172,"column":78}},"loc":{"start":{"line":172,"column":21},"end":{"line":172,"column":78}},"line":172},"3":{"name":"onClick","decl":{"start":{"line":180,"column":21},"end":{"line":183,"column":14}},"loc":{"start":{"line":180,"column":21},"end":{"line":183,"column":14}},"line":180},"4":{"name":"onClick","decl":{"start":{"line":192,"column":21},"end":{"line":192,"column":93}},"loc":{"start":{"line":192,"column":21},"end":{"line":192,"column":93}},"line":192},"5":{"name":"onClick","decl":{"start":{"line":200,"column":21},"end":{"line":200,"column":91}},"loc":{"start":{"line":200,"column":21},"end":{"line":200,"column":91}},"line":200},"6":{"name":"onChange","decl":{"start":{"line":213,"column":22},"end":{"line":213,"column":62}},"loc":{"start":{"line":213,"column":22},"end":{"line":213,"column":62}},"line":213},"7":{"name":"onChange","decl":{"start":{"line":231,"column":20},"end":{"line":234,"column":12}},"loc":{"start":{"line":231,"column":20},"end":{"line":234,"column":12}},"line":231}},"f":{"0":26,"1":1,"2":1,"3":0,"4":6,"5":2,"6":1,"7":1}}
,"C:\\Users\\daten\\Downloads\\visualizing_lexical_analysis_subsetconstruction\\src\\components\\FileInput\\DSLInput.test.tsx": {"path":"C:\\Users\\daten\\Downloads\\visualizing_lexical_analysis_subsetconstruction\\src\\components\\FileInput\\DSLInput.test.tsx","all":false,"statementMap":{"0":{"start":{"line":1,"column":0},"end":{"line":1,"column":62}},"1":{"start":{"line":2,"column":0},"end":{"line":2,"column":76}},"2":{"start":{"line":3,"column":0},"end":{"line":3,"column":34}},"4":{"start":{"line":5,"column":0},"end":{"line":5,"column":38}},"5":{"start":{"line":6,"column":0},"end":{"line":6,"column":29}},"6":{"start":{"line":7,"column":0},"end":{"line":7,"column":36}},"8":{"start":{"line":9,"column":0},"end":{"line":9,"column":20}},"9":{"start":{"line":10,"column":0},"end":{"line":10,"column":27}},"10":{"start":{"line":11,"column":0},"end":{"line":11,"column":34}},"11":{"start":{"line":12,"column":0},"end":{"line":12,"column":5}},"13":{"start":{"line":14,"column":0},"end":{"line":14,"column":32}},"14":{"start":{"line":15,"column":0},"end":{"line":15,"column":57}},"15":{"start":{"line":16,"column":0},"end":{"line":16,"column":81}},"17":{"start":{"line":18,"column":0},"end":{"line":18,"column":83}},"18":{"start":{"line":19,"column":0},"end":{"line":19,"column":43}},"19":{"start":{"line":20,"column":0},"end":{"line":20,"column":7}},"21":{"start":{"line":22,"column":0},"end":{"line":22,"column":48}},"22":{"start":{"line":23,"column":0},"end":{"line":23,"column":81}},"24":{"start":{"line":25,"column":0},"end":{"line":25,"column":51}},"25":{"start":{"line":26,"column":0},"end":{"line":26,"column":73}},"27":{"start":{"line":28,"column":0},"end":{"line":28,"column":52}},"28":{"start":{"line":29,"column":0},"end":{"line":29,"column":7}},"30":{"start":{"line":31,"column":0},"end":{"line":31,"column":53}},"31":{"start":{"line":32,"column":0},"end":{"line":32,"column":81}},"33":{"start":{"line":34,"column":0},"end":{"line":34,"column":51}},"34":{"start":{"line":35,"column":0},"end":{"line":35,"column":53}},"35":{"start":{"line":36,"column":0},"end":{"line":36,"column":7}},"36":{"start":{"line":37,"column":0},"end":{"line":37,"column":5}},"38":{"start":{"line":39,"column":0},"end":{"line":39,"column":33}},"39":{"start":{"line":40,"column":0},"end":{"line":40,"column":55}},"40":{"start":{"line":41,"column":0},"end":{"line":41,"column":81}},"42":{"start":{"line":43,"column":0},"end":{"line":43,"column":72}},"43":{"start":{"line":44,"column":0},"end":{"line":44,"column":36}},"44":{"start":{"line":45,"column":0},"end":{"line":45,"column":7}},"46":{"start":{"line":47,"column":0},"end":{"line":47,"column":56}},"47":{"start":{"line":48,"column":0},"end":{"line":48,"column":81}},"49":{"start":{"line":50,"column":0},"end":{"line":50,"column":51}},"50":{"start":{"line":51,"column":0},"end":{"line":51,"column":73}},"52":{"start":{"line":53,"column":0},"end":{"line":53,"column":72}},"53":{"start":{"line":54,"column":0},"end":{"line":54,"column":40}},"54":{"start":{"line":55,"column":0},"end":{"line":55,"column":7}},"56":{"start":{"line":57,"column":0},"end":{"line":57,"column":59}},"57":{"start":{"line":58,"column":0},"end":{"line":58,"column":81}},"59":{"start":{"line":60,"column":0},"end":{"line":60,"column":51}},"60":{"start":{"line":61,"column":0},"end":{"line":61,"column":38}},"61":{"start":{"line":62,"column":0},"end":{"line":62,"column":65}},"63":{"start":{"line":64,"column":0},"end":{"line":64,"column":72}},"64":{"start":{"line":65,"column":0},"end":{"line":65,"column":30}},"66":{"start":{"line":67,"column":0},"end":{"line":67,"column":55}},"67":{"start":{"line":68,"column":0},"end":{"line":68,"column":7}},"69":{"start":{"line":70,"column":0},"end":{"line":70,"column":74}},"70":{"start":{"line":71,"column":0},"end":{"line":71,"column":81}},"72":{"start":{"line":73,"column":0},"end":{"line":73,"column":51}},"73":{"start":{"line":74,"column":0},"end":{"line":74,"column":63}},"75":{"start":{"line":76,"column":0},"end":{"line":76,"column":72}},"76":{"start":{"line":77,"column":0},"end":{"line":77,"column":36}},"77":{"start":{"line":78,"column":0},"end":{"line":78,"column":7}},"79":{"start":{"line":80,"column":0},"end":{"line":80,"column":66}},"80":{"start":{"line":81,"column":0},"end":{"line":81,"column":81}},"82":{"start":{"line":83,"column":0},"end":{"line":83,"column":51}},"83":{"start":{"line":84,"column":0},"end":{"line":84,"column":73}},"85":{"start":{"line":86,"column":0},"end":{"line":86,"column":72}},"86":{"start":{"line":87,"column":0},"end":{"line":87,"column":30}},"88":{"start":{"line":89,"column":0},"end":{"line":89,"column":63}},"89":{"start":{"line":90,"column":0},"end":{"line":90,"column":53}},"90":{"start":{"line":91,"column":0},"end":{"line":91,"column":7}},"91":{"start":{"line":92,"column":0},"end":{"line":92,"column":5}},"93":{"start":{"line":94,"column":0},"end":{"line":94,"column":33}},"94":{"start":{"line":95,"column":0},"end":{"line":95,"column":68}},"95":{"start":{"line":96,"column":0},"end":{"line":96,"column":81}},"98":{"start":{"line":99,"column":0},"end":{"line":99,"column":73}},"99":{"start":{"line":100,"column":0},"end":{"line":100,"column":51}},"100":{"start":{"line":101,"column":0},"end":{"line":101,"column":58}},"101":{"start":{"line":102,"column":0},"end":{"line":102,"column":68}},"102":{"start":{"line":103,"column":0},"end":{"line":103,"column":56}},"103":{"start":{"line":104,"column":0},"end":{"line":104,"column":7}},"105":{"start":{"line":106,"column":0},"end":{"line":106,"column":62}},"106":{"start":{"line":107,"column":0},"end":{"line":107,"column":81}},"108":{"start":{"line":109,"column":0},"end":{"line":109,"column":42}},"109":{"start":{"line":110,"column":0},"end":{"line":110,"column":79}},"111":{"start":{"line":112,"column":0},"end":{"line":112,"column":89}},"113":{"start":{"line":114,"column":0},"end":{"line":114,"column":49}},"114":{"start":{"line":115,"column":0},"end":{"line":115,"column":22}},"115":{"start":{"line":116,"column":0},"end":{"line":116,"column":24}},"116":{"start":{"line":117,"column":0},"end":{"line":117,"column":9}},"118":{"start":{"line":119,"column":0},"end":{"line":119,"column":34}},"120":{"start":{"line":121,"column":0},"end":{"line":121,"column":27}},"121":{"start":{"line":122,"column":0},"end":{"line":122,"column":53}},"122":{"start":{"line":123,"column":0},"end":{"line":123,"column":50}},"123":{"start":{"line":124,"column":0},"end":{"line":124,"column":9}},"124":{"start":{"line":125,"column":0},"end":{"line":125,"column":7}},"126":{"start":{"line":127,"column":0},"end":{"line":127,"column":64}},"127":{"start":{"line":128,"column":0},"end":{"line":128,"column":81}},"129":{"start":{"line":130,"column":0},"end":{"line":130,"column":39}},"132":{"start":{"line":133,"column":0},"end":{"line":133,"column":79}},"134":{"start":{"line":135,"column":0},"end":{"line":135,"column":89}},"136":{"start":{"line":137,"column":0},"end":{"line":137,"column":49}},"137":{"start":{"line":138,"column":0},"end":{"line":138,"column":22}},"138":{"start":{"line":139,"column":0},"end":{"line":139,"column":24}},"139":{"start":{"line":140,"column":0},"end":{"line":140,"column":9}},"141":{"start":{"line":142,"column":0},"end":{"line":142,"column":34}},"143":{"start":{"line":144,"column":0},"end":{"line":144,"column":27}},"144":{"start":{"line":145,"column":0},"end":{"line":145,"column":53}},"145":{"start":{"line":146,"column":0},"end":{"line":146,"column":50}},"146":{"start":{"line":147,"column":0},"end":{"line":147,"column":9}},"147":{"start":{"line":148,"column":0},"end":{"line":148,"column":7}},"149":{"start":{"line":150,"column":0},"end":{"line":150,"column":54}},"150":{"start":{"line":151,"column":0},"end":{"line":151,"column":81}},"153":{"start":{"line":154,"column":0},"end":{"line":154,"column":72}},"154":{"start":{"line":155,"column":0},"end":{"line":155,"column":81}},"156":{"start":{"line":157,"column":0},"end":{"line":157,"column":89}},"158":{"start":{"line":159,"column":0},"end":{"line":159,"column":49}},"159":{"start":{"line":160,"column":0},"end":{"line":160,"column":22}},"160":{"start":{"line":161,"column":0},"end":{"line":161,"column":24}},"161":{"start":{"line":162,"column":0},"end":{"line":162,"column":9}},"163":{"start":{"line":164,"column":0},"end":{"line":164,"column":34}},"165":{"start":{"line":166,"column":0},"end":{"line":166,"column":54}},"166":{"start":{"line":167,"column":0},"end":{"line":167,"column":23}},"167":{"start":{"line":168,"column":0},"end":{"line":168,"column":60}},"168":{"start":{"line":169,"column":0},"end":{"line":169,"column":9}},"169":{"start":{"line":170,"column":0},"end":{"line":170,"column":7}},"171":{"start":{"line":172,"column":0},"end":{"line":172,"column":54}},"172":{"start":{"line":173,"column":0},"end":{"line":173,"column":81}},"175":{"start":{"line":176,"column":0},"end":{"line":176,"column":60}},"176":{"start":{"line":177,"column":0},"end":{"line":177,"column":79}},"178":{"start":{"line":179,"column":0},"end":{"line":179,"column":89}},"180":{"start":{"line":181,"column":0},"end":{"line":181,"column":49}},"181":{"start":{"line":182,"column":0},"end":{"line":182,"column":22}},"182":{"start":{"line":183,"column":0},"end":{"line":183,"column":24}},"183":{"start":{"line":184,"column":0},"end":{"line":184,"column":9}},"185":{"start":{"line":186,"column":0},"end":{"line":186,"column":34}},"187":{"start":{"line":188,"column":0},"end":{"line":188,"column":27}},"188":{"start":{"line":189,"column":0},"end":{"line":189,"column":53}},"189":{"start":{"line":190,"column":0},"end":{"line":190,"column":46}},"190":{"start":{"line":191,"column":0},"end":{"line":191,"column":9}},"192":{"start":{"line":193,"column":0},"end":{"line":193,"column":57}},"193":{"start":{"line":194,"column":0},"end":{"line":194,"column":51}},"194":{"start":{"line":195,"column":0},"end":{"line":195,"column":8}},"195":{"start":{"line":196,"column":0},"end":{"line":196,"column":7}},"196":{"start":{"line":197,"column":0},"end":{"line":197,"column":5}},"198":{"start":{"line":199,"column":0},"end":{"line":199,"column":39}},"199":{"start":{"line":200,"column":0},"end":{"line":200,"column":48}},"200":{"start":{"line":201,"column":0},"end":{"line":201,"column":81}},"202":{"start":{"line":203,"column":0},"end":{"line":203,"column":50}},"203":{"start":{"line":204,"column":0},"end":{"line":204,"column":41}},"204":{"start":{"line":205,"column":0},"end":{"line":205,"column":7}},"206":{"start":{"line":207,"column":0},"end":{"line":207,"column":56}},"207":{"start":{"line":208,"column":0},"end":{"line":208,"column":81}},"209":{"start":{"line":210,"column":0},"end":{"line":210,"column":50}},"210":{"start":{"line":211,"column":0},"end":{"line":211,"column":75}},"212":{"start":{"line":213,"column":0},"end":{"line":213,"column":48}},"213":{"start":{"line":214,"column":0},"end":{"line":214,"column":37}},"214":{"start":{"line":215,"column":0},"end":{"line":215,"column":7}},"216":{"start":{"line":217,"column":0},"end":{"line":217,"column":44}},"217":{"start":{"line":218,"column":0},"end":{"line":218,"column":81}},"219":{"start":{"line":220,"column":0},"end":{"line":220,"column":74}},"220":{"start":{"line":221,"column":0},"end":{"line":221,"column":7}},"222":{"start":{"line":223,"column":0},"end":{"line":223,"column":62}},"223":{"start":{"line":224,"column":0},"end":{"line":224,"column":32}},"224":{"start":{"line":225,"column":0},"end":{"line":225,"column":25}},"225":{"start":{"line":226,"column":0},"end":{"line":226,"column":19}},"226":{"start":{"line":227,"column":0},"end":{"line":227,"column":55}},"227":{"start":{"line":228,"column":0},"end":{"line":228,"column":22}},"228":{"start":{"line":229,"column":0},"end":{"line":229,"column":35}},"230":{"start":{"line":231,"column":0},"end":{"line":231,"column":81}},"232":{"start":{"line":233,"column":0},"end":{"line":233,"column":50}},"233":{"start":{"line":234,"column":0},"end":{"line":234,"column":69}},"235":{"start":{"line":236,"column":0},"end":{"line":236,"column":27}},"236":{"start":{"line":237,"column":0},"end":{"line":237,"column":53}},"237":{"start":{"line":238,"column":0},"end":{"line":238,"column":54}},"238":{"start":{"line":239,"column":0},"end":{"line":239,"column":9}},"240":{"start":{"line":241,"column":0},"end":{"line":241,"column":77}},"241":{"start":{"line":242,"column":0},"end":{"line":242,"column":7}},"243":{"start":{"line":244,"column":0},"end":{"line":244,"column":59}},"244":{"start":{"line":245,"column":0},"end":{"line":245,"column":32}},"245":{"start":{"line":246,"column":0},"end":{"line":246,"column":34}},"246":{"start":{"line":247,"column":0},"end":{"line":247,"column":28}},"247":{"start":{"line":248,"column":0},"end":{"line":248,"column":21}},"248":{"start":{"line":249,"column":0},"end":{"line":249,"column":23}},"249":{"start":{"line":250,"column":0},"end":{"line":250,"column":59}},"250":{"start":{"line":251,"column":0},"end":{"line":251,"column":27}},"251":{"start":{"line":252,"column":0},"end":{"line":252,"column":18}},"252":{"start":{"line":253,"column":0},"end":{"line":253,"column":10}},"253":{"start":{"line":254,"column":0},"end":{"line":254,"column":35}},"255":{"start":{"line":256,"column":0},"end":{"line":256,"column":81}},"257":{"start":{"line":258,"column":0},"end":{"line":258,"column":50}},"258":{"start":{"line":259,"column":0},"end":{"line":259,"column":69}},"260":{"start":{"line":261,"column":0},"end":{"line":261,"column":36}},"262":{"start":{"line":263,"column":0},"end":{"line":263,"column":27}},"263":{"start":{"line":264,"column":0},"end":{"line":264,"column":42}},"264":{"start":{"line":265,"column":0},"end":{"line":265,"column":27}},"265":{"start":{"line":266,"column":0},"end":{"line":266,"column":7}},"267":{"start":{"line":268,"column":0},"end":{"line":268,"column":66}},"268":{"start":{"line":269,"column":0},"end":{"line":269,"column":32}},"269":{"start":{"line":270,"column":0},"end":{"line":270,"column":25}},"270":{"start":{"line":271,"column":0},"end":{"line":271,"column":19}},"271":{"start":{"line":272,"column":0},"end":{"line":272,"column":55}},"272":{"start":{"line":273,"column":0},"end":{"line":273,"column":22}},"273":{"start":{"line":274,"column":0},"end":{"line":274,"column":35}},"275":{"start":{"line":276,"column":0},"end":{"line":276,"column":81}},"277":{"start":{"line":278,"column":0},"end":{"line":278,"column":50}},"278":{"start":{"line":279,"column":0},"end":{"line":279,"column":69}},"280":{"start":{"line":281,"column":0},"end":{"line":281,"column":27}},"281":{"start":{"line":282,"column":0},"end":{"line":282,"column":50}},"282":{"start":{"line":283,"column":0},"end":{"line":283,"column":9}},"283":{"start":{"line":284,"column":0},"end":{"line":284,"column":7}},"284":{"start":{"line":285,"column":0},"end":{"line":285,"column":5}},"286":{"start":{"line":287,"column":0},"end":{"line":287,"column":34}},"287":{"start":{"line":288,"column":0},"end":{"line":288,"column":54}},"288":{"start":{"line":289,"column":0},"end":{"line":289,"column":81}},"290":{"start":{"line":291,"column":0},"end":{"line":291,"column":82}},"291":{"start":{"line":292,"column":0},"end":{"line":292,"column":7}},"293":{"start":{"line":294,"column":0},"end":{"line":294,"column":44}},"294":{"start":{"line":295,"column":0},"end":{"line":295,"column":81}},"296":{"start":{"line":297,"column":0},"end":{"line":297,"column":73}},"297":{"start":{"line":298,"column":0},"end":{"line":298,"column":74}},"298":{"start":{"line":299,"column":0},"end":{"line":299,"column":7}},"300":{"start":{"line":301,"column":0},"end":{"line":301,"column":52}},"301":{"start":{"line":302,"column":0},"end":{"line":302,"column":81}},"303":{"start":{"line":304,"column":0},"end":{"line":304,"column":51}},"304":{"start":{"line":305,"column":0},"end":{"line":305,"column":48}},"305":{"start":{"line":306,"column":0},"end":{"line":306,"column":7}},"306":{"start":{"line":307,"column":0},"end":{"line":307,"column":5}},"308":{"start":{"line":309,"column":0},"end":{"line":309,"column":42}},"309":{"start":{"line":310,"column":0},"end":{"line":310,"column":76}},"310":{"start":{"line":311,"column":0},"end":{"line":311,"column":32}},"311":{"start":{"line":312,"column":0},"end":{"line":312,"column":25}},"312":{"start":{"line":313,"column":0},"end":{"line":313,"column":19}},"313":{"start":{"line":314,"column":0},"end":{"line":314,"column":55}},"314":{"start":{"line":315,"column":0},"end":{"line":315,"column":22}},"315":{"start":{"line":316,"column":0},"end":{"line":316,"column":35}},"317":{"start":{"line":318,"column":0},"end":{"line":318,"column":81}},"319":{"start":{"line":320,"column":0},"end":{"line":320,"column":51}},"320":{"start":{"line":321,"column":0},"end":{"line":321,"column":71}},"322":{"start":{"line":323,"column":0},"end":{"line":323,"column":50}},"323":{"start":{"line":324,"column":0},"end":{"line":324,"column":69}},"325":{"start":{"line":326,"column":0},"end":{"line":326,"column":27}},"326":{"start":{"line":327,"column":0},"end":{"line":327,"column":54}},"327":{"start":{"line":328,"column":0},"end":{"line":328,"column":9}},"328":{"start":{"line":329,"column":0},"end":{"line":329,"column":7}},"330":{"start":{"line":331,"column":0},"end":{"line":331,"column":62}},"331":{"start":{"line":332,"column":0},"end":{"line":332,"column":81}},"333":{"start":{"line":334,"column":0},"end":{"line":334,"column":42}},"334":{"start":{"line":335,"column":0},"end":{"line":335,"column":79}},"336":{"start":{"line":337,"column":0},"end":{"line":337,"column":89}},"338":{"start":{"line":339,"column":0},"end":{"line":339,"column":49}},"339":{"start":{"line":340,"column":0},"end":{"line":340,"column":22}},"340":{"start":{"line":341,"column":0},"end":{"line":341,"column":24}},"341":{"start":{"line":342,"column":0},"end":{"line":342,"column":9}},"343":{"start":{"line":344,"column":0},"end":{"line":344,"column":34}},"345":{"start":{"line":346,"column":0},"end":{"line":346,"column":27}},"346":{"start":{"line":347,"column":0},"end":{"line":347,"column":53}},"347":{"start":{"line":348,"column":0},"end":{"line":348,"column":50}},"348":{"start":{"line":349,"column":0},"end":{"line":349,"column":9}},"350":{"start":{"line":351,"column":0},"end":{"line":351,"column":72}},"351":{"start":{"line":352,"column":0},"end":{"line":352,"column":30}},"353":{"start":{"line":354,"column":0},"end":{"line":354,"column":59}},"354":{"start":{"line":355,"column":0},"end":{"line":355,"column":7}},"355":{"start":{"line":356,"column":0},"end":{"line":356,"column":5}},"356":{"start":{"line":357,"column":0},"end":{"line":357,"column":3}}},"s":{"0":1,"1":1,"2":1,"4":1,"5":1,"6":1,"8":1,"9":24,"10":24,"11":1,"13":1,"14":1,"15":1,"17":1,"18":1,"19":1,"21":1,"22":1,"24":1,"25":1,"27":1,"28":1,"30":1,"31":1,"33":1,"34":1,"35":1,"36":1,"38":1,"39":1,"40":1,"42":1,"43":1,"44":1,"46":1,"47":1,"49":1,"50":1,"52":1,"53":1,"54":1,"56":1,"57":1,"59":1,"60":1,"61":1,"63":1,"64":1,"66":1,"67":1,"69":1,"70":1,"72":1,"73":1,"75":1,"76":1,"77":1,"79":1,"80":1,"82":1,"83":1,"85":1,"86":1,"88":1,"89":1,"90":1,"91":1,"93":1,"94":1,"95":1,"98":1,"99":1,"100":1,"101":1,"102":1,"103":1,"105":1,"106":1,"108":1,"109":1,"111":1,"113":1,"114":1,"115":1,"116":1,"118":1,"120":1,"121":3,"122":3,"123":1,"124":1,"126":1,"127":1,"129":1,"132":1,"134":1,"136":1,"137":1,"138":1,"139":1,"141":1,"143":1,"144":2,"145":2,"146":1,"147":1,"149":1,"150":1,"153":1,"154":1,"156":1,"158":1,"159":1,"160":1,"161":1,"163":1,"165":1,"166":1,"167":1,"168":1,"169":1,"171":1,"172":1,"175":1,"176":1,"178":1,"180":1,"181":1,"182":1,"183":1,"185":1,"187":1,"188":2,"189":2,"190":1,"192":1,"193":1,"194":1,"195":1,"196":1,"198":1,"199":1,"200":1,"202":1,"203":1,"204":1,"206":1,"207":1,"209":1,"210":1,"212":1,"213":1,"214":1,"216":1,"217":1,"219":1,"220":1,"222":1,"223":1,"224":1,"225":1,"226":1,"227":1,"228":1,"230":1,"232":1,"233":1,"235":1,"236":2,"237":2,"238":1,"240":1,"241":1,"243":1,"244":1,"245":1,"246":1,"247":1,"248":1,"249":1,"250":1,"251":1,"252":1,"253":1,"255":1,"257":1,"258":1,"260":1,"262":1,"263":4,"264":1,"265":1,"267":1,"268":1,"269":1,"270":1,"271":1,"272":1,"273":1,"275":1,"277":1,"278":1,"280":1,"281":1,"282":1,"283":1,"284":1,"286":1,"287":1,"288":1,"290":1,"291":1,"293":1,"294":1,"296":1,"297":1,"298":1,"300":1,"301":1,"303":1,"304":1,"305":1,"306":1,"308":1,"309":1,"310":1,"311":1,"312":1,"313":1,"314":1,"315":1,"317":1,"319":1,"320":1,"322":1,"323":1,"325":1,"326":2,"327":1,"328":1,"330":1,"331":1,"333":1,"334":1,"336":1,"338":1,"339":1,"340":1,"341":1,"343":1,"345":1,"346":2,"347":2,"348":1,"350":1,"351":1,"353":1,"354":1,"355":1,"356":1},"branchMap":{"0":{"type":"branch","line":5,"loc":{"start":{"line":5,"column":31},"end":{"line":357,"column":3}},"locations":[{"start":{"line":5,"column":31},"end":{"line":357,"column":3}}]},"1":{"type":"branch","line":9,"loc":{"start":{"line":9,"column":13},"end":{"line":12,"column":3}},"locations":[{"start":{"line":9,"column":13},"end":{"line":12,"column":3}}]},"2":{"type":"branch","line":14,"loc":{"start":{"line":14,"column":25},"end":{"line":37,"column":3}},"locations":[{"start":{"line":14,"column":25},"end":{"line":37,"column":3}}]},"3":{"type":"branch","line":15,"loc":{"start":{"line":15,"column":50},"end":{"line":20,"column":5}},"locations":[{"start":{"line":15,"column":50},"end":{"line":20,"column":5}}]},"4":{"type":"branch","line":22,"loc":{"start":{"line":22,"column":41},"end":{"line":29,"column":5}},"locations":[{"start":{"line":22,"column":41},"end":{"line":29,"column":5}}]},"5":{"type":"branch","line":31,"loc":{"start":{"line":31,"column":46},"end":{"line":36,"column":5}},"locations":[{"start":{"line":31,"column":46},"end":{"line":36,"column":5}}]},"6":{"type":"branch","line":39,"loc":{"start":{"line":39,"column":26},"end":{"line":92,"column":3}},"locations":[{"start":{"line":39,"column":26},"end":{"line":92,"column":3}}]},"7":{"type":"branch","line":40,"loc":{"start":{"line":40,"column":48},"end":{"line":45,"column":5}},"locations":[{"start":{"line":40,"column":48},"end":{"line":45,"column":5}}]},"8":{"type":"branch","line":47,"loc":{"start":{"line":47,"column":49},"end":{"line":55,"column":5}},"locations":[{"start":{"line":47,"column":49},"end":{"line":55,"column":5}}]},"9":{"type":"branch","line":57,"loc":{"start":{"line":57,"column":52},"end":{"line":68,"column":5}},"locations":[{"start":{"line":57,"column":52},"end":{"line":68,"column":5}}]},"10":{"type":"branch","line":70,"loc":{"start":{"line":70,"column":67},"end":{"line":78,"column":5}},"locations":[{"start":{"line":70,"column":67},"end":{"line":78,"column":5}}]},"11":{"type":"branch","line":80,"loc":{"start":{"line":80,"column":59},"end":{"line":91,"column":5}},"locations":[{"start":{"line":80,"column":59},"end":{"line":91,"column":5}}]},"12":{"type":"branch","line":94,"loc":{"start":{"line":94,"column":26},"end":{"line":197,"column":3}},"locations":[{"start":{"line":94,"column":26},"end":{"line":197,"column":3}}]},"13":{"type":"branch","line":95,"loc":{"start":{"line":95,"column":61},"end":{"line":104,"column":5}},"locations":[{"start":{"line":95,"column":61},"end":{"line":104,"column":5}}]},"14":{"type":"branch","line":106,"loc":{"start":{"line":106,"column":49},"end":{"line":125,"column":5}},"locations":[{"start":{"line":106,"column":49},"end":{"line":125,"column":5}}]},"15":{"type":"branch","line":121,"loc":{"start":{"line":121,"column":20},"end":{"line":124,"column":7}},"locations":[{"start":{"line":121,"column":20},"end":{"line":124,"column":7}}]},"16":{"type":"branch","line":127,"loc":{"start":{"line":127,"column":51},"end":{"line":148,"column":5}},"locations":[{"start":{"line":127,"column":51},"end":{"line":148,"column":5}}]},"17":{"type":"branch","line":144,"loc":{"start":{"line":144,"column":20},"end":{"line":147,"column":7}},"locations":[{"start":{"line":144,"column":20},"end":{"line":147,"column":7}}]},"18":{"type":"branch","line":150,"loc":{"start":{"line":150,"column":47},"end":{"line":170,"column":5}},"locations":[{"start":{"line":150,"column":47},"end":{"line":170,"column":5}}]},"19":{"type":"branch","line":172,"loc":{"start":{"line":172,"column":41},"end":{"line":196,"column":5}},"locations":[{"start":{"line":172,"column":41},"end":{"line":196,"column":5}}]},"20":{"type":"branch","line":188,"loc":{"start":{"line":188,"column":20},"end":{"line":191,"column":7}},"locations":[{"start":{"line":188,"column":20},"end":{"line":191,"column":7}}]},"21":{"type":"branch","line":199,"loc":{"start":{"line":199,"column":32},"end":{"line":285,"column":3}},"locations":[{"start":{"line":199,"column":32},"end":{"line":285,"column":3}}]},"22":{"type":"branch","line":200,"loc":{"start":{"line":200,"column":41},"end":{"line":205,"column":5}},"locations":[{"start":{"line":200,"column":41},"end":{"line":205,"column":5}}]},"23":{"type":"branch","line":207,"loc":{"start":{"line":207,"column":49},"end":{"line":215,"column":5}},"locations":[{"start":{"line":207,"column":49},"end":{"line":215,"column":5}}]},"24":{"type":"branch","line":217,"loc":{"start":{"line":217,"column":37},"end":{"line":221,"column":5}},"locations":[{"start":{"line":217,"column":37},"end":{"line":221,"column":5}}]},"25":{"type":"branch","line":223,"loc":{"start":{"line":223,"column":49},"end":{"line":242,"column":5}},"locations":[{"start":{"line":223,"column":49},"end":{"line":242,"column":5}}]},"26":{"type":"branch","line":224,"loc":{"start":{"line":224,"column":27},"end":{"line":228,"column":22}},"locations":[{"start":{"line":224,"column":27},"end":{"line":228,"column":22}}]},"27":{"type":"branch","line":227,"loc":{"start":{"line":227,"column":16},"end":{"line":227,"column":55}},"locations":[{"start":{"line":227,"column":16},"end":{"line":227,"column":55}}]},"28":{"type":"branch","line":236,"loc":{"start":{"line":236,"column":20},"end":{"line":239,"column":7}},"locations":[{"start":{"line":236,"column":20},"end":{"line":239,"column":7}}]},"29":{"type":"branch","line":244,"loc":{"start":{"line":244,"column":46},"end":{"line":266,"column":5}},"locations":[{"start":{"line":244,"column":46},"end":{"line":266,"column":5}}]},"30":{"type":"branch","line":245,"loc":{"start":{"line":245,"column":27},"end":{"line":253,"column":10}},"locations":[{"start":{"line":245,"column":27},"end":{"line":253,"column":10}}]},"31":{"type":"branch","line":246,"loc":{"start":{"line":246,"column":20},"end":{"line":253,"column":9}},"locations":[{"start":{"line":246,"column":20},"end":{"line":253,"column":9}}]},"32":{"type":"branch","line":247,"loc":{"start":{"line":247,"column":21},"end":{"line":252,"column":13}},"locations":[{"start":{"line":247,"column":21},"end":{"line":252,"column":13}}]},"33":{"type":"branch","line":250,"loc":{"start":{"line":250,"column":20},"end":{"line":250,"column":59}},"locations":[{"start":{"line":250,"column":20},"end":{"line":250,"column":59}}]},"34":{"type":"branch","line":263,"loc":{"start":{"line":263,"column":20},"end":{"line":265,"column":9}},"locations":[{"start":{"line":263,"column":20},"end":{"line":265,"column":9}}]},"35":{"type":"branch","line":268,"loc":{"start":{"line":268,"column":53},"end":{"line":284,"column":5}},"locations":[{"start":{"line":268,"column":53},"end":{"line":284,"column":5}}]},"36":{"type":"branch","line":269,"loc":{"start":{"line":269,"column":27},"end":{"line":273,"column":22}},"locations":[{"start":{"line":269,"column":27},"end":{"line":273,"column":22}}]},"37":{"type":"branch","line":272,"loc":{"start":{"line":272,"column":16},"end":{"line":272,"column":55}},"locations":[{"start":{"line":272,"column":16},"end":{"line":272,"column":55}}]},"38":{"type":"branch","line":281,"loc":{"start":{"line":281,"column":20},"end":{"line":283,"column":7}},"locations":[{"start":{"line":281,"column":20},"end":{"line":283,"column":7}}]},"39":{"type":"branch","line":287,"loc":{"start":{"line":287,"column":27},"end":{"line":307,"column":3}},"locations":[{"start":{"line":287,"column":27},"end":{"line":307,"column":3}}]},"40":{"type":"branch","line":288,"loc":{"start":{"line":288,"column":47},"end":{"line":292,"column":5}},"locations":[{"start":{"line":288,"column":47},"end":{"line":292,"column":5}}]},"41":{"type":"branch","line":294,"loc":{"start":{"line":294,"column":37},"end":{"line":299,"column":5}},"locations":[{"start":{"line":294,"column":37},"end":{"line":299,"column":5}}]},"42":{"type":"branch","line":301,"loc":{"start":{"line":301,"column":45},"end":{"line":306,"column":5}},"locations":[{"start":{"line":301,"column":45},"end":{"line":306,"column":5}}]},"43":{"type":"branch","line":309,"loc":{"start":{"line":309,"column":35},"end":{"line":356,"column":3}},"locations":[{"start":{"line":309,"column":35},"end":{"line":356,"column":3}}]},"44":{"type":"branch","line":310,"loc":{"start":{"line":310,"column":63},"end":{"line":329,"column":5}},"locations":[{"start":{"line":310,"column":63},"end":{"line":329,"column":5}}]},"45":{"type":"branch","line":311,"loc":{"start":{"line":311,"column":27},"end":{"line":315,"column":22}},"locations":[{"start":{"line":311,"column":27},"end":{"line":315,"column":22}}]},"46":{"type":"branch","line":314,"loc":{"start":{"line":314,"column":16},"end":{"line":314,"column":55}},"locations":[{"start":{"line":314,"column":16},"end":{"line":314,"column":55}}]},"47":{"type":"branch","line":326,"loc":{"start":{"line":326,"column":20},"end":{"line":328,"column":7}},"locations":[{"start":{"line":326,"column":20},"end":{"line":328,"column":7}}]},"48":{"type":"branch","line":331,"loc":{"start":{"line":331,"column":49},"end":{"line":355,"column":5}},"locations":[{"start":{"line":331,"column":49},"end":{"line":355,"column":5}}]},"49":{"type":"branch","line":346,"loc":{"start":{"line":346,"column":20},"end":{"line":349,"column":7}},"locations":[{"start":{"line":346,"column":20},"end":{"line":349,"column":7}}]}},"b":{"0":[1],"1":[24],"2":[1],"3":[1],"4":[1],"5":[1],"6":[1],"7":[1],"8":[1],"9":[1],"10":[1],"11":[1],"12":[1],"13":[1],"14":[1],"15":[3],"16":[1],"17":[2],"18":[1],"19":[1],"20":[2],"21":[1],"22":[1],"23":[1],"24":[1],"25":[1],"26":[1],"27":[1],"28":[2],"29":[1],"30":[1],"31":[1],"32":[1],"33":[1],"34":[4],"35":[1],"36":[1],"37":[1],"38":[1],"39":[1],"40":[1],"41":[1],"42":[1],"43":[1],"44":[1],"45":[1],"46":[1],"47":[2],"48":[1],"49":[2]},"fnMap":{"0":{"name":"text","decl":{"start":{"line":227,"column":16},"end":{"line":227,"column":55}},"loc":{"start":{"line":227,"column":16},"end":{"line":227,"column":55}},"line":227},"1":{"name":"text","decl":{"start":{"line":250,"column":20},"end":{"line":250,"column":59}},"loc":{"start":{"line":250,"column":20},"end":{"line":250,"column":59}},"line":250},"2":{"name":"__vite_ssr_import_2__.waitFor.timeout","decl":{"start":{"line":263,"column":20},"end":{"line":265,"column":9}},"loc":{"start":{"line":263,"column":20},"end":{"line":265,"column":9}},"line":263},"3":{"name":"text","decl":{"start":{"line":272,"column":16},"end":{"line":272,"column":55}},"loc":{"start":{"line":272,"column":16},"end":{"line":272,"column":55}},"line":272},"4":{"name":"text","decl":{"start":{"line":314,"column":16},"end":{"line":314,"column":55}},"loc":{"start":{"line":314,"column":16},"end":{"line":314,"column":55}},"line":314}},"f":{"0":1,"1":1,"2":4,"3":1,"4":1}}
[...]
end":{"line":478,"column":36}}]},"100":{"type":"branch","line":478,"loc":{"start":{"line":478,"column":36},"end":{"line":480,"column":3}},"locations":[{"start":{"line":478,"column":36},"end":{"line":480,"column":3}}]},"101":{"type":"branch","line":480,"loc":{"start":{"line":480,"column":2},"end":{"line":483,"column":17}},"locations":[{"start":{"line":480,"column":2},"end":{"line":483,"column":17}}]},"102":{"type":"branch","line":483,"loc":{"start":{"line":483,"column":17},"end":{"line":496,"column":3}},"locations":[{"start":{"line":483,"column":17},"end":{"line":496,"column":3}}]},"103":{"type":"branch","line":487,"loc":{"start":{"line":487,"column":39},"end":{"line":495,"column":5}},"locations":[{"start":{"line":487,"column":39},"end":{"line":495,"column":5}}]},"104":{"type":"branch","line":488,"loc":{"start":{"line":488,"column":42},"end":{"line":494,"column":7}},"locations":[{"start":{"line":488,"column":42},"end":{"line":494,"column":7}}]},"105":{"type":"branch","line":492,"loc":{"start":{"line":492,"column":89},"end":{"line":492,"column":102}},"locations":[{"start":{"line":492,"column":89},"end":{"line":492,"column":102}}]},"106":{"type":"branch","line":495,"loc":{"start":{"line":495,"column":4},"end":{"line":496,"column":3}},"locations":[{"start":{"line":495,"column":4},"end":{"line":496,"column":3}}]},"107":{"type":"branch","line":496,"loc":{"start":{"line":496,"column":2},"end":{"line":499,"column":44}},"locations":[{"start":{"line":496,"column":2},"end":{"line":499,"column":44}}]},"108":{"type":"branch","line":499,"loc":{"start":{"line":499,"column":44},"end":{"line":503,"column":3}},"locations":[{"start":{"line":499,"column":44},"end":{"line":503,"column":3}}]},"109":{"type":"branch","line":503,"loc":{"start":{"line":503,"column":2},"end":{"line":515,"column":44}},"locations":[{"start":{"line":503,"column":2},"end":{"line":515,"column":44}}]},"110":{"type":"branch","line":507,"loc":{"start":{"line":507,"column":43},"end":{"line":511,"column":5}},"locations":[{"start":{"line":507,"column":43},"end":{"line":511,"column":5}}]},"111":{"type":"branch","line":515,"loc":{"start":{"line":515,"column":44},"end":{"line":526,"column":3}},"locations":[{"start":{"line":515,"column":44},"end":{"line":526,"column":3}}]},"112":{"type":"branch","line":516,"loc":{"start":{"line":516,"column":47},"end":{"line":520,"column":5}},"locations":[{"start":{"line":516,"column":47},"end":{"line":520,"column":5}}]},"113":{"type":"branch","line":521,"loc":{"start":{"line":521,"column":45},"end":{"line":525,"column":5}},"locations":[{"start":{"line":521,"column":45},"end":{"line":525,"column":5}}]},"114":{"type":"branch","line":526,"loc":{"start":{"line":526,"column":2},"end":{"line":529,"column":44}},"locations":[{"start":{"line":526,"column":2},"end":{"line":529,"column":44}}]},"115":{"type":"branch","line":529,"loc":{"start":{"line":529,"column":44},"end":{"line":536,"column":3}},"locations":[{"start":{"line":529,"column":44},"end":{"line":536,"column":3}}]},"116":{"type":"branch","line":530,"loc":{"start":{"line":530,"column":30},"end":{"line":530,"column":80}},"locations":[{"start":{"line":530,"column":30},"end":{"line":530,"column":80}}]},"117":{"type":"branch","line":530,"loc":{"start":{"line":530,"column":80},"end":{"line":535,"column":5}},"locations":[{"start":{"line":530,"column":80},"end":{"line":535,"column":5}}]},"118":{"type":"branch","line":536,"loc":{"start":{"line":536,"column":2},"end":{"line":542,"column":1}},"locations":[{"start":{"line":536,"column":2},"end":{"line":542,"column":1}}]}},"b":{"0":[49],"1":[12],"2":[0],"3":[0],"4":[49],"5":[186],"6":[25],"7":[161],"8":[52],"9":[50],"10":[25],"11":[109],"12":[8],"13":[0],"14":[41],"15":[0],"16":[41],"17":[186],"18":[49],"19":[109],"20":[3],"21":[106],"22":[0],"23":[106],"24":[0],"25":[105],"26":[490],"27":[0],"28":[193],"29":[193],"30":[0],"31":[0],"32":[1],"33":[192],"34":[0],"35":[192],"36":[21],"37":[171],"38":[80],"39":[297],"40":[95],"41":[1],"42":[94],"43":[0],"44":[94],"45":[0],"46":[202],"47":[296],"48":[66],"49":[21],"50":[1],"51":[65],"52":[295],"53":[201],"54":[295],"55":[58],"56":[40],"57":[295],"58":[191],"59":[191],"60":[192],"61":[191],"62":[104],"63":[1],"64":[294],"65":[486],"66":[0],"67":[101],"68":[0],"69":[497],"70":[532],"71":[39],"72":[1],"73":[106],"74":[1],"75":[105],"76":[0],"77":[105],"78":[0],"79":[297],"80":[58],"81":[58],"82":[0],"83":[1],"84":[0],"85":[239],"86":[65],"87":[0],"88":[0],"89":[0],"90":[25],"91":[150],"92":[106],"93":[108],"94":[41],"95":[0],"96":[1],"97":[40],"98":[1],"99":[39],"100":[0],"101":[39],"102":[25],"103":[51],"104":[2],"105":[0],"106":[23],"107":[37],"108":[0],"109":[37],"110":[0],"111":[181],"112":[0],"113":[0],"114":[37],"115":[181],"116":[160],"117":[0],"118":[37]},"fnMap":{"0":{"name":"parseDSL","decl":{"start":{"line":15,"column":7},"end":{"line":35,"column":1}},"loc":{"start":{"line":15,"column":7},"end":{"line":35,"column":1}},"line":15},"1":{"name":"parseAEFFormat","decl":{"start":{"line":40,"column":0},"end":{"line":91,"column":1}},"loc":{"start":{"line":40,"column":0},"end":{"line":91,"column":1}},"line":40},"2":{"name":"createEmptyNFA","decl":{"start":{"line":96,"column":0},"end":{"line":105,"column":1}},"loc":{"start":{"line":96,"column":0},"end":{"line":105,"column":1}},"line":96},"3":{"name":"parseTransitionLine","decl":{"start":{"line":123,"column":0},"end":{"line":327,"column":1}},"loc":{"start":{"line":123,"column":0},"end":{"line":327,"column":1}},"line":123},"4":{"name":"validateLineFormat","decl":{"start":{"line":332,"column":0},"end":{"line":360,"column":1}},"loc":{"start":{"line":332,"column":0},"end":{"line":360,"column":1}},"line":332},"5":{"name":"parseStateToken","decl":{"start":{"line":370,"column":0},"end":{"line":435,"column":1}},"loc":{"start":{"line":370,"column":0},"end":{"line":435,"column":1}},"line":370},"6":{"name":"extractSymbolsFromRegex","decl":{"start":{"line":441,"column":0},"end":{"line":452,"column":1}},"loc":{"start":{"line":441,"column":0},"end":{"line":452,"column":1}},"line":441},"7":{"name":"finalizeNFA","decl":{"start":{"line":457,"column":0},"end":{"line":542,"column":1}},"loc":{"start":{"line":457,"column":0},"end":{"line":542,"column":1}},"line":457}},"f":{"0":49,"1":49,"2":49,"3":109,"4":106,"5":297,"6":25,"7":41}}
,"C:\\Users\\daten\\Downloads\\visualizing_lexical_analysis_subsetconstruction\\src\\lib\\utils.ts": {"path":"C:\\Users\\daten\\Downloads\\visualizing_lexical_analysis_subsetconstruction\\src\\lib\\utils.ts","all":true,"statementMap":{"0":{"start":{"line":1,"column":0},"end":{"line":1,"column":44}},"3":{"start":{"line":4,"column":0},"end":{"line":4,"column":45}},"4":{"start":{"line":5,"column":0},"end":{"line":5,"column":30}},"5":{"start":{"line":6,"column":0},"end":{"line":6,"column":1}}},"s":{"0":0,"3":0,"4":0,"5":0},"branchMap":{"0":{"type":"branch","line":1,"loc":{"start":{"line":1,"column":170},"end":{"line":6,"column":1}},"locations":[{"start":{"line":1,"column":170},"end":{"line":6,"column":1}}]}},"b":{"0":[0]},"fnMap":{"0":{"name":"(empty-report)","decl":{"start":{"line":1,"column":170},"end":{"line":6,"column":1}},"loc":{"start":{"line":1,"column":170},"end":{"line":6,"column":1}},"line":1}},"f":{"0":0}}
,"C:\\Users\\daten\\Downloads\\visualizing_lexical_analysis_subsetconstruction\\src\\pages\\Home.tsx": {"path":"C:\\Users\\daten\\Downloads\\visualizing_lexical_analysis_subsetconstruction\\src\\pages\\Home.tsx","all":true,"statementMap":{"0":{"start":{"line":1,"column":0},"end":{"line":1,"column":56}},"10":{"start":{"line":11,"column":0},"end":{"line":11,"column":32}},"11":{"start":{"line":12,"column":0},"end":{"line":12,"column":51}},"12":{"start":{"line":13,"column":0},"end":{"line":13,"column":75}},"13":{"start":{"line":14,"column":0},"end":{"line":14,"column":86}},"14":{"start":{"line":15,"column":0},"end":{"line":15,"column":62}},"17":{"start":{"line":18,"column":0},"end":{"line":18,"column":42}},"18":{"start":{"line":19,"column":0},"end":{"line":19,"column":26}},"19":{"start":{"line":20,"column":0},"end":{"line":20,"column":41}},"20":{"start":{"line":21,"column":0},"end":{"line":21,"column":12}},"22":{"start":{"line":23,"column":0},"end":{"line":23,"column":56}},"23":{"start":{"line":24,"column":0},"end":{"line":24,"column":46}},"25":{"start":{"line":26,"column":0},"end":{"line":26,"column":77}},"26":{"start":{"line":27,"column":0},"end":{"line":27,"column":25}},"27":{"start":{"line":28,"column":0},"end":{"line":28,"column":31}},"28":{"start":{"line":29,"column":0},"end":{"line":29,"column":4}},"30":{"start":{"line":31,"column":0},"end":{"line":31,"column":40}},"31":{"start":{"line":32,"column":0},"end":{"line":32,"column":47}},"32":{"start":{"line":33,"column":0},"end":{"line":33,"column":27}},"34":{"start":{"line":35,"column":0},"end":{"line":35,"column":39}},"35":{"start":{"line":36,"column":0},"end":{"line":36,"column":25}},"36":{"start":{"line":37,"column":0},"end":{"line":37,"column":58}},"37":{"start":{"line":38,"column":0},"end":{"line":38,"column":12}},"38":{"start":{"line":39,"column":0},"end":{"line":39,"column":19}},"39":{"start":{"line":40,"column":0},"end":{"line":40,"column":53}},"40":{"start":{"line":41,"column":0},"end":{"line":41,"column":5}},"41":{"start":{"line":42,"column":0},"end":{"line":42,"column":4}},"43":{"start":{"line":44,"column":0},"end":{"line":44,"column":54}},"44":{"start":{"line":45,"column":0},"end":{"line":45,"column":27}},"45":{"start":{"line":46,"column":0},"end":{"line":46,"column":4}},"47":{"start":{"line":48,"column":0},"end":{"line":48,"column":10}},"48":{"start":{"line":49,"column":0},"end":{"line":49,"column":43}},"49":{"start":{"line":50,"column":0},"end":{"line":50,"column":71}},"51":{"start":{"line":52,"column":0},"end":{"line":52,"column":33}},"52":{"start":{"line":53,"column":0},"end":{"line":53,"column":74}},"55":{"start":{"line":56,"column":0},"end":{"line":56,"column":49}},"56":{"start":{"line":57,"column":0},"end":{"line":57,"column":71}},"57":{"start":{"line":58,"column":0},"end":{"line":58,"column":79}},"58":{"start":{"line":59,"column":0},"end":{"line":59,"column":63}},"59":{"start":{"line":60,"column":0},"end":{"line":60,"column":34}},"60":{"start":{"line":61,"column":0},"end":{"line":61,"column":83}},"62":{"start":{"line":63,"column":0},"end":{"line":63,"column":16}},"66":{"start":{"line":67,"column":0},"end":{"line":67,"column":55}},"67":{"start":{"line":68,"column":0},"end":{"line":68,"column":75}},"68":{"start":{"line":69,"column":0},"end":{"line":69,"column":62}},"70":{"start":{"line":71,"column":0},"end":{"line":71,"column":44}},"71":{"start":{"line":72,"column":0},"end":{"line":72,"column":17}},"72":{"start":{"line":73,"column":0},"end":{"line":73,"column":90}},"73":{"start":{"line":74,"column":0},"end":{"line":74,"column":19}},"74":{"start":{"line":75,"column":0},"end":{"line":75,"column":82}},"75":{"start":{"line":76,"column":0},"end":{"line":76,"column":78}},"76":{"start":{"line":77,"column":0},"end":{"line":77,"column":20}},"77":{"start":{"line":78,"column":0},"end":{"line":78,"column":19}},"78":{"start":{"line":79,"column":0},"end":{"line":79,"column":84}},"79":{"start":{"line":80,"column":0},"end":{"line":80,"column":47}},"80":{"start":{"line":81,"column":0},"end":{"line":81,"column":45}},"81":{"start":{"line":82,"column":0},"end":{"line":82,"column":88}},"82":{"start":{"line":83,"column":0},"end":{"line":83,"column":22}},"83":{"start":{"line":84,"column":0},"end":{"line":84,"column":20}},"84":{"start":{"line":85,"column":0},"end":{"line":85,"column":19}},"85":{"start":{"line":86,"column":0},"end":{"line":86,"column":76}},"86":{"start":{"line":87,"column":0},"end":{"line":87,"column":20}},"87":{"start":{"line":88,"column":0},"end":{"line":88,"column":19}},"88":{"start":{"line":89,"column":0},"end":{"line":89,"column":66}},"89":{"start":{"line":90,"column":0},"end":{"line":90,"column":84}},"90":{"start":{"line":91,"column":0},"end":{"line":91,"column":20}},"91":{"start":{"line":92,"column":0},"end":{"line":92,"column":18}},"92":{"start":{"line":93,"column":0},"end":{"line":93,"column":34}},"93":{"start":{"line":94,"column":0},"end":{"line":94,"column":86}},"94":{"start":{"line":95,"column":0},"end":{"line":95,"column":34}},"95":{"start":{"line":96,"column":0},"end":{"line":96,"column":97}},"97":{"start":{"line":98,"column":0},"end":{"line":98,"column":23}},"99":{"start":{"line":100,"column":0},"end":{"line":100,"column":29}},"100":{"start":{"line":101,"column":0},"end":{"line":101,"column":52}},"101":{"start":{"line":102,"column":0},"end":{"line":102,"column":73}},"102":{"start":{"line":103,"column":0},"end":{"line":103,"column":22}},"104":{"start":{"line":105,"column":0},"end":{"line":105,"column":18}},"105":{"start":{"line":106,"column":0},"end":{"line":106,"column":16}},"109":{"start":{"line":110,"column":0},"end":{"line":110,"column":17}},"110":{"start":{"line":111,"column":0},"end":{"line":111,"column":77}},"111":{"start":{"line":112,"column":0},"end":{"line":112,"column":63}},"113":{"start":{"line":114,"column":0},"end":{"line":114,"column":44}},"114":{"start":{"line":115,"column":0},"end":{"line":115,"column":17}},"115":{"start":{"line":116,"column":0},"end":{"line":116,"column":90}},"116":{"start":{"line":117,"column":0},"end":{"line":117,"column":19}},"117":{"start":{"line":118,"column":0},"end":{"line":118,"column":82}},"118":{"start":{"line":119,"column":0},"end":{"line":119,"column":78}},"119":{"start":{"line":120,"column":0},"end":{"line":120,"column":20}},"120":{"start":{"line":121,"column":0},"end":{"line":121,"column":19}},"121":{"start":{"line":122,"column":0},"end":{"line":122,"column":84}},"122":{"start":{"line":123,"column":0},"end":{"line":123,"column":80}},"123":{"start":{"line":124,"column":0},"end":{"line":124,"column":20}},"124":{"start":{"line":125,"column":0},"end":{"line":125,"column":19}},"125":{"start":{"line":126,"column":0},"end":{"line":126,"column":76}},"126":{"start":{"line":127,"column":0},"end":{"line":127,"column":20}},"127":{"start":{"line":128,"column":0},"end":{"line":128,"column":19}},"128":{"start":{"line":129,"column":0},"end":{"line":129,"column":66}},"129":{"start":{"line":130,"column":0},"end":{"line":130,"column":84}},"130":{"start":{"line":131,"column":0},"end":{"line":131,"column":20}},"131":{"start":{"line":132,"column":0},"end":{"line":132,"column":18}},"132":{"start":{"line":133,"column":0},"end":{"line":133,"column":34}},"133":{"start":{"line":134,"column":0},"end":{"line":134,"column":86}},"134":{"start":{"line":135,"column":0},"end":{"line":135,"column":18}},"135":{"start":{"line":136,"column":0},"end":{"line":136,"column":16}},"139":{"start":{"line":140,"column":0},"end":{"line":140,"column":37}},"140":{"start":{"line":141,"column":0},"end":{"line":141,"column":19}},"141":{"start":{"line":142,"column":0},"end":{"line":142,"column":74}},"142":{"start":{"line":143,"column":0},"end":{"line":143,"column":20}},"146":{"start":{"line":147,"column":0},"end":{"line":147,"column":32}},"147":{"start":{"line":148,"column":0},"end":{"line":148,"column":19}},"148":{"start":{"line":149,"column":0},"end":{"line":149,"column":25}},"149":{"start":{"line":150,"column":0},"end":{"line":150,"column":33}},"150":{"start":{"line":151,"column":0},"end":{"line":151,"column":61}},"151":{"start":{"line":152,"column":0},"end":{"line":152,"column":14}},"152":{"start":{"line":153,"column":0},"end":{"line":153,"column":20}},"155":{"start":{"line":156,"column":0},"end":{"line":156,"column":34}},"156":{"start":{"line":157,"column":0},"end":{"line":157,"column":67}},"157":{"start":{"line":158,"column":0},"end":{"line":158,"column":65}},"159":{"start":{"line":160,"column":0},"end":{"line":160,"column":17}},"160":{"start":{"line":161,"column":0},"end":{"line":161,"column":100}},"162":{"start":{"line":163,"column":0},"end":{"line":163,"column":19}},"163":{"start":{"line":164,"column":0},"end":{"line":164,"column":22}},"164":{"start":{"line":165,"column":0},"end":{"line":165,"column":41}},"166":{"start":{"line":167,"column":0},"end":{"line":167,"column":99}},"168":{"start":{"line":169,"column":0},"end":{"line":169,"column":22}},"170":{"start":{"line":171,"column":0},"end":{"line":171,"column":18}},"173":{"start":{"line":174,"column":0},"end":{"line":174,"column":17}},"174":{"start":{"line":175,"column":0},"end":{"line":175,"column":101}},"175":{"start":{"line":176,"column":0},"end":{"line":176,"column":98}},"176":{"start":{"line":177,"column":0},"end":{"line":177,"column":19}},"177":{"start":{"line":178,"column":0},"end":{"line":178,"column":37}},"178":{"start":{"line":179,"column":0},"end":{"line":179,"column":29}},"179":{"start":{"line":180,"column":0},"end":{"line":180,"column":24}},"180":{"start":{"line":181,"column":0},"end":{"line":181,"column":27}},"181":{"start":{"line":182,"column":0},"end":{"line":182,"column":103}},"182":{"start":{"line":183,"column":0},"end":{"line":183,"column":60}},"183":{"start":{"line":184,"column":0},"end":{"line":184,"column":47}},"184":{"start":{"line":185,"column":0},"end":{"line":185,"column":51}},"185":{"start":{"line":186,"column":0},"end":{"line":186,"column":43}},"186":{"start":{"line":187,"column":0},"end":{"line":187,"column":21}},"187":{"start":{"line":188,"column":0},"end":{"line":188,"column":18}},"189":{"start":{"line":190,"column":0},"end":{"line":190,"column":99}},"191":{"start":{"line":192,"column":0},"end":{"line":192,"column":22}},"193":{"start":{"line":194,"column":0},"end":{"line":194,"column":18}},"194":{"start":{"line":195,"column":0},"end":{"line":195,"column":16}},"195":{"start":{"line":196,"column":0},"end":{"line":196,"column":18}},"196":{"start":{"line":197,"column":0},"end":{"line":197,"column":12}},"197":{"start":{"line":198,"column":0},"end":{"line":198,"column":10}},"199":{"start":{"line":200,"column":0},"end":{"line":200,"column":1}}},"s":{"0":0,"10":0,"11":0,"12":0,"13":0,"14":0,"17":0,"18":0,"19":0,"20":0,"22":0,"23":0,"25":0,"26":0,"27":0,"28":0,"30":0,"31":0,"32":0,"34":0,"35":0,"36":0,"37":0,"38":0,"39":0,"40":0,"41":0,"43":0,"44":0,"45":0,"47":0,"48":0,"49":0,"51":0,"52":0,"55":0,"56":0,"57":0,"58":0,"59":0,"60":0,"62":0,"66":0,"67":0,"68":0,"70":0,"71":0,"72":0,"73":0,"74":0,"75":0,"76":0,"77":0,"78":0,"79":0,"80":0,"81":0,"82":0,"83":0,"84":0,"85":0,"86":0,"87":0,"88":0,"89":0,"90":0,"91":0,"92":0,"93":0,"94":0,"95":0,"97":0,"99":0,"100":0,"101":0,"102":0,"104":0,"105":0,"109":0,"110":0,"111":0,"113":0,"114":0,"115":0,"116":0,"117":0,"118":0,"119":0,"120":0,"121":0,"122":0,"123":0,"124":0,"125":0,"126":0,"127":0,"128":0,"129":0,"130":0,"131":0,"132":0,"133":0,"134":0,"135":0,"139":0,"140":0,"141":0,"142":0,"146":0,"147":0,"148":0,"149":0,"150":0,"151":0,"152":0,"155":0,"156":0,"157":0,"159":0,"160":0,"162":0,"163":0,"164":0,"166":0,"168":0,"170":0,"173":0,"174":0,"175":0,"176":0,"177":0,"178":0,"179":0,"180":0,"181":0,"182":0,"183":0,"184":0,"185":0,"186":0,"187":0,"189":0,"191":0,"193":0,"194":0,"195":0,"196":0,"197":0,"199":0},"branchMap":{"0":{"type":"branch","line":1,"loc":{"start":{"line":1,"column":0},"end":{"line":200,"column":-4436}},"locations":[{"start":{"line":1,"column":0},"end":{"line":200,"column":-4436}}]}},"b":{"0":[0]},"fnMap":{"0":{"name":"(empty-report)","decl":{"start":{"line":1,"column":0},"end":{"line":200,"column":-4436}},"loc":{"start":{"line":1,"column":0},"end":{"line":200,"column":-4436}},"line":1}},"f":{"0":0}}
,"C:\\Users\\daten\\Downloads\\visualizing_lexical_analysis_subsetconstruction\\src\\utils\\helpers.ts": {"path":"C:\\Users\\daten\\Downloads\\visualizing_lexical_analysis_subsetconstruction\\src\\utils\\helpers.ts","all":true,"statementMap":{},"s":{},"branchMap":{"0":{"type":"branch","line":1,"loc":{"start":{"line":1,"column":0},"end":{"line":1,"column":0}},"locations":[{"start":{"line":1,"column":0},"end":{"line":1,"column":0}}]}},"b":{"0":[1]},"fnMap":{"0":{"name":"(empty-report)","decl":{"start":{"line":1,"column":0},"end":{"line":1,"column":0}},"loc":{"start":{"line":1,"column":0},"end":{"line":1,"column":0}},"line":1}},"f":{"0":1}}
}
