{"C:\\Users\\daten\\Downloads\\visualizing_lexical_analysis_subsetconstruction\\dist\\assets\\index-CfW7b1Kc.js": {"path":"C:\\Users\\daten\\Downloads\\visualizing_lexical_analysis_subsetconstruction\\dist\\assets\\index-CfW7b1Kc.js","all":true,"statementMap":{"0":{"start":{"line":1,"column":0},"end":{"line":1,"column":20683}},"1":{"start":{"line":2,"column":0},"end":{"line":2,"column":75}},"2":{"start":{"line":3,"column":0},"end":{"line":3,"column":994}},"3":{"start":{"line":4,"column":0},"end":{"line":4,"column":14}},"4":{"start":{"line":5,"column":0},"end":{"line":5,"column":328}},"5":{"start":{"line":6,"column":0},"end":{"line":6,"column":694}},"6":{"start":{"line":7,"column":0},"end":{"line":7,"column":37}},"7":{"start":{"line":8,"column":0},"end":{"line":8,"column":133629}},"8":{"start":{"line":9,"column":0},"end":{"line":9,"column":39103}},"9":{"start":{"line":10,"column":0},"end":{"line":10,"column":2}},"10":{"start":{"line":11,"column":0},"end":{"line":11,"column":22}},"11":{"start":{"line":12,"column":0},"end":{"line":12,"column":22}},"12":{"start":{"line":13,"column":0},"end":{"line":13,"column":27}},"13":{"start":{"line":14,"column":0},"end":{"line":14,"column":2}},"14":{"start":{"line":15,"column":0},"end":{"line":15,"column":34}},"15":{"start":{"line":16,"column":0},"end":{"line":16,"column":14}},"16":{"start":{"line":17,"column":0},"end":{"line":17,"column":22}},"17":{"start":{"line":18,"column":0},"end":{"line":18,"column":141559}},"18":{"start":{"line":19,"column":0},"end":{"line":19,"column":9291}},"19":{"start":{"line":20,"column":0},"end":{"line":20,"column":7600}}},"s":{"0":0,"1":0,"2":0,"3":0,"4":0,"5":0,"6":0,"7":0,"8":0,"9":0,"10":0,"11":0,"12":0,"13":0,"14":0,"15":0,"16":0,"17":0,"18":0,"19":0},"branchMap":{"0":{"type":"branch","line":1,"loc":{"start":{"line":1,"column":354171},"end":{"line":20,"column":7600}},"locations":[{"start":{"line":1,"column":354171},"end":{"line":20,"column":7600}}]}},"b":{"0":[0]},"fnMap":{"0":{"name":"(empty-report)","decl":{"start":{"line":1,"column":354171},"end":{"line":20,"column":7600}},"loc":{"start":{"line":1,"column":354171},"end":{"line":20,"column":7600}},"line":1}},"f":{"0":0}}
,"C:\\Users\\daten\\Downloads\\visualizing_lexical_analysis_subsetconstruction\\src\\App.tsx": {"path":"C:\\Users\\daten\\Downloads\\visualizing_lexical_analysis_subsetconstruction\\src\\App.tsx","all":true,"statementMap":{"0":{"start":{"line":1,"column":0},"end":{"line":1,"column":32}},"2":{"start":{"line":3,"column":0},"end":{"line":3,"column":31}},"3":{"start":{"line":4,"column":0},"end":{"line":4,"column":18}},"4":{"start":{"line":5,"column":0},"end":{"line":5,"column":1}}},"s":{"0":0,"2":0,"3":0,"4":0},"branchMap":{"0":{"type":"branch","line":1,"loc":{"start":{"line":1,"column":0},"end":{"line":5,"column":-53}},"locations":[{"start":{"line":1,"column":0},"end":{"line":5,"column":-53}}]}},"b":{"0":[0]},"fnMap":{"0":{"name":"(empty-report)","decl":{"start":{"line":1,"column":0},"end":{"line":5,"column":-53}},"loc":{"start":{"line":1,"column":0},"end":{"line":5,"column":-53}},"line":1}},"f":{"0":0}}
,"C:\\Users\\daten\\Downloads\\visualizing_lexical_analysis_subsetconstruction\\src\\main.tsx": {"path":"C:\\Users\\daten\\Downloads\\visualizing_lexical_analysis_subsetconstruction\\src\\main.tsx","all":true,"statementMap":{"0":{"start":{"line":1,"column":0},"end":{"line":1,"column":34}},"1":{"start":{"line":2,"column":0},"end":{"line":2,"column":45}},"2":{"start":{"line":3,"column":0},"end":{"line":3,"column":20}},"3":{"start":{"line":4,"column":0},"end":{"line":4,"column":27}},"5":{"start":{"line":6,"column":0},"end":{"line":6,"column":52}},"6":{"start":{"line":7,"column":0},"end":{"line":7,"column":14}},"7":{"start":{"line":8,"column":0},"end":{"line":8,"column":11}},"8":{"start":{"line":9,"column":0},"end":{"line":9,"column":16}},"9":{"start":{"line":10,"column":0},"end":{"line":10,"column":1}}},"s":{"0":0,"1":0,"2":0,"3":0,"5":0,"6":0,"7":0,"8":0,"9":0},"branchMap":{"0":{"type":"branch","line":1,"loc":{"start":{"line":1,"column":229},"end":{"line":10,"column":1}},"locations":[{"start":{"line":1,"column":229},"end":{"line":10,"column":1}}]}},"b":{"0":[0]},"fnMap":{"0":{"name":"(empty-report)","decl":{"start":{"line":1,"column":229},"end":{"line":10,"column":1}},"loc":{"start":{"line":1,"column":229},"end":{"line":10,"column":1}},"line":1}},"f":{"0":0}}
,"C:\\Users\\daten\\Downloads\\visualizing_lexical_analysis_subsetconstruction\\src\\components\\Controls\\StepControls.tsx": {"path":"C:\\Users\\daten\\Downloads\\visualizing_lexical_analysis_subsetconstruction\\src\\components\\Controls\\StepControls.tsx","all":true,"statementMap":{},"s":{},"branchMap":{"0":{"type":"branch","line":1,"loc":{"start":{"line":1,"column":0},"end":{"line":1,"column":0}},"locations":[{"start":{"line":1,"column":0},"end":{"line":1,"column":0}}]}},"b":{"0":[1]},"fnMap":{"0":{"name":"(empty-report)","decl":{"start":{"line":1,"column":0},"end":{"line":1,"column":0}},"loc":{"start":{"line":1,"column":0},"end":{"line":1,"column":0}},"line":1}},"f":{"0":1}}
,"C:\\Users\\daten\\Downloads\\visualizing_lexical_analysis_subsetconstruction\\src\\components\\FileInput\\DSLInput.test.tsx": {"path":"C:\\Users\\daten\\Downloads\\visualizing_lexical_analysis_subsetconstruction\\src\\components\\FileInput\\DSLInput.test.tsx","all":false,"statementMap":{"0":{"start":{"line":1,"column":0},"end":{"line":1,"column":62}},"1":{"start":{"line":2,"column":0},"end":{"line":2,"column":76}},"2":{"start":{"line":3,"column":0},"end":{"line":3,"column":34}},"4":{"start":{"line":5,"column":0},"end":{"line":5,"column":38}},"5":{"start":{"line":6,"column":0},"end":{"line":6,"column":29}},"6":{"start":{"line":7,"column":0},"end":{"line":7,"column":36}},"8":{"start":{"line":9,"column":0},"end":{"line":9,"column":20}},"9":{"start":{"line":10,"column":0},"end":{"line":10,"column":27}},"10":{"start":{"line":11,"column":0},"end":{"line":11,"column":34}},"11":{"start":{"line":12,"column":0},"end":{"line":12,"column":5}},"13":{"start":{"line":14,"column":0},"end":{"line":14,"column":32}},"14":{"start":{"line":15,"column":0},"end":{"line":15,"column":57}},"15":{"start":{"line":16,"column":0},"end":{"line":16,"column":81}},"17":{"start":{"line":18,"column":0},"end":{"line":18,"column":83}},"18":{"start":{"line":19,"column":0},"end":{"line":19,"column":43}},"19":{"start":{"line":20,"column":0},"end":{"line":20,"column":7}},"21":{"start":{"line":22,"column":0},"end":{"line":22,"column":48}},"22":{"start":{"line":23,"column":0},"end":{"line":23,"column":81}},"24":{"start":{"line":25,"column":0},"end":{"line":25,"column":51}},"25":{"start":{"line":26,"column":0},"end":{"line":26,"column":73}},"27":{"start":{"line":28,"column":0},"end":{"line":28,"column":52}},"28":{"start":{"line":29,"column":0},"end":{"line":29,"column":7}},"30":{"start":{"line":31,"column":0},"end":{"line":31,"column":53}},"31":{"start":{"line":32,"column":0},"end":{"line":32,"column":81}},"33":{"start":{"line":34,"column":0},"end":{"line":34,"column":51}},"34":{"start":{"line":35,"column":0},"end":{"line":35,"column":53}},"35":{"start":{"line":36,"column":0},"end":{"line":36,"column":7}},"36":{"start":{"line":37,"column":0},"end":{"line":37,"column":5}},"38":{"start":{"line":39,"column":0},"end":{"line":39,"column":33}},"39":{"start":{"line":40,"column":0},"end":{"line":40,"column":55}},"40":{"start":{"line":41,"column":0},"end":{"line":41,"column":81}},"42":{"start":{"line":43,"column":0},"end":{"line":43,"column":72}},"43":{"start":{"line":44,"column":0},"end":{"line":44,"column":36}},"44":{"start":{"line":45,"column":0},"end":{"line":45,"column":7}},"46":{"start":{"line":47,"column":0},"end":{"line":47,"column":56}},"47":{"start":{"line":48,"column":0},"end":{"line":48,"column":81}},"49":{"start":{"line":50,"column":0},"end":{"line":50,"column":51}},"50":{"start":{"line":51,"column":0},"end":{"line":51,"column":73}},"52":{"start":{"line":53,"column":0},"end":{"line":53,"column":72}},"53":{"start":{"line":54,"column":0},"end":{"line":54,"column":40}},"54":{"start":{"line":55,"column":0},"end":{"line":55,"column":7}},"56":{"start":{"line":57,"column":0},"end":{"line":57,"column":59}},"57":{"start":{"line":58,"column":0},"end":{"line":58,"column":81}},"59":{"start":{"line":60,"column":0},"end":{"line":60,"column":51}},"60":{"start":{"line":61,"column":0},"end":{"line":61,"column":38}},"61":{"start":{"line":62,"column":0},"end":{"line":62,"column":65}},"63":{"start":{"line":64,"column":0},"end":{"line":64,"column":72}},"64":{"start":{"line":65,"column":0},"end":{"line":65,"column":30}},"66":{"start":{"line":67,"column":0},"end":{"line":67,"column":55}},"67":{"start":{"line":68,"column":0},"end":{"line":68,"column":7}},"69":{"start":{"line":70,"column":0},"end":{"line":70,"column":74}},"70":{"start":{"line":71,"column":0},"end":{"line":71,"column":81}},"72":{"start":{"line":73,"column":0},"end":{"line":73,"column":51}},"73":{"start":{"line":74,"column":0},"end":{"line":74,"column":63}},"75":{"start":{"line":76,"column":0},"end":{"line":76,"column":72}},"76":{"start":{"line":77,"column":0},"end":{"line":77,"column":36}},"77":{"start":{"line":78,"column":0},"end":{"line":78,"column":7}},"79":{"start":{"line":80,"column":0},"end":{"line":80,"column":66}},"80":{"start":{"line":81,"column":0},"end":{"line":81,"column":81}},"82":{"start":{"line":83,"column":0},"end":{"line":83,"column":51}},"83":{"start":{"line":84,"column":0},"end":{"line":84,"column":73}},"85":{"start":{"line":86,"column":0},"end":{"line":86,"column":72}},"86":{"start":{"line":87,"column":0},"end":{"line":87,"column":30}},"88":{"start":{"line":89,"column":0},"end":{"line":89,"column":63}},"89":{"start":{"line":90,"column":0},"end":{"line":90,"column":53}},"90":{"start":{"line":91,"column":0},"end":{"line":91,"column":7}},"91":{"start":{"line":92,"column":0},"end":{"line":92,"column":5}},"93":{"start":{"line":94,"column":0},"end":{"line":94,"column":33}},"94":{"start":{"line":95,"column":0},"end":{"line":95,"column":68}},"95":{"start":{"line":96,"column":0},"end":{"line":96,"column":81}},"98":{"start":{"line":99,"column":0},"end":{"line":99,"column":73}},"99":{"start":{"line":100,"column":0},"end":{"line":100,"column":51}},"100":{"start":{"line":101,"column":0},"end":{"line":101,"column":58}},"101":{"start":{"line":102,"column":0},"end":{"line":102,"column":68}},"102":{"start":{"line":103,"column":0},"end":{"line":103,"column":56}},"103":{"start":{"line":104,"column":0},"end":{"line":104,"column":7}},"105":{"start":{"line":106,"column":0},"end":{"line":106,"column":62}},"106":{"start":{"line":107,"column":0},"end":{"line":107,"column":81}},"108":{"start":{"line":109,"column":0},"end":{"line":109,"column":42}},"109":{"start":{"line":110,"column":0},"end":{"line":110,"column":79}},"111":{"start":{"line":112,"column":0},"end":{"line":112,"column":89}},"113":{"start":{"line":114,"column":0},"end":{"line":114,"column":49}},"114":{"start":{"line":115,"column":0},"end":{"line":115,"column":22}},"115":{"start":{"line":116,"column":0},"end":{"line":116,"column":24}},"116":{"start":{"line":117,"column":0},"end":{"line":117,"column":9}},"118":{"start":{"line":119,"column":0},"end":{"line":119,"column":34}},"120":{"start":{"line":121,"column":0},"end":{"line":121,"column":27}},"121":{"start":{"line":122,"column":0},"end":{"line":122,"column":53}},"122":{"start":{"line":123,"column":0},"end":{"line":123,"column":50}},"123":{"start":{"line":124,"column":0},"end":{"line":124,"column":9}},"124":{"start":{"line":125,"column":0},"end":{"line":125,"column":7}},"126":{"start":{"line":127,"column":0},"end":{"line":127,"column":64}},"127":{"start":{"line":128,"column":0},"end":{"line":128,"column":81}},"129":{"start":{"line":130,"column":0},"end":{"line":130,"column":39}},"132":{"start":{"line":133,"column":0},"end":{"line":133,"column":79}},"134":{"start":{"line":135,"column":0},"end":{"line":135,"column":89}},"136":{"start":{"line":137,"column":0},"end":{"line":137,"column":49}},"137":{"start":{"line":138,"column":0},"end":{"line":138,"column":22}},"138":{"start":{"line":139,"column":0},"end":{"line":139,"column":24}},"139":{"start":{"line":140,"column":0},"end":{"line":140,"column":9}},"141":{"start":{"line":142,"column":0},"end":{"line":142,"column":34}},"143":{"start":{"line":144,"column":0},"end":{"line":144,"column":27}},"144":{"start":{"line":145,"column":0},"end":{"line":145,"column":53}},"145":{"start":{"line":146,"column":0},"end":{"line":146,"column":50}},"146":{"start":{"line":147,"column":0},"end":{"line":147,"column":9}},"147":{"start":{"line":148,"column":0},"end":{"line":148,"column":7}},"149":{"start":{"line":150,"column":0},"end":{"line":150,"column":54}},"150":{"start":{"line":151,"column":0},"end":{"line":151,"column":81}},"153":{"start":{"line":154,"column":0},"end":{"line":154,"column":72}},"154":{"start":{"line":155,"column":0},"end":{"line":155,"column":81}},"156":{"start":{"line":157,"column":0},"end":{"line":157,"column":89}},"158":{"start":{"line":159,"column":0},"end":{"line":159,"column":49}},"159":{"start":{"line":160,"column":0},"end":{"line":160,"column":22}},"160":{"start":{"line":161,"column":0},"end":{"line":161,"column":24}},"161":{"start":{"line":162,"column":0},"end":{"line":162,"column":9}},"163":{"start":{"line":164,"column":0},"end":{"line":164,"column":34}},"165":{"start":{"line":166,"column":0},"end":{"line":166,"column":54}},"166":{"start":{"line":167,"column":0},"end":{"line":167,"column":23}},"167":{"start":{"line":168,"column":0},"end":{"line":168,"column":60}},"168":{"start":{"line":169,"column":0},"end":{"line":169,"column":9}},"169":{"start":{"line":170,"column":0},"end":{"line":170,"column":7}},"171":{"start":{"line":172,"column":0},"end":{"line":172,"column":54}},"172":{"start":{"line":173,"column":0},"end":{"line":173,"column":81}},"175":{"start":{"line":176,"column":0},"end":{"line":176,"column":60}},"176":{"start":{"line":177,"column":0},"end":{"line":177,"column":79}},"178":{"start":{"line":179,"column":0},"end":{"line":179,"column":89}},"180":{"start":{"line":181,"column":0},"end":{"line":181,"column":49}},"181":{"start":{"line":182,"column":0},"end":{"line":182,"column":22}},"182":{"start":{"line":183,"column":0},"end":{"line":183,"column":24}},"183":{"start":{"line":184,"column":0},"end":{"line":184,"column":9}},"185":{"start":{"line":186,"column":0},"end":{"line":186,"column":34}},"187":{"start":{"line":188,"column":0},"end":{"line":188,"column":27}},"188":{"start":{"line":189,"column":0},"end":{"line":189,"column":53}},"189":{"start":{"line":190,"column":0},"end":{"line":190,"column":46}},"190":{"start":{"line":191,"column":0},"end":{"line":191,"column":9}},"192":{"start":{"line":193,"column":0},"end":{"line":193,"column":57}},"193":{"start":{"line":194,"column":0},"end":{"line":194,"column":51}},"194":{"start":{"line":195,"column":0},"end":{"line":195,"column":8}},"195":{"start":{"line":196,"column":0},"end":{"line":196,"column":7}},"196":{"start":{"line":197,"column":0},"end":{"line":197,"column":5}},"198":{"start":{"line":199,"column":0},"end":{"line":199,"column":39}},"199":{"start":{"line":200,"column":0},"end":{"line":200,"column":48}},"200":{"start":{"line":201,"column":0},"end":{"line":201,"column":81}},"202":{"start":{"line":203,"column":0},"end":{"line":203,"column":50}},"203":{"start":{"line":204,"column":0},"end":{"line":204,"column":41}},"204":{"start":{"line":205,"column":0},"end":{"line":205,"column":7}},"206":{"start":{"line":207,"column":0},"end":{"line":207,"column":56}},"207":{"start":{"line":208,"column":0},"end":{"line":208,"column":81}},"209":{"start":{"line":210,"column":0},"end":{"line":210,"column":50}},"210":{"start":{"line":211,"column":0},"end":{"line":211,"column":75}},"212":{"start":{"line":213,"column":0},"end":{"line":213,"column":48}},"213":{"start":{"line":214,"column":0},"end":{"line":214,"column":37}},"214":{"start":{"line":215,"column":0},"end":{"line":215,"column":7}},"216":{"start":{"line":217,"column":0},"end":{"line":217,"column":44}},"217":{"start":{"line":218,"column":0},"end":{"line":218,"column":81}},"219":{"start":{"line":220,"column":0},"end":{"line":220,"column":74}},"220":{"start":{"line":221,"column":0},"end":{"line":221,"column":7}},"222":{"start":{"line":223,"column":0},"end":{"line":223,"column":62}},"223":{"start":{"line":224,"column":0},"end":{"line":224,"column":32}},"224":{"start":{"line":225,"column":0},"end":{"line":225,"column":25}},"225":{"start":{"line":226,"column":0},"end":{"line":226,"column":19}},"226":{"start":{"line":227,"column":0},"end":{"line":227,"column":55}},"227":{"start":{"line":228,"column":0},"end":{"line":228,"column":22}},"228":{"start":{"line":229,"column":0},"end":{"line":229,"column":35}},"230":{"start":{"line":231,"column":0},"end":{"line":231,"column":81}},"232":{"start":{"line":233,"column":0},"end":{"line":233,"column":50}},"233":{"start":{"line":234,"column":0},"end":{"line":234,"column":69}},"235":{"start":{"line":236,"column":0},"end":{"line":236,"column":27}},"236":{"start":{"line":237,"column":0},"end":{"line":237,"column":53}},"237":{"start":{"line":238,"column":0},"end":{"line":238,"column":54}},"238":{"start":{"line":239,"column":0},"end":{"line":239,"column":9}},"240":{"start":{"line":241,"column":0},"end":{"line":241,"column":77}},"241":{"start":{"line":242,"column":0},"end":{"line":242,"column":7}},"243":{"start":{"line":244,"column":0},"end":{"line":244,"column":59}},"244":{"start":{"line":245,"column":0},"end":{"line":245,"column":32}},"245":{"start":{"line":246,"column":0},"end":{"line":246,"column":34}},"246":{"start":{"line":247,"column":0},"end":{"line":247,"column":28}},"247":{"start":{"line":248,"column":0},"end":{"line":248,"column":21}},"248":{"start":{"line":249,"column":0},"end":{"line":249,"column":23}},"249":{"start":{"line":250,"column":0},"end":{"line":250,"column":59}},"250":{"start":{"line":251,"column":0},"end":{"line":251,"column":27}},"251":{"start":{"line":252,"column":0},"end":{"line":252,"column":18}},"252":{"start":{"line":253,"column":0},"end":{"line":253,"column":10}},"253":{"start":{"line":254,"column":0},"end":{"line":254,"column":35}},"255":{"start":{"line":256,"column":0},"end":{"line":256,"column":81}},"257":{"start":{"line":258,"column":0},"end":{"line":258,"column":50}},"258":{"start":{"line":259,"column":0},"end":{"line":259,"column":69}},"260":{"start":{"line":261,"column":0},"end":{"line":261,"column":36}},"262":{"start":{"line":263,"column":0},"end":{"line":263,"column":27}},"263":{"start":{"line":264,"column":0},"end":{"line":264,"column":42}},"264":{"start":{"line":265,"column":0},"end":{"line":265,"column":27}},"265":{"start":{"line":266,"column":0},"end":{"line":266,"column":7}},"267":{"start":{"line":268,"column":0},"end":{"line":268,"column":66}},"268":{"start":{"line":269,"column":0},"end":{"line":269,"column":32}},"269":{"start":{"line":270,"column":0},"end":{"line":270,"column":25}},"270":{"start":{"line":271,"column":0},"end":{"line":271,"column":19}},"271":{"start":{"line":272,"column":0},"end":{"line":272,"column":55}},"272":{"start":{"line":273,"column":0},"end":{"line":273,"column":22}},"273":{"start":{"line":274,"column":0},"end":{"line":274,"column":35}},"275":{"start":{"line":276,"column":0},"end":{"line":276,"column":81}},"277":{"start":{"line":278,"column":0},"end":{"line":278,"column":50}},"278":{"start":{"line":279,"column":0},"end":{"line":279,"column":69}},"280":{"start":{"line":281,"column":0},"end":{"line":281,"column":27}},"281":{"start":{"line":282,"column":0},"end":{"line":282,"column":50}},"282":{"start":{"line":283,"column":0},"end":{"line":283,"column":9}},"283":{"start":{"line":284,"column":0},"end":{"line":284,"column":7}},"284":{"start":{"line":285,"column":0},"end":{"line":285,"column":5}},"286":{"start":{"line":287,"column":0},"end":{"line":287,"column":34}},"287":{"start":{"line":288,"column":0},"end":{"line":288,"column":54}},"288":{"start":{"line":289,"column":0},"end":{"line":289,"column":81}},"290":{"start":{"line":291,"column":0},"end":{"line":291,"column":82}},"291":{"start":{"line":292,"column":0},"end":{"line":292,"column":7}},"293":{"start":{"line":294,"column":0},"end":{"line":294,"column":44}},"294":{"start":{"line":295,"column":0},"end":{"line":295,"column":81}},"296":{"start":{"line":297,"column":0},"end":{"line":297,"column":73}},"297":{"start":{"line":298,"column":0},"end":{"line":298,"column":74}},"298":{"start":{"line":299,"column":0},"end":{"line":299,"column":7}},"300":{"start":{"line":301,"column":0},"end":{"line":301,"column":52}},"301":{"start":{"line":302,"column":0},"end":{"line":302,"column":81}},"303":{"start":{"line":304,"column":0},"end":{"line":304,"column":51}},"304":{"start":{"line":305,"column":0},"end":{"line":305,"column":48}},"305":{"start":{"line":306,"column":0},"end":{"line":306,"column":7}},"306":{"start":{"line":307,"column":0},"end":{"line":307,"column":5}},"308":{"start":{"line":309,"column":0},"end":{"line":309,"column":42}},"309":{"start":{"line":310,"column":0},"end":{"line":310,"column":76}},"310":{"start":{"line":311,"column":0},"end":{"line":311,"column":32}},"311":{"start":{"line":312,"column":0},"end":{"line":312,"column":25}},"312":{"start":{"line":313,"column":0},"end":{"line":313,"column":19}},"313":{"start":{"line":314,"column":0},"end":{"line":314,"column":55}},"314":{"start":{"line":315,"column":0},"end":{"line":315,"column":22}},"315":{"start":{"line":316,"column":0},"end":{"line":316,"column":35}},"317":{"start":{"line":318,"column":0},"end":{"line":318,"column":81}},"319":{"start":{"line":320,"column":0},"end":{"line":320,"column":51}},"320":{"start":{"line":321,"column":0},"end":{"line":321,"column":71}},"322":{"start":{"line":323,"column":0},"end":{"line":323,"column":50}},"323":{"start":{"line":324,"column":0},"end":{"line":324,"column":69}},"325":{"start":{"line":326,"column":0},"end":{"line":326,"column":27}},"326":{"start":{"line":327,"column":0},"end":{"line":327,"column":54}},"327":{"start":{"line":328,"column":0},"end":{"line":328,"column":9}},"328":{"start":{"line":329,"column":0},"end":{"line":329,"column":7}},"330":{"start":{"line":331,"column":0},"end":{"line":331,"column":62}},"331":{"start":{"line":332,"column":0},"end":{"line":332,"column":81}},"333":{"start":{"line":334,"column":0},"end":{"line":334,"column":42}},"334":{"start":{"line":335,"column":0},"end":{"line":335,"column":79}},"336":{"start":{"line":337,"column":0},"end":{"line":337,"column":89}},"338":{"start":{"line":339,"column":0},"end":{"line":339,"column":49}},"339":{"start":{"line":340,"column":0},"end":{"line":340,"column":22}},"340":{"start":{"line":341,"column":0},"end":{"line":341,"column":24}},"341":{"start":{"line":342,"column":0},"end":{"line":342,"column":9}},"343":{"start":{"line":344,"column":0},"end":{"line":344,"column":34}},"345":{"start":{"line":346,"column":0},"end":{"line":346,"column":27}},"346":{"start":{"line":347,"column":0},"end":{"line":347,"column":53}},"347":{"start":{"line":348,"column":0},"end":{"line":348,"column":50}},"348":{"start":{"line":349,"column":0},"end":{"line":349,"column":9}},"350":{"start":{"line":351,"column":0},"end":{"line":351,"column":72}},"351":{"start":{"line":352,"column":0},"end":{"line":352,"column":30}},"353":{"start":{"line":354,"column":0},"end":{"line":354,"column":59}},"354":{"start":{"line":355,"column":0},"end":{"line":355,"column":7}},"355":{"start":{"line":356,"column":0},"end":{"line":356,"column":5}},"356":{"start":{"line":357,"column":0},"end":{"line":357,"column":3}}},"s":{"0":1,"1":1,"2":1,"4":1,"5":1,"6":1,"8":1,"9":24,"10":24,"11":1,"13":1,"14":1,"15":1,"17":1,"18":1,"19":1,"21":1,"22":1,"24":1,"25":1,"27":1,"28":1,"30":1,"31":1,"33":1,"34":1,"35":1,"36":1,"38":1,"39":1,"40":1,"42":1,"43":1,"44":1,"46":1,"47":1,"49":1,"50":1,"52":1,"53":1,"54":1,"56":1,"57":1,"59":1,"60":1,"61":1,"63":1,"64":1,"66":1,"67":1,"69":1,"70":1,"72":1,"73":1,"75":1,"76":1,"77":1,"79":1,"80":1,"82":1,"83":1,"85":1,"86":1,"88":1,"89":1,"90":1,"91":1,"93":1,"94":1,"95":1,"98":1,"99":1,"100":1,"101":1,"102":1,"103":1,"105":1,"106":1,"108":1,"109":1,"111":1,"113":1,"114":1,"115":1,"116":1,"118":1,"120":1,"121":2,"122":2,"123":1,"124":1,"126":1,"127":1,"129":1,"132":1,"134":1,"136":1,"137":1,"138":1,"139":1,"141":1,"143":1,"144":2,"145":2,"146":1,"147":1,"149":1,"150":1,"153":1,"154":1,"156":1,"158":1,"159":1,"160":1,"161":1,"163":1,"165":1,"166":1,"167":1,"168":1,"169":1,"171":1,"172":1,"175":1,"176":1,"178":1,"180":1,"181":1,"182":1,"183":1,"185":1,"187":1,"188":2,"189":2,"190":1,"192":1,"193":1,"194":1,"195":1,"196":1,"198":1,"199":1,"200":1,"202":1,"203":1,"204":1,"206":1,"207":1,"209":1,"210":1,"212":1,"213":1,"214":1,"216":1,"217":1,"219":1,"220":1,"222":1,"223":1,"224":1,"225":1,"226":1,"227":1,"228":1,"230":1,"232":1,"233":1,"235":1,"236":2,"237":2,"238":1,"240":1,"241":1,"243":1,"244":1,"245":1,"246":1,"247":1,"248":1,"249":1,"250":1,"251":1,"252":1,"253":1,"255":1,"257":1,"258":1,"260":1,"262":1,"263":3,"264":1,"265":1,"267":1,"268":1,"269":1,"270":1,"271":1,"272":1,"273":1,"275":1,"277":1,"278":1,"280":1,"281":1,"282":1,"283":1,"284":1,"286":1,"287":1,"288":1,"290":1,"291":1,"293":1,"294":1,"296":1,"297":1,"298":1,"300":1,"301":1,"303":1,"304":1,"305":1,"306":1,"308":1,"309":1,"310":1,"311":1,"312":1,"313":1,"314":1,"315":1,"317":1,"319":1,"320":1,"322":1,"323":1,"325":1,"326":2,"327":1,"328":1,"330":1,"331":1,"333":1,"334":1,"336":1,"338":1,"339":1,"340":1,"341":1,"343":1,"345":1,"346":2,"347":2,"348":1,"350":1,"351":1,"353":1,"354":1,"355":1,"356":1},"branchMap":{"0":{"type":"branch","line":5,"loc":{"start":{"line":5,"column":31},"end":{"line":357,"column":3}},"locations":[{"start":{"line":5,"column":31},"end":{"line":357,"column":3}}]},"1":{"type":"branch","line":9,"loc":{"start":{"line":9,"column":13},"end":{"line":12,"column":3}},"locations":[{"start":{"line":9,"column":13},"end":{"line":12,"column":3}}]},"2":{"type":"branch","line":14,"loc":{"start":{"line":14,"column":25},"end":{"line":37,"column":3}},"locations":[{"start":{"line":14,"column":25},"end":{"line":37,"column":3}}]},"3":{"type":"branch","line":15,"loc":{"start":{"line":15,"column":50},"end":{"line":20,"column":5}},"locations":[{"start":{"line":15,"column":50},"end":{"line":20,"column":5}}]},"4":{"type":"branch","line":22,"loc":{"start":{"line":22,"column":41},"end":{"line":29,"column":5}},"locations":[{"start":{"line":22,"column":41},"end":{"line":29,"column":5}}]},"5":{"type":"branch","line":31,"loc":{"start":{"line":31,"column":46},"end":{"line":36,"column":5}},"locations":[{"start":{"line":31,"column":46},"end":{"line":36,"column":5}}]},"6":{"type":"branch","line":39,"loc":{"start":{"line":39,"column":26},"end":{"line":92,"column":3}},"locations":[{"start":{"line":39,"column":26},"end":{"line":92,"column":3}}]},"7":{"type":"branch","line":40,"loc":{"start":{"line":40,"column":48},"end":{"line":45,"column":5}},"locations":[{"start":{"line":40,"column":48},"end":{"line":45,"column":5}}]},"8":{"type":"branch","line":47,"loc":{"start":{"line":47,"column":49},"end":{"line":55,"column":5}},"locations":[{"start":{"line":47,"column":49},"end":{"line":55,"column":5}}]},"9":{"type":"branch","line":57,"loc":{"start":{"line":57,"column":52},"end":{"line":68,"column":5}},"locations":[{"start":{"line":57,"column":52},"end":{"line":68,"column":5}}]},"10":{"type":"branch","line":70,"loc":{"start":{"line":70,"column":67},"end":{"line":78,"column":5}},"locations":[{"start":{"line":70,"column":67},"end":{"line":78,"column":5}}]},"11":{"type":"branch","line":80,"loc":{"start":{"line":80,"column":59},"end":{"line":91,"column":5}},"locations":[{"start":{"line":80,"column":59},"end":{"line":91,"column":5}}]},"12":{"type":"branch","line":94,"loc":{"start":{"line":94,"column":26},"end":{"line":197,"column":3}},"locations":[{"start":{"line":94,"column":26},"end":{"line":197,"column":3}}]},"13":{"type":"branch","line":95,"loc":{"start":{"line":95,"column":61},"end":{"line":104,"column":5}},"locations":[{"start":{"line":95,"column":61},"end":{"line":104,"column":5}}]},"14":{"type":"branch","line":106,"loc":{"start":{"line":106,"column":49},"end":{"line":125,"column":5}},"locations":[{"start":{"line":106,"column":49},"end":{"line":125,"column":5}}]},"15":{"type":"branch","line":121,"loc":{"start":{"line":121,"column":20},"end":{"line":124,"column":7}},"locations":[{"start":{"line":121,"column":20},"end":{"line":124,"column":7}}]},"16":{"type":"branch","line":127,"loc":{"start":{"line":127,"column":51},"end":{"line":148,"column":5}},"locations":[{"start":{"line":127,"column":51},"end":{"line":148,"column":5}}]},"17":{"type":"branch","line":144,"loc":{"start":{"line":144,"column":20},"end":{"line":147,"column":7}},"locations":[{"start":{"line":144,"column":20},"end":{"line":147,"column":7}}]},"18":{"type":"branch","line":150,"loc":{"start":{"line":150,"column":47},"end":{"line":170,"column":5}},"locations":[{"start":{"line":150,"column":47},"end":{"line":170,"column":5}}]},"19":{"type":"branch","line":172,"loc":{"start":{"line":172,"column":41},"end":{"line":196,"column":5}},"locations":[{"start":{"line":172,"column":41},"end":{"line":196,"column":5}}]},"20":{"type":"branch","line":188,"loc":{"start":{"line":188,"column":20},"end":{"line":191,"column":7}},"locations":[{"start":{"line":188,"column":20},"end":{"line":191,"column":7}}]},"21":{"type":"branch","line":199,"loc":{"start":{"line":199,"column":32},"end":{"line":285,"column":3}},"locations":[{"start":{"line":199,"column":32},"end":{"line":285,"column":3}}]},"22":{"type":"branch","line":200,"loc":{"start":{"line":200,"column":41},"end":{"line":205,"column":5}},"locations":[{"start":{"line":200,"column":41},"end":{"line":205,"column":5}}]},"23":{"type":"branch","line":207,"loc":{"start":{"line":207,"column":49},"end":{"line":215,"column":5}},"locations":[{"start":{"line":207,"column":49},"end":{"line":215,"column":5}}]},"24":{"type":"branch","line":217,"loc":{"start":{"line":217,"column":37},"end":{"line":221,"column":5}},"locations":[{"start":{"line":217,"column":37},"end":{"line":221,"column":5}}]},"25":{"type":"branch","line":223,"loc":{"start":{"line":223,"column":49},"end":{"line":242,"column":5}},"locations":[{"start":{"line":223,"column":49},"end":{"line":242,"column":5}}]},"26":{"type":"branch","line":224,"loc":{"start":{"line":224,"column":27},"end":{"line":228,"column":22}},"locations":[{"start":{"line":224,"column":27},"end":{"line":228,"column":22}}]},"27":{"type":"branch","line":227,"loc":{"start":{"line":227,"column":16},"end":{"line":227,"column":55}},"locations":[{"start":{"line":227,"column":16},"end":{"line":227,"column":55}}]},"28":{"type":"branch","line":236,"loc":{"start":{"line":236,"column":20},"end":{"line":239,"column":7}},"locations":[{"start":{"line":236,"column":20},"end":{"line":239,"column":7}}]},"29":{"type":"branch","line":244,"loc":{"start":{"line":244,"column":46},"end":{"line":266,"column":5}},"locations":[{"start":{"line":244,"column":46},"end":{"line":266,"column":5}}]},"30":{"type":"branch","line":245,"loc":{"start":{"line":245,"column":27},"end":{"line":253,"column":10}},"locations":[{"start":{"line":245,"column":27},"end":{"line":253,"column":10}}]},"31":{"type":"branch","line":246,"loc":{"start":{"line":246,"column":20},"end":{"line":253,"column":9}},"locations":[{"start":{"line":246,"column":20},"end":{"line":253,"column":9}}]},"32":{"type":"branch","line":247,"loc":{"start":{"line":247,"column":21},"end":{"line":252,"column":13}},"locations":[{"start":{"line":247,"column":21},"end":{"line":252,"column":13}}]},"33":{"type":"branch","line":250,"loc":{"start":{"line":250,"column":20},"end":{"line":250,"column":59}},"locations":[{"start":{"line":250,"column":20},"end":{"line":250,"column":59}}]},"34":{"type":"branch","line":263,"loc":{"start":{"line":263,"column":20},"end":{"line":265,"column":9}},"locations":[{"start":{"line":263,"column":20},"end":{"line":265,"column":9}}]},"35":{"type":"branch","line":268,"loc":{"start":{"line":268,"column":53},"end":{"line":284,"column":5}},"locations":[{"start":{"line":268,"column":53},"end":{"line":284,"column":5}}]},"36":{"type":"branch","line":269,"loc":{"start":{"line":269,"column":27},"end":{"line":273,"column":22}},"locations":[{"start":{"line":269,"column":27},"end":{"line":273,"column":22}}]},"37":{"type":"branch","line":272,"loc":{"start":{"line":272,"column":16},"end":{"line":272,"column":55}},"locations":[{"start":{"line":272,"column":16},"end":{"line":272,"column":55}}]},"38":{"type":"branch","line":281,"loc":{"start":{"line":281,"column":20},"end":{"line":283,"column":7}},"locations":[{"start":{"line":281,"column":20},"end":{"line":283,"column":7}}]},"39":{"type":"branch","line":287,"loc":{"start":{"line":287,"column":27},"end":{"line":307,"column":3}},"locations":[{"start":{"line":287,"column":27},"end":{"line":307,"column":3}}]},"40":{"type":"branch","line":288,"loc":{"start":{"line":288,"column":47},"end":{"line":292,"column":5}},"locations":[{"start":{"line":288,"column":47},"end":{"line":292,"column":5}}]},"41":{"type":"branch","line":294,"loc":{"start":{"line":294,"column":37},"end":{"line":299,"column":5}},"locations":[{"start":{"line":294,"column":37},"end":{"line":299,"column":5}}]},"42":{"type":"branch","line":301,"loc":{"start":{"line":301,"column":45},"end":{"line":306,"column":5}},"locations":[{"start":{"line":301,"column":45},"end":{"line":306,"column":5}}]},"43":{"type":"branch","line":309,"loc":{"start":{"line":309,"column":35},"end":{"line":356,"column":3}},"locations":[{"start":{"line":309,"column":35},"end":{"line":356,"column":3}}]},"44":{"type":"branch","line":310,"loc":{"start":{"line":310,"column":63},"end":{"line":329,"column":5}},"locations":[{"start":{"line":310,"column":63},"end":{"line":329,"column":5}}]},"45":{"type":"branch","line":311,"loc":{"start":{"line":311,"column":27},"end":{"line":315,"column":22}},"locations":[{"start":{"line":311,"column":27},"end":{"line":315,"column":22}}]},"46":{"type":"branch","line":314,"loc":{"start":{"line":314,"column":16},"end":{"line":314,"column":55}},"locations":[{"start":{"line":314,"column":16},"end":{"line":314,"column":55}}]},"47":{"type":"branch","line":326,"loc":{"start":{"line":326,"column":20},"end":{"line":328,"column":7}},"locations":[{"start":{"line":326,"column":20},"end":{"line":328,"column":7}}]},"48":{"type":"branch","line":331,"loc":{"start":{"line":331,"column":49},"end":{"line":355,"column":5}},"locations":[{"start":{"line":331,"column":49},"end":{"line":355,"column":5}}]},"49":{"type":"branch","line":346,"loc":{"start":{"line":346,"column":20},"end":{"line":349,"column":7}},"locations":[{"start":{"line":346,"column":20},"end":{"line":349,"column":7}}]}},"b":{"0":[1],"1":[24],"2":[1],"3":[1],"4":[1],"5":[1],"6":[1],"7":[1],"8":[1],"9":[1],"10":[1],"11":[1],"12":[1],"13":[1],"14":[1],"15":[2],"16":[1],"17":[2],"18":[1],"19":[1],"20":[2],"21":[1],"22":[1],"23":[1],"24":[1],"25":[1],"26":[1],"27":[1],"28":[2],"29":[1],"30":[1],"31":[1],"32":[1],"33":[1],"34":[3],"35":[1],"36":[1],"37":[1],"38":[1],"39":[1],"40":[1],"41":[1],"42":[1],"43":[1],"44":[1],"45":[1],"46":[1],"47":[2],"48":[1],"49":[2]},"fnMap":{"0":{"name":"text","decl":{"start":{"line":227,"column":16},"end":{"line":227,"column":55}},"loc":{"start":{"line":227,"column":16},"end":{"line":227,"column":55}},"line":227},"1":{"name":"text","decl":{"start":{"line":250,"column":20},"end":{"line":250,"column":59}},"loc":{"start":{"line":250,"column":20},"end":{"line":250,"column":59}},"line":250},"2":{"name":"__vite_ssr_import_2__.waitFor.timeout","decl":{"start":{"line":263,"column":20},"end":{"line":265,"column":9}},"loc":{"start":{"line":263,"column":20},"end":{"line":265,"column":9}},"line":263},"3":{"name":"text","decl":{"start":{"line":272,"column":16},"end":{"line":272,"column":55}},"loc":{"start":{"line":272,"column":16},"end":{"line":272,"column":55}},"line":272},"4":{"name":"text","decl":{"start":{"line":314,"column":16},"end":{"line":314,"column":55}},"loc":{"start":{"line":314,"column":16},"end":{"line":314,"column":55}},"line":314}},"f":{"0":1,"1":1,"2":3,"3":1,"4":1}}
,"C:\\Users\\daten\\Downloads\\visualizing_lexical_analysis_subsetconstruction\\src\\components\\FileInput\\DSLInput.tsx": {"path":"C:\\Users\\daten\\Downloads\\visualizing_lexical_analysis_subsetconstruction\\src\\components\\FileInput\\DSLInput.tsx","all":false,"statementMap":{"0":{"start":{"line":1,"column":0},"end":{"line":1,"column":33}},"8":{"start":{"line":9,"column":0},"end":{"line":9,"column":23}},"9":{"start":{"line":10,"column":0},"end":{"line":10,"column":53}},"10":{"start":{"line":11,"column":0},"end":{"line":11,"column":57}},"11":{"start":{"line":12,"column":0},"end":{"line":12,"column":2}},"13":{"start":{"line":14,"column":0},"end":{"line":14,"column":68}},"14":{"start":{"line":15,"column":0},"end":{"line":15,"column":39}},"15":{"start":{"line":16,"column":0},"end":{"line":16,"column":52}},"16":{"start":{"line":17,"column":0},"end":{"line":17,"column":61}},"18":{"start":{"line":19,"column":0},"end":{"line":19,"column":34}},"19":{"start":{"line":20,"column":0},"end":{"line":20,"column":23}},"20":{"start":{"line":21,"column":0},"end":{"line":21,"column":21}},"21":{"start":{"line":22,"column":0},"end":{"line":22,"column":23}},"22":{"start":{"line":23,"column":0},"end":{"line":23,"column":56}},"23":{"start":{"line":24,"column":0},"end":{"line":24,"column":9}},"24":{"start":{"line":25,"column":0},"end":{"line":25,"column":13}},"25":{"start":{"line":26,"column":0},"end":{"line":26,"column":5}},"27":{"start":{"line":28,"column":0},"end":{"line":28,"column":23}},"28":{"start":{"line":29,"column":0},"end":{"line":29,"column":9}},"29":{"start":{"line":30,"column":0},"end":{"line":30,"column":19}},"30":{"start":{"line":31,"column":0},"end":{"line":31,"column":15}},"31":{"start":{"line":32,"column":0},"end":{"line":32,"column":26}},"32":{"start":{"line":33,"column":0},"end":{"line":33,"column":5}},"33":{"start":{"line":34,"column":0},"end":{"line":34,"column":4}},"35":{"start":{"line":36,"column":0},"end":{"line":36,"column":76}},"36":{"start":{"line":37,"column":0},"end":{"line":37,"column":41}},"37":{"start":{"line":38,"column":0},"end":{"line":38,"column":22}},"40":{"start":{"line":41,"column":0},"end":{"line":41,"column":49}},"41":{"start":{"line":42,"column":0},"end":{"line":42,"column":30}},"42":{"start":{"line":43,"column":0},"end":{"line":43,"column":21}},"43":{"start":{"line":44,"column":0},"end":{"line":44,"column":23}},"44":{"start":{"line":45,"column":0},"end":{"line":45,"column":101}},"45":{"start":{"line":46,"column":0},"end":{"line":46,"column":9}},"46":{"start":{"line":47,"column":0},"end":{"line":47,"column":13}},"47":{"start":{"line":48,"column":0},"end":{"line":48,"column":5}},"49":{"start":{"line":50,"column":0},"end":{"line":50,"column":36}},"50":{"start":{"line":51,"column":0},"end":{"line":51,"column":28}},"51":{"start":{"line":52,"column":0},"end":{"line":52,"column":49}},"52":{"start":{"line":53,"column":0},"end":{"line":53,"column":23}},"53":{"start":{"line":54,"column":0},"end":{"line":54,"column":6}},"54":{"start":{"line":55,"column":0},"end":{"line":55,"column":28}},"55":{"start":{"line":56,"column":0},"end":{"line":56,"column":21}},"56":{"start":{"line":57,"column":0},"end":{"line":57,"column":23}},"57":{"start":{"line":58,"column":0},"end":{"line":58,"column":44}},"58":{"start":{"line":59,"column":0},"end":{"line":59,"column":9}},"59":{"start":{"line":60,"column":0},"end":{"line":60,"column":6}},"60":{"start":{"line":61,"column":0},"end":{"line":61,"column":28}},"61":{"start":{"line":62,"column":0},"end":{"line":62,"column":4}},"63":{"start":{"line":64,"column":0},"end":{"line":64,"column":86}},"64":{"start":{"line":65,"column":0},"end":{"line":65,"column":37}},"65":{"start":{"line":66,"column":0},"end":{"line":66,"column":30}},"67":{"start":{"line":68,"column":0},"end":{"line":68,"column":17}},"68":{"start":{"line":69,"column":0},"end":{"line":69,"column":13}},"69":{"start":{"line":70,"column":0},"end":{"line":70,"column":5}},"71":{"start":{"line":72,"column":0},"end":{"line":72,"column":23}},"72":{"start":{"line":73,"column":0},"end":{"line":73,"column":9}},"73":{"start":{"line":74,"column":0},"end":{"line":74,"column":61}},"74":{"start":{"line":75,"column":0},"end":{"line":75,"column":25}},"75":{"start":{"line":76,"column":0},"end":{"line":76,"column":74}},"76":{"start":{"line":77,"column":0},"end":{"line":77,"column":7}},"77":{"start":{"line":78,"column":0},"end":{"line":78,"column":44}},"78":{"start":{"line":79,"column":0},"end":{"line":79,"column":23}},"79":{"start":{"line":80,"column":0},"end":{"line":80,"column":21}},"80":{"start":{"line":81,"column":0},"end":{"line":81,"column":21}},"81":{"start":{"line":82,"column":0},"end":{"line":82,"column":23}},"82":{"start":{"line":83,"column":0},"end":{"line":83,"column":107}},"83":{"start":{"line":84,"column":0},"end":{"line":84,"column":9}},"84":{"start":{"line":85,"column":0},"end":{"line":85,"column":15}},"85":{"start":{"line":86,"column":0},"end":{"line":86,"column":26}},"86":{"start":{"line":87,"column":0},"end":{"line":87,"column":5}},"87":{"start":{"line":88,"column":0},"end":{"line":88,"column":4}},"89":{"start":{"line":90,"column":0},"end":{"line":90,"column":10}},"90":{"start":{"line":91,"column":0},"end":{"line":91,"column":50}},"91":{"start":{"line":92,"column":0},"end":{"line":92,"column":11}},"92":{"start":{"line":93,"column":0},"end":{"line":93,"column":58}},"94":{"start":{"line":95,"column":0},"end":{"line":95,"column":16}},"95":{"start":{"line":96,"column":0},"end":{"line":96,"column":17}},"96":{"start":{"line":97,"column":0},"end":{"line":97,"column":70}},"97":{"start":{"line":98,"column":0},"end":{"line":98,"column":22}},"98":{"start":{"line":99,"column":0},"end":{"line":99,"column":51}},"99":{"start":{"line":100,"column":0},"end":{"line":100,"column":54}},"109":{"start":{"line":110,"column":0},"end":{"line":110,"column":10}},"110":{"start":{"line":111,"column":0},"end":{"line":111,"column":12}},"112":{"start":{"line":113,"column":0},"end":{"line":113,"column":61}},"113":{"start":{"line":114,"column":0},"end":{"line":114,"column":81}},"114":{"start":{"line":115,"column":0},"end":{"line":115,"column":76}},"116":{"start":{"line":117,"column":0},"end":{"line":117,"column":18}},"117":{"start":{"line":118,"column":0},"end":{"line":118,"column":17}},"118":{"start":{"line":119,"column":0},"end":{"line":119,"column":35}},"119":{"start":{"line":120,"column":0},"end":{"line":120,"column":42}},"120":{"start":{"line":121,"column":0},"end":{"line":121,"column":63}},"121":{"start":{"line":122,"column":0},"end":{"line":122,"column":32}},"123":{"start":{"line":124,"column":0},"end":{"line":124,"column":42}},"124":{"start":{"line":125,"column":0},"end":{"line":125,"column":58}},"125":{"start":{"line":126,"column":0},"end":{"line":126,"column":28}},"126":{"start":{"line":127,"column":0},"end":{"line":127,"column":23}},"127":{"start":{"line":128,"column":0},"end":{"line":128,"column":15}},"128":{"start":{"line":129,"column":0},"end":{"line":129,"column":19}},"129":{"start":{"line":130,"column":0},"end":{"line":130,"column":14}},"131":{"start":{"line":132,"column":0},"end":{"line":132,"column":81}},"132":{"start":{"line":133,"column":0},"end":{"line":133,"column":76}},"134":{"start":{"line":135,"column":0},"end":{"line":135,"column":18}},"135":{"start":{"line":136,"column":0},"end":{"line":136,"column":16}},"136":{"start":{"line":137,"column":0},"end":{"line":137,"column":23}},"137":{"start":{"line":138,"column":0},"end":{"line":138,"column":35}},"138":{"start":{"line":139,"column":0},"end":{"line":139,"column":39}},"139":{"start":{"line":140,"column":0},"end":{"line":140,"column":38}},"140":{"start":{"line":141,"column":0},"end":{"line":141,"column":12}},"141":{"start":{"line":142,"column":0},"end":{"line":142,"column":14}},"143":{"start":{"line":144,"column":0},"end":{"line":144,"column":95}},"144":{"start":{"line":145,"column":0},"end":{"line":145,"column":17}},"145":{"start":{"line":146,"column":0},"end":{"line":146,"column":32}},"146":{"start":{"line":147,"column":0},"end":{"line":147,"column":48}},"147":{"start":{"line":148,"column":0},"end":{"line":148,"column":151}},"149":{"start":{"line":150,"column":0},"end":{"line":150,"column":54}},"150":{"start":{"line":151,"column":0},"end":{"line":151,"column":19}},"151":{"start":{"line":152,"column":0},"end":{"line":152,"column":14}},"152":{"start":{"line":153,"column":0},"end":{"line":153,"column":12}},"153":{"start":{"line":154,"column":0},"end":{"line":154,"column":10}},"155":{"start":{"line":156,"column":0},"end":{"line":156,"column":1}}},"s":{"0":1,"8":1,"9":1,"10":1,"11":1,"13":45,"14":45,"15":45,"16":45,"18":45,"19":3,"20":0,"21":0,"22":0,"23":0,"24":0,"25":0,"27":3,"28":3,"29":3,"30":3,"31":3,"32":3,"33":3,"35":45,"36":5,"37":5,"40":5,"41":5,"42":1,"43":1,"44":1,"45":1,"46":1,"47":1,"49":4,"50":4,"51":4,"52":4,"53":4,"54":4,"55":0,"56":0,"57":0,"58":0,"59":0,"60":4,"61":5,"63":45,"64":4,"65":4,"67":4,"68":0,"69":0,"71":4,"72":4,"73":4,"74":4,"75":0,"76":0,"77":4,"78":4,"79":4,"80":0,"81":0,"82":0,"83":0,"84":4,"85":4,"86":4,"87":4,"89":45,"90":45,"91":45,"92":45,"94":45,"95":45,"96":45,"97":45,"98":45,"99":45,"109":45,"110":45,"112":45,"113":45,"114":45,"116":45,"117":45,"118":45,"119":45,"120":45,"121":45,"123":45,"124":90,"125":90,"126":90,"127":45,"128":45,"129":45,"131":45,"132":45,"134":45,"135":45,"136":45,"137":45,"138":45,"139":45,"140":45,"141":45,"143":45,"144":45,"145":45,"146":45,"147":45,"149":45,"150":45,"151":45,"152":45,"153":45,"155":45},"branchMap":{"0":{"type":"branch","line":14,"loc":{"start":{"line":14,"column":0},"end":{"line":156,"column":1}},"locations":[{"start":{"line":14,"column":0},"end":{"line":156,"column":1}}]},"1":{"type":"branch","line":147,"loc":{"start":{"line":147,"column":22},"end":{"line":147,"column":48}},"locations":[{"start":{"line":147,"column":22},"end":{"line":147,"column":48}}]},"2":{"type":"branch","line":150,"loc":{"start":{"line":150,"column":13},"end":{"line":150,"column":39}},"locations":[{"start":{"line":150,"column":13},"end":{"line":150,"column":39}}]},"3":{"type":"branch","line":150,"loc":{"start":{"line":150,"column":25},"end":{"line":150,"column":54}},"locations":[{"start":{"line":150,"column":25},"end":{"line":150,"column":54}}]},"4":{"type":"branch","line":19,"loc":{"start":{"line":19,"column":21},"end":{"line":34,"column":4}},"locations":[{"start":{"line":19,"column":21},"end":{"line":34,"column":4}}]},"5":{"type":"branch","line":20,"loc":{"start":{"line":20,"column":22},"end":{"line":26,"column":5}},"locations":[{"start":{"line":20,"column":22},"end":{"line":26,"column":5}}]},"6":{"type":"branch","line":36,"loc":{"start":{"line":36,"column":27},"end":{"line":62,"column":4}},"locations":[{"start":{"line":36,"column":27},"end":{"line":62,"column":4}}]},"7":{"type":"branch","line":38,"loc":{"start":{"line":38,"column":15},"end":{"line":38,"column":22}},"locations":[{"start":{"line":38,"column":15},"end":{"line":38,"column":22}}]},"8":{"type":"branch","line":42,"loc":{"start":{"line":42,"column":29},"end":{"line":48,"column":5}},"locations":[{"start":{"line":42,"column":29},"end":{"line":48,"column":5}}]},"9":{"type":"branch","line":48,"loc":{"start":{"line":48,"column":4},"end":{"line":61,"column":28}},"locations":[{"start":{"line":48,"column":4},"end":{"line":61,"column":28}}]},"10":{"type":"branch","line":51,"loc":{"start":{"line":51,"column":20},"end":{"line":54,"column":6}},"locations":[{"start":{"line":51,"column":20},"end":{"line":54,"column":6}}]},"11":{"type":"branch","line":64,"loc":{"start":{"line":64,"column":30},"end":{"line":88,"column":4}},"locations":[{"start":{"line":64,"column":30},"end":{"line":88,"column":4}}]},"12":{"type":"branch","line":68,"loc":{"start":{"line":68,"column":16},"end":{"line":70,"column":5}},"locations":[{"start":{"line":68,"column":16},"end":{"line":70,"column":5}}]},"13":{"type":"branch","line":75,"loc":{"start":{"line":75,"column":24},"end":{"line":77,"column":7}},"locations":[{"start":{"line":75,"column":24},"end":{"line":77,"column":7}}]},"14":{"type":"branch","line":80,"loc":{"start":{"line":80,"column":4},"end":{"line":85,"column":6}},"locations":[{"start":{"line":80,"column":4},"end":{"line":85,"column":6}}]},"15":{"type":"branch","line":99,"loc":{"start":{"line":99,"column":20},"end":{"line":99,"column":51}},"locations":[{"start":{"line":99,"column":20},"end":{"line":99,"column":51}}]},"16":{"type":"branch","line":124,"loc":{"start":{"line":124,"column":31},"end":{"line":127,"column":23}},"locations":[{"start":{"line":124,"column":31},"end":{"line":127,"column":23}}]}},"b":{"0":[45],"1":[41],"2":[4],"3":[41],"4":[3],"5":[0],"6":[5],"7":[0],"8":[1],"9":[4],"10":[4],"11":[4],"12":[0],"13":[0],"14":[0],"15":[6],"16":[90]},"fnMap":{"0":{"name":"DSLInput","decl":{"start":{"line":14,"column":0},"end":{"line":156,"column":1}},"loc":{"start":{"line":14,"column":0},"end":{"line":156,"column":1}},"line":14},"1":{"name":"handleLoad","decl":{"start":{"line":19,"column":21},"end":{"line":34,"column":4}},"loc":{"start":{"line":19,"column":21},"end":{"line":34,"column":4}},"line":19},"2":{"name":"handleFileUpload","decl":{"start":{"line":36,"column":27},"end":{"line":62,"column":4}},"loc":{"start":{"line":36,"column":27},"end":{"line":62,"column":4}},"line":36},"3":{"name":"reader.onload","decl":{"start":{"line":51,"column":20},"end":{"line":54,"column":6}},"loc":{"start":{"line":51,"column":20},"end":{"line":54,"column":6}},"line":51},"4":{"name":"reader.onerror","decl":{"start":{"line":55,"column":21},"end":{"line":60,"column":6}},"loc":{"start":{"line":55,"column":21},"end":{"line":60,"column":6}},"line":55},"5":{"name":"handleExampleSelect","decl":{"start":{"line":64,"column":30},"end":{"line":88,"column":4}},"loc":{"start":{"line":64,"column":30},"end":{"line":88,"column":4}},"line":64},"6":{"name":"onChange","decl":{"start":{"line":99,"column":20},"end":{"line":99,"column":51}},"loc":{"start":{"line":99,"column":20},"end":{"line":99,"column":51}},"line":99}},"f":{"0":45,"1":3,"2":5,"3":4,"4":0,"5":4,"6":6}}
,"C:\\Users\\daten\\Downloads\\visualizing_lexical_analysis_subsetconstruction\\src\\components\\GraphViewer\\GraphViewer.test.tsx": {"path":"C:\\Users\\daten\\Downloads\\visualizing_lexical_analysis_subsetconstruction\\src\\components\\GraphViewer\\GraphViewer.test.tsx","all":false,"statementMap":{"0":{"start":{"line":1,"column":0},"end":{"line":1,"column":55}},"1":{"start":{"line":2,"column":0},"end":{"line":2,"column":73}},"7":{"start":{"line":8,"column":0},"end":{"line":8,"column":70}},"35":{"start":{"line":36,"column":0},"end":{"line":36,"column":36}},"71":{"start":{"line":72,"column":0},"end":{"line":72,"column":31}},"72":{"start":{"line":73,"column":0},"end":{"line":73,"column":47}},"73":{"start":{"line":74,"column":0},"end":{"line":74,"column":38}},"74":{"start":{"line":75,"column":0},"end":{"line":75,"column":1}},"76":{"start":{"line":77,"column":0},"end":{"line":77,"column":21}},"77":{"start":{"line":78,"column":0},"end":{"line":78,"column":43}},"78":{"start":{"line":79,"column":0},"end":{"line":79,"column":1}},"80":{"start":{"line":81,"column":0},"end":{"line":81,"column":21}},"81":{"start":{"line":82,"column":0},"end":{"line":82,"column":43}},"82":{"start":{"line":83,"column":0},"end":{"line":83,"column":1}},"85":{"start":{"line":86,"column":0},"end":{"line":86,"column":24}},"86":{"start":{"line":87,"column":0},"end":{"line":87,"column":17}},"87":{"start":{"line":88,"column":0},"end":{"line":88,"column":13}},"88":{"start":{"line":89,"column":0},"end":{"line":89,"column":23}},"89":{"start":{"line":90,"column":0},"end":{"line":90,"column":19}},"90":{"start":{"line":91,"column":0},"end":{"line":91,"column":23}},"91":{"start":{"line":92,"column":0},"end":{"line":92,"column":18}},"92":{"start":{"line":93,"column":0},"end":{"line":93,"column":55}},"93":{"start":{"line":94,"column":0},"end":{"line":94,"column":20}},"94":{"start":{"line":95,"column":0},"end":{"line":95,"column":2}},"96":{"start":{"line":97,"column":0},"end":{"line":97,"column":30}},"97":{"start":{"line":98,"column":0},"end":{"line":98,"column":19}},"98":{"start":{"line":99,"column":0},"end":{"line":99,"column":14}},"99":{"start":{"line":100,"column":0},"end":{"line":100,"column":17}},"100":{"start":{"line":101,"column":0},"end":{"line":101,"column":19}},"101":{"start":{"line":102,"column":0},"end":{"line":102,"column":23}},"102":{"start":{"line":103,"column":0},"end":{"line":103,"column":18}},"103":{"start":{"line":104,"column":0},"end":{"line":104,"column":55}},"104":{"start":{"line":105,"column":0},"end":{"line":105,"column":20}},"105":{"start":{"line":106,"column":0},"end":{"line":106,"column":2}},"107":{"start":{"line":108,"column":0},"end":{"line":108,"column":29}},"108":{"start":{"line":109,"column":0},"end":{"line":109,"column":18}},"109":{"start":{"line":110,"column":0},"end":{"line":110,"column":14}},"110":{"start":{"line":111,"column":0},"end":{"line":111,"column":23}},"111":{"start":{"line":112,"column":0},"end":{"line":112,"column":19}},"112":{"start":{"line":113,"column":0},"end":{"line":113,"column":23}},"113":{"start":{"line":114,"column":0},"end":{"line":114,"column":15}},"114":{"start":{"line":115,"column":0},"end":{"line":115,"column":55}},"115":{"start":{"line":116,"column":0},"end":{"line":116,"column":19}},"116":{"start":{"line":117,"column":0},"end":{"line":117,"column":2}},"118":{"start":{"line":119,"column":0},"end":{"line":119,"column":38}},"119":{"start":{"line":120,"column":0},"end":{"line":120,"column":16}},"120":{"start":{"line":121,"column":0},"end":{"line":121,"column":18}},"121":{"start":{"line":122,"column":0},"end":{"line":122,"column":23}},"122":{"start":{"line":123,"column":0},"end":{"line":123,"column":19}},"123":{"start":{"line":124,"column":0},"end":{"line":124,"column":23}},"124":{"start":{"line":125,"column":0},"end":{"line":125,"column":23}},"125":{"start":{"line":126,"column":0},"end":{"line":126,"column":16}},"126":{"start":{"line":127,"column":0},"end":{"line":127,"column":42}},"127":{"start":{"line":128,"column":0},"end":{"line":128,"column":42}},"128":{"start":{"line":129,"column":0},"end":{"line":129,"column":4}},"129":{"start":{"line":130,"column":0},"end":{"line":130,"column":20}},"130":{"start":{"line":131,"column":0},"end":{"line":131,"column":2}},"132":{"start":{"line":133,"column":0},"end":{"line":133,"column":30}},"133":{"start":{"line":134,"column":0},"end":{"line":134,"column":19}},"134":{"start":{"line":135,"column":0},"end":{"line":135,"column":13}},"135":{"start":{"line":136,"column":0},"end":{"line":136,"column":29}},"136":{"start":{"line":137,"column":0},"end":{"line":137,"column":19}},"137":{"start":{"line":138,"column":0},"end":{"line":138,"column":23}},"138":{"start":{"line":139,"column":0},"end":{"line":139,"column":18}},"139":{"start":{"line":140,"column":0},"end":{"line":140,"column":55}},"140":{"start":{"line":141,"column":0},"end":{"line":141,"column":20}},"141":{"start":{"line":142,"column":0},"end":{"line":142,"column":2}},"143":{"start":{"line":144,"column":0},"end":{"line":144,"column":33}},"144":{"start":{"line":145,"column":0},"end":{"line":145,"column":18}},"145":{"start":{"line":146,"column":0},"end":{"line":146,"column":17}},"146":{"start":{"line":147,"column":0},"end":{"line":147,"column":23}},"147":{"start":{"line":148,"column":0},"end":{"line":148,"column":19}},"148":{"start":{"line":149,"column":0},"end":{"line":149,"column":23}},"149":{"start":{"line":150,"column":0},"end":{"line":150,"column":23}},"150":{"start":{"line":151,"column":0},"end":{"line":151,"column":16}},"151":{"start":{"line":152,"column":0},"end":{"line":152,"column":42}},"152":{"start":{"line":153,"column":0},"end":{"line":153,"column":42}},"153":{"start":{"line":154,"column":0},"end":{"line":154,"column":4}},"154":{"start":{"line":155,"column":0},"end":{"line":155,"column":20}},"155":{"start":{"line":156,"column":0},"end":{"line":156,"column":2}},"159":{"start":{"line":160,"column":0},"end":{"line":160,"column":31}},"160":{"start":{"line":161,"column":0},"end":{"line":161,"column":20}},"161":{"start":{"line":162,"column":0},"end":{"line":162,"column":36}},"162":{"start":{"line":163,"column":0},"end":{"line":163,"column":30}},"163":{"start":{"line":164,"column":0},"end":{"line":164,"column":5}},"165":{"start":{"line":166,"column":0},"end":{"line":166,"column":19}},"166":{"start":{"line":167,"column":0},"end":{"line":167,"column":14}},"167":{"start":{"line":168,"column":0},"end":{"line":168,"column":5}},"169":{"start":{"line":170,"column":0},"end":{"line":170,"column":57}},"170":{"start":{"line":171,"column":0},"end":{"line":171,"column":28}},"171":{"start":{"line":172,"column":0},"end":{"line":172,"column":78}},"172":{"start":{"line":173,"column":0},"end":{"line":173,"column":5}},"174":{"start":{"line":175,"column":0},"end":{"line":175,"column":71}},"175":{"start":{"line":176,"column":0},"end":{"line":176,"column":44}},"177":{"start":{"line":178,"column":0},"end":{"line":178,"column":64}},"178":{"start":{"line":179,"column":0},"end":{"line":179,"column":65}},"179":{"start":{"line":180,"column":0},"end":{"line":180,"column":66}},"180":{"start":{"line":181,"column":0},"end":{"line":181,"column":68}},"181":{"start":{"line":182,"column":0},"end":{"line":182,"column":5}},"183":{"start":{"line":184,"column":0},"end":{"line":184,"column":57}},"184":{"start":{"line":185,"column":0},"end":{"line":185,"column":44}},"186":{"start":{"line":187,"column":0},"end":{"line":187,"column":85}},"187":{"start":{"line":188,"column":0},"end":{"line":188,"column":85}},"188":{"start":{"line":189,"column":0},"end":{"line":189,"column":5}},"190":{"start":{"line":191,"column":0},"end":{"line":191,"column":50}},"191":{"start":{"line":192,"column":0},"end":{"line":192,"column":44}},"193":{"start":{"line":194,"column":0},"end":{"line":194,"column":29}},"194":{"start":{"line":195,"column":0},"end":{"line":195,"column":60}},"196":{"start":{"line":197,"column":0},"end":{"line":197,"column":36}},"197":{"start":{"line":198,"column":0},"end":{"line":198,"column":46}},"198":{"start":{"line":199,"column":0},"end":{"line":199,"column":5}},"200":{"start":{"line":201,"column":0},"end":{"line":201,"column":54}},"201":{"start":{"line":202,"column":0},"end":{"line":202,"column":44}},"203":{"start":{"line":204,"column":0},"end":{"line":204,"column":29}},"204":{"start":{"line":205,"column":0},"end":{"line":205,"column":61}},"206":{"start":{"line":207,"column":0},"end":{"line":207,"column":37}},"207":{"start":{"line":208,"column":0},"end":{"line":208,"column":48}},"208":{"start":{"line":209,"column":0},"end":{"line":209,"column":5}},"210":{"start":{"line":211,"column":0},"end":{"line":211,"column":45}},"211":{"start":{"line":212,"column":0},"end":{"line":212,"column":50}},"213":{"start":{"line":214,"column":0},"end":{"line":214,"column":29}},"214":{"start":{"line":215,"column":0},"end":{"line":215,"column":34}},"216":{"start":{"line":217,"column":0},"end":{"line":217,"column":30}},"217":{"start":{"line":218,"column":0},"end":{"line":218,"column":39}},"218":{"start":{"line":219,"column":0},"end":{"line":219,"column":39}},"219":{"start":{"line":220,"column":0},"end":{"line":220,"column":37}},"220":{"start":{"line":221,"column":0},"end":{"line":221,"column":5}},"222":{"start":{"line":223,"column":0},"end":{"line":223,"column":61}},"223":{"start":{"line":224,"column":0},"end":{"line":224,"column":49}},"225":{"start":{"line":226,"column":0},"end":{"line":226,"column":29}},"226":{"start":{"line":227,"column":0},"end":{"line":227,"column":64}},"228":{"start":{"line":229,"column":0},"end":{"line":229,"column":38}},"229":{"start":{"line":230,"column":0},"end":{"line":230,"column":44}},"230":{"start":{"line":231,"column":0},"end":{"line":231,"column":5}},"232":{"start":{"line":233,"column":0},"end":{"line":233,"column":63}},"233":{"start":{"line":234,"column":0},"end":{"line":234,"column":58}},"235":{"start":{"line":236,"column":0},"end":{"line":236,"column":29}},"237":{"start":{"line":238,"column":0},"end":{"line":238,"column":34}},"238":{"start":{"line":239,"column":0},"end":{"line":239,"column":41}},"239":{"start":{"line":240,"column":0},"end":{"line":240,"column":5}},"241":{"start":{"line":242,"column":0},"end":{"line":242,"column":59}},"242":{"start":{"line":243,"column":0},"end":{"line":243,"column":50}},"244":{"start":{"line":245,"column":0},"end":{"line":245,"column":29}},"245":{"start":{"line":246,"column":0},"end":{"line":246,"column":34}},"248":{"start":{"line":249,"column":0},"end":{"line":249,"column":30}},"249":{"start":{"line":250,"column":0},"end":{"line":250,"column":39}},"250":{"start":{"line":251,"column":0},"end":{"line":251,"column":39}},"251":{"start":{"line":252,"column":0},"end":{"line":252,"column":5}},"253":{"start":{"line":254,"column":0},"end":{"line":254,"column":48}},"254":{"start":{"line":255,"column":0},"end":{"line":255,"column":53}},"256":{"start":{"line":257,"column":0},"end":{"line":257,"column":29}},"257":{"start":{"line":258,"column":0},"end":{"line":258,"column":34}},"260":{"start":{"line":261,"column":0},"end":{"line":261,"column":83}},"261":{"start":{"line":262,"column":0},"end":{"line":262,"column":84}},"263":{"start":{"line":264,"column":0},"end":{"line":264,"column":34}},"264":{"start":{"line":265,"column":0},"end":{"line":265,"column":35}},"265":{"start":{"line":266,"column":0},"end":{"line":266,"column":5}},"267":{"start":{"line":268,"column":0},"end":{"line":268,"column":57}},"268":{"start":{"line":269,"column":0},"end":{"line":269,"column":53}},"270":{"start":{"line":271,"column":0},"end":{"line":271,"column":29}},"273":{"start":{"line":274,"column":0},"end":{"line":274,"column":31}},"274":{"start":{"line":275,"column":0},"end":{"line":275,"column":42}},"275":{"start":{"line":276,"column":0},"end":{"line":276,"column":7}},"276":{"start":{"line":277,"column":0},"end":{"line":277,"column":5}},"278":{"start":{"line":279,"column":0},"end":{"line":279,"column":54}},"280":{"start":{"line":281,"column":0},"end":{"line":281,"column":52}},"281":{"start":{"line":282,"column":0},"end":{"line":282,"column":52}},"283":{"start":{"line":284,"column":0},"end":{"line":284,"column":44}},"285":{"start":{"line":286,"column":0},"end":{"line":286,"column":29}},"286":{"start":{"line":287,"column":0},"end":{"line":287,"column":53}},"287":{"start":{"line":288,"column":0},"end":{"line":288,"column":53}},"290":{"start":{"line":291,"column":0},"end":{"line":291,"column":41}},"291":{"start":{"line":292,"column":0},"end":{"line":292,"column":41}},"292":{"start":{"line":293,"column":0},"end":{"line":293,"column":41}},"293":{"start":{"line":294,"column":0},"end":{"line":294,"column":41}},"294":{"start":{"line":295,"column":0},"end":{"line":295,"column":5}},"296":{"start":{"line":297,"column":0},"end":{"line":297,"column":58}},"297":{"start":{"line":298,"column":0},"end":{"line":298,"column":29}},"298":{"start":{"line":299,"column":0},"end":{"line":299,"column":22}},"299":{"start":{"line":300,"column":0},"end":{"line":300,"column":23}},"300":{"start":{"line":301,"column":0},"end":{"line":301,"column":39}},"301":{"start":{"line":302,"column":0},"end":{"line":302,"column":23}},"302":{"start":{"line":303,"column":0},"end":{"line":303,"column":27}},"303":{"start":{"line":304,"column":0},"end":{"line":304,"column":32}},"304":{"start":{"line":305,"column":0},"end":{"line":305,"column":20}},"305":{"start":{"line":306,"column":0},"end":{"line":306,"column":46}},"306":{"start":{"line":307,"column":0},"end":{"line":307,"column":46}},"307":{"start":{"line":308,"column":0},"end":{"line":308,"column":46}},"308":{"start":{"line":309,"column":0},"end":{"line":309,"column":46}},"309":{"start":{"line":310,"column":0},"end":{"line":310,"column":46}},"310":{"start":{"line":311,"column":0},"end":{"line":311,"column":8}},"311":{"start":{"line":312,"column":0},"end":{"line":312,"column":23}},"312":{"start":{"line":313,"column":0},"end":{"line":313,"column":6}},"314":{"start":{"line":315,"column":0},"end":{"line":315,"column":45}},"316":{"start":{"line":317,"column":0},"end":{"line":317,"column":85}},"317":{"start":{"line":318,"column":0},"end":{"line":318,"column":29}},"318":{"start":{"line":319,"column":0},"end":{"line":319,"column":44}},"319":{"start":{"line":320,"column":0},"end":{"line":320,"column":5}},"320":{"start":{"line":321,"column":0},"end":{"line":321,"column":3}}},"s":{"0":1,"1":1,"7":1,"35":1,"71":10,"72":10,"73":10,"74":10,"76":3,"77":3,"78":3,"80":7,"81":7,"82":7,"85":1,"86":1,"87":1,"88":1,"89":1,"90":1,"91":1,"92":1,"93":1,"94":1,"96":1,"97":1,"98":1,"99":1,"100":1,"101":1,"102":1,"103":1,"104":1,"105":1,"107":1,"108":1,"109":1,"110":1,"111":1,"112":1,"113":1,"114":1,"115":1,"116":1,"118":1,"119":1,"120":1,"121":1,"122":1,"123":1,"124":1,"125":1,"126":1,"127":1,"128":1,"129":1,"130":1,"132":1,"133":1,"134":1,"135":1,"136":1,"137":1,"138":1,"139":1,"140":1,"141":1,"143":1,"144":1,"145":1,"146":1,"147":1,"148":1,"149":1,"150":1,"151":1,"152":1,"153":1,"154":1,"155":1,"159":1,"160":1,"161":13,"162":13,"163":1,"165":1,"166":13,"167":1,"169":1,"170":1,"171":1,"172":1,"174":1,"175":1,"177":1,"178":1,"179":1,"180":1,"181":1,"183":1,"184":1,"186":1,"187":1,"188":1,"190":1,"191":1,"193":1,"194":1,"196":1,"197":1,"198":1,"200":1,"201":1,"203":1,"204":1,"206":1,"207":1,"208":1,"210":1,"211":1,"213":1,"214":1,"216":1,"217":1,"218":1,"219":1,"220":1,"222":1,"223":1,"225":1,"226":1,"228":1,"229":1,"230":1,"232":1,"233":1,"235":1,"237":1,"238":1,"239":1,"241":1,"242":1,"244":1,"245":1,"248":1,"249":1,"250":1,"251":1,"253":1,"254":1,"256":1,"257":1,"260":1,"261":1,"263":1,"264":1,"265":1,"267":1,"268":1,"270":1,"273":1,"274":2,"275":1,"276":1,"278":1,"280":1,"281":1,"283":1,"285":1,"286":1,"287":1,"290":1,"291":1,"292":1,"293":1,"294":1,"296":1,"297":1,"298":1,"299":1,"300":1,"301":1,"302":1,"303":1,"304":1,"305":1,"306":1,"307":1,"308":1,"309":1,"310":1,"311":1,"312":1,"314":1,"316":1,"317":1,"318":1,"319":1,"320":1},"branchMap":{"0":{"type":"branch","line":72,"loc":{"start":{"line":72,"column":0},"end":{"line":75,"column":1}},"locations":[{"start":{"line":72,"column":0},"end":{"line":75,"column":1}}]},"1":{"type":"branch","line":77,"loc":{"start":{"line":77,"column":0},"end":{"line":79,"column":1}},"locations":[{"start":{"line":77,"column":0},"end":{"line":79,"column":1}}]},"2":{"type":"branch","line":78,"loc":{"start":{"line":78,"column":31},"end":{"line":78,"column":43}},"locations":[{"start":{"line":78,"column":31},"end":{"line":78,"column":43}}]},"3":{"type":"branch","line":81,"loc":{"start":{"line":81,"column":0},"end":{"line":83,"column":1}},"locations":[{"start":{"line":81,"column":0},"end":{"line":83,"column":1}}]},"4":{"type":"branch","line":82,"loc":{"start":{"line":82,"column":31},"end":{"line":82,"column":43}},"locations":[{"start":{"line":82,"column":31},"end":{"line":82,"column":43}}]},"5":{"type":"branch","line":160,"loc":{"start":{"line":160,"column":24},"end":{"line":321,"column":3}},"locations":[{"start":{"line":160,"column":24},"end":{"line":321,"column":3}}]},"6":{"type":"branch","line":161,"loc":{"start":{"line":161,"column":13},"end":{"line":164,"column":3}},"locations":[{"start":{"line":161,"column":13},"end":{"line":164,"column":3}}]},"7":{"type":"branch","line":166,"loc":{"start":{"line":166,"column":12},"end":{"line":168,"column":3}},"locations":[{"start":{"line":166,"column":12},"end":{"line":168,"column":3}}]},"8":{"type":"branch","line":170,"loc":{"start":{"line":170,"column":50},"end":{"line":173,"column":3}},"locations":[{"start":{"line":170,"column":50},"end":{"line":173,"column":3}}]},"9":{"type":"branch","line":175,"loc":{"start":{"line":175,"column":64},"end":{"line":182,"column":3}},"locations":[{"start":{"line":175,"column":64},"end":{"line":182,"column":3}}]},"10":{"type":"branch","line":184,"loc":{"start":{"line":184,"column":50},"end":{"line":189,"column":3}},"locations":[{"start":{"line":184,"column":50},"end":{"line":189,"column":3}}]},"11":{"type":"branch","line":191,"loc":{"start":{"line":191,"column":43},"end":{"line":199,"column":3}},"locations":[{"start":{"line":191,"column":43},"end":{"line":199,"column":3}}]},"12":{"type":"branch","line":195,"loc":{"start":{"line":195,"column":33},"end":{"line":195,"column":58}},"locations":[{"start":{"line":195,"column":33},"end":{"line":195,"column":58}}]},"13":{"type":"branch","line":201,"loc":{"start":{"line":201,"column":47},"end":{"line":209,"column":3}},"locations":[{"start":{"line":201,"column":47},"end":{"line":209,"column":3}}]},"14":{"type":"branch","line":205,"loc":{"start":{"line":205,"column":34},"end":{"line":205,"column":59}},"locations":[{"start":{"line":205,"column":34},"end":{"line":205,"column":59}}]},"15":{"type":"branch","line":211,"loc":{"start":{"line":211,"column":38},"end":{"line":221,"column":3}},"locations":[{"start":{"line":211,"column":38},"end":{"line":221,"column":3}}]},"16":{"type":"branch","line":223,"loc":{"start":{"line":223,"column":54},"end":{"line":231,"column":3}},"locations":[{"start":{"line":223,"column":54},"end":{"line":231,"column":3}}]},"17":{"type":"branch","line":227,"loc":{"start":{"line":227,"column":35},"end":{"line":227,"column":62}},"locations":[{"start":{"line":227,"column":35},"end":{"line":227,"column":62}}]},"18":{"type":"branch","line":233,"loc":{"start":{"line":233,"column":56},"end":{"line":240,"column":3}},"locations":[{"start":{"line":233,"column":56},"end":{"line":240,"column":3}}]},"19":{"type":"branch","line":242,"loc":{"start":{"line":242,"column":52},"end":{"line":252,"column":3}},"locations":[{"start":{"line":242,"column":52},"end":{"line":252,"column":3}}]},"20":{"type":"branch","line":254,"loc":{"start":{"line":254,"column":41},"end":{"line":266,"column":3}},"locations":[{"start":{"line":254,"column":41},"end":{"line":266,"column":3}}]},"21":{"type":"branch","line":261,"loc":{"start":{"line":261,"column":31},"end":{"line":261,"column":81}},"locations":[{"start":{"line":261,"column":31},"end":{"line":261,"column":81}}]},"22":{"type":"branch","line":262,"loc":{"start":{"line":262,"column":32},"end":{"line":262,"column":82}},"locations":[{"start":{"line":262,"column":32},"end":{"line":262,"column":82}}]},"23":{"type":"branch","line":262,"loc":{"start":{"line":262,"column":57},"end":{"line":262,"column":82}},"locations":[{"start":{"line":262,"column":57},"end":{"line":262,"column":82}}]},"24":{"type":"branch","line":268,"loc":{"start":{"line":268,"column":50},"end":{"line":277,"column":3}},"locations":[{"start":{"line":268,"column":50},"end":{"line":277,"column":3}}]},"25":{"type":"branch","line":274,"loc":{"start":{"line":274,"column":18},"end":{"line":276,"column":5}},"locations":[{"start":{"line":274,"column":18},"end":{"line":276,"column":5}}]},"26":{"type":"branch","line":279,"loc":{"start":{"line":279,"column":47},"end":{"line":295,"column":3}},"locations":[{"start":{"line":279,"column":47},"end":{"line":295,"column":3}}]},"27":{"type":"branch","line":287,"loc":{"start":{"line":287,"column":26},"end":{"line":287,"column":51}},"locations":[{"start":{"line":287,"column":26},"end":{"line":287,"column":51}}]},"28":{"type":"branch","line":288,"loc":{"start":{"line":288,"column":26},"end":{"line":288,"column":51}},"locations":[{"start":{"line":288,"column":26},"end":{"line":288,"column":51}}]},"29":{"type":"branch","line":297,"loc":{"start":{"line":297,"column":51},"end":{"line":320,"column":3}},"locations":[{"start":{"line":297,"column":51},"end":{"line":320,"column":3}}]}},"b":{"0":[10],"1":[3],"2":[0],"3":[7],"4":[0],"5":[1],"6":[13],"7":[13],"8":[1],"9":[1],"10":[1],"11":[1],"12":[1],"13":[1],"14":[2],"15":[1],"16":[1],"17":[1],"18":[1],"19":[1],"20":[1],"21":[1],"22":[2],"23":[1],"24":[1],"25":[2],"26":[1],"27":[1],"28":[2],"29":[1]},"fnMap":{"0":{"name":"getLastRenderProps","decl":{"start":{"line":72,"column":0},"end":{"line":75,"column":1}},"loc":{"start":{"line":72,"column":0},"end":{"line":75,"column":1}},"line":72},"1":{"name":"getNodes","decl":{"start":{"line":77,"column":0},"end":{"line":79,"column":1}},"loc":{"start":{"line":77,"column":0},"end":{"line":79,"column":1}},"line":77},"2":{"name":"getEdges","decl":{"start":{"line":81,"column":0},"end":{"line":83,"column":1}},"loc":{"start":{"line":81,"column":0},"end":{"line":83,"column":1}},"line":81}},"f":{"0":10,"1":3,"2":7}}
,"C:\\Users\\daten\\Downloads\\visualizing_lexical_analysis_subsetconstruction\\src\\components\\GraphViewer\\GraphViewer.tsx": {"path":"C:\\Users\\daten\\Downloads\\visualizing_lexical_analysis_subsetconstruction\\src\\components\\GraphViewer\\GraphViewer.tsx","all":false,"statementMap":{"0":{"start":{"line":1,"column":0},"end":{"line":1,"column":93}},"31":{"start":{"line":32,"column":0},"end":{"line":32,"column":18}},"32":{"start":{"line":33,"column":0},"end":{"line":33,"column":18}},"35":{"start":{"line":36,"column":0},"end":{"line":36,"column":71}},"36":{"start":{"line":37,"column":0},"end":{"line":37,"column":39}},"37":{"start":{"line":38,"column":0},"end":{"line":38,"column":36}},"39":{"start":{"line":40,"column":0},"end":{"line":40,"column":14}},"40":{"start":{"line":41,"column":0},"end":{"line":41,"column":18}},"41":{"start":{"line":42,"column":0},"end":{"line":42,"column":16}},"42":{"start":{"line":43,"column":0},"end":{"line":43,"column":16}},"43":{"start":{"line":44,"column":0},"end":{"line":44,"column":5}},"45":{"start":{"line":46,"column":0},"end":{"line":46,"column":75}},"46":{"start":{"line":47,"column":0},"end":{"line":47,"column":54}},"48":{"start":{"line":49,"column":0},"end":{"line":49,"column":18}},"50":{"start":{"line":51,"column":0},"end":{"line":51,"column":58}},"51":{"start":{"line":52,"column":0},"end":{"line":52,"column":26}},"52":{"start":{"line":53,"column":0},"end":{"line":53,"column":53}},"53":{"start":{"line":54,"column":0},"end":{"line":54,"column":62}},"54":{"start":{"line":55,"column":0},"end":{"line":55,"column":5}},"56":{"start":{"line":57,"column":0},"end":{"line":57,"column":13}},"57":{"start":{"line":58,"column":0},"end":{"line":58,"column":1}},"60":{"start":{"line":61,"column":0},"end":{"line":61,"column":45}},"61":{"start":{"line":62,"column":0},"end":{"line":62,"column":102}},"63":{"start":{"line":64,"column":0},"end":{"line":64,"column":67}},"65":{"start":{"line":66,"column":0},"end":{"line":66,"column":22}},"66":{"start":{"line":67,"column":0},"end":{"line":67,"column":31}},"67":{"start":{"line":68,"column":0},"end":{"line":68,"column":22}},"68":{"start":{"line":69,"column":0},"end":{"line":69,"column":31}},"70":{"start":{"line":71,"column":0},"end":{"line":71,"column":93}},"72":{"start":{"line":73,"column":0},"end":{"line":73,"column":37}},"73":{"start":{"line":74,"column":0},"end":{"line":74,"column":46}},"75":{"start":{"line":76,"column":0},"end":{"line":76,"column":10}},"76":{"start":{"line":77,"column":0},"end":{"line":77,"column":6}},"77":{"start":{"line":78,"column":0},"end":{"line":78,"column":74}},"78":{"start":{"line":79,"column":0},"end":{"line":79,"column":25}},"79":{"start":{"line":80,"column":0},"end":{"line":80,"column":27}},"80":{"start":{"line":81,"column":0},"end":{"line":81,"column":14}},"81":{"start":{"line":82,"column":0},"end":{"line":82,"column":36}},"82":{"start":{"line":83,"column":0},"end":{"line":83,"column":20}},"83":{"start":{"line":84,"column":0},"end":{"line":84,"column":35}},"84":{"start":{"line":85,"column":0},"end":{"line":85,"column":77}},"85":{"start":{"line":86,"column":0},"end":{"line":86,"column":47}},"86":{"start":{"line":87,"column":0},"end":{"line":87,"column":14}},"88":{"start":{"line":89,"column":0},"end":{"line":89,"column":19}},"89":{"start":{"line":90,"column":0},"end":{"line":90,"column":16}},"90":{"start":{"line":91,"column":0},"end":{"line":91,"column":28}},"92":{"start":{"line":93,"column":0},"end":{"line":93,"column":7}},"94":{"start":{"line":95,"column":0},"end":{"line":95,"column":1}},"96":{"start":{"line":97,"column":0},"end":{"line":97,"column":53}},"99":{"start":{"line":100,"column":0},"end":{"line":100,"column":95}},"100":{"start":{"line":101,"column":0},"end":{"line":101,"column":41}},"101":{"start":{"line":102,"column":0},"end":{"line":102,"column":18}},"102":{"start":{"line":103,"column":0},"end":{"line":103,"column":50}},"103":{"start":{"line":104,"column":0},"end":{"line":104,"column":47}},"105":{"start":{"line":106,"column":0},"end":{"line":106,"column":10}},"106":{"start":{"line":107,"column":0},"end":{"line":107,"column":69}},"107":{"start":{"line":108,"column":0},"end":{"line":108,"column":20}},"108":{"start":{"line":109,"column":0},"end":{"line":109,"column":12}},"109":{"start":{"line":110,"column":0},"end":{"line":110,"column":18}},"110":{"start":{"line":111,"column":0},"end":{"line":111,"column":33}},"111":{"start":{"line":112,"column":0},"end":{"line":112,"column":21}},"112":{"start":{"line":113,"column":0},"end":{"line":113,"column":42}},"113":{"start":{"line":114,"column":0},"end":{"line":114,"column":32}},"114":{"start":{"line":115,"column":0},"end":{"line":115,"column":12}},"115":{"start":{"line":116,"column":0},"end":{"line":116,"column":10}},"118":{"start":{"line":119,"column":0},"end":{"line":119,"column":10}},"119":{"start":{"line":120,"column":0},"end":{"line":120,"column":16}},"120":{"start":{"line":121,"column":0},"end":{"line":121,"column":22}},"121":{"start":{"line":122,"column":0},"end":{"line":122,"column":23}},"122":{"start":{"line":123,"column":0},"end":{"line":123,"column":30}},"123":{"start":{"line":124,"column":0},"end":{"line":124,"column":27}},"124":{"start":{"line":125,"column":0},"end":{"line":125,"column":40}},"125":{"start":{"line":126,"column":0},"end":{"line":126,"column":26}},"126":{"start":{"line":127,"column":0},"end":{"line":127,"column":31}},"127":{"start":{"line":128,"column":0},"end":{"line":128,"column":35}},"128":{"start":{"line":129,"column":0},"end":{"line":129,"column":50}},"129":{"start":{"line":130,"column":0},"end":{"line":130,"column":10}},"131":{"start":{"line":132,"column":0},"end":{"line":132,"column":105}},"132":{"start":{"line":133,"column":0},"end":{"line":133,"column":23}},"133":{"start":{"line":134,"column":0},"end":{"line":134,"column":98}},"135":{"start":{"line":136,"column":0},"end":{"line":136,"column":19}},"137":{"start":{"line":138,"column":0},"end":{"line":138,"column":36}},"138":{"start":{"line":139,"column":0},"end":{"line":139,"column":98}},"140":{"start":{"line":141,"column":0},"end":{"line":141,"column":19}},"142":{"start":{"line":143,"column":0},"end":{"line":143,"column":87}},"143":{"start":{"line":144,"column":0},"end":{"line":144,"column":14}},"144":{"start":{"line":145,"column":0},"end":{"line":145,"column":12}},"147":{"start":{"line":148,"column":0},"end":{"line":148,"column":65}},"148":{"start":{"line":149,"column":0},"end":{"line":149,"column":69}},"149":{"start":{"line":150,"column":0},"end":{"line":150,"column":71}},"150":{"start":{"line":151,"column":0},"end":{"line":151,"column":67}},"152":{"start":{"line":153,"column":0},"end":{"line":153,"column":65}},"153":{"start":{"line":154,"column":0},"end":{"line":154,"column":69}},"154":{"start":{"line":155,"column":0},"end":{"line":155,"column":71}},"155":{"start":{"line":156,"column":0},"end":{"line":156,"column":67}},"156":{"start":{"line":157,"column":0},"end":{"line":157,"column":10}},"158":{"start":{"line":159,"column":0},"end":{"line":159,"column":1}},"160":{"start":{"line":161,"column":0},"end":{"line":161,"column":39}},"163":{"start":{"line":164,"column":0},"end":{"line":164,"column":79}},"164":{"start":{"line":165,"column":0},"end":{"line":165,"column":13}},"165":{"start":{"line":166,"column":0},"end":{"line":166,"column":12}},"166":{"start":{"line":167,"column":0},"end":{"line":167,"column":93}},"168":{"start":{"line":169,"column":0},"end":{"line":169,"column":12}},"170":{"start":{"line":171,"column":0},"end":{"line":171,"column":3}},"171":{"start":{"line":172,"column":0},"end":{"line":172,"column":61}},"172":{"start":{"line":173,"column":0},"end":{"line":173,"column":1}},"175":{"start"
[...]
nd":{"line":269,"column":43}},"locations":[{"start":{"line":266,"column":6},"end":{"line":269,"column":43}}]},"54":{"type":"branch","line":269,"loc":{"start":{"line":269,"column":43},"end":{"line":271,"column":7}},"locations":[{"start":{"line":269,"column":43},"end":{"line":271,"column":7}}]},"55":{"type":"branch","line":271,"loc":{"start":{"line":271,"column":6},"end":{"line":274,"column":22}},"locations":[{"start":{"line":271,"column":6},"end":{"line":274,"column":22}}]},"56":{"type":"branch","line":274,"loc":{"start":{"line":274,"column":10},"end":{"line":274,"column":61}},"locations":[{"start":{"line":274,"column":10},"end":{"line":274,"column":61}}]},"57":{"type":"branch","line":274,"loc":{"start":{"line":274,"column":61},"end":{"line":276,"column":7}},"locations":[{"start":{"line":274,"column":61},"end":{"line":276,"column":7}}]},"58":{"type":"branch","line":276,"loc":{"start":{"line":276,"column":6},"end":{"line":279,"column":39}},"locations":[{"start":{"line":276,"column":6},"end":{"line":279,"column":39}}]},"59":{"type":"branch","line":279,"loc":{"start":{"line":279,"column":34},"end":{"line":279,"column":53}},"locations":[{"start":{"line":279,"column":34},"end":{"line":279,"column":53}}]},"60":{"type":"branch","line":279,"loc":{"start":{"line":279,"column":53},"end":{"line":299,"column":17}},"locations":[{"start":{"line":279,"column":53},"end":{"line":299,"column":17}}]},"61":{"type":"branch","line":280,"loc":{"start":{"line":280,"column":45},"end":{"line":297,"column":9}},"locations":[{"start":{"line":280,"column":45},"end":{"line":297,"column":9}}]},"62":{"type":"branch","line":294,"loc":{"start":{"line":294,"column":28},"end":{"line":296,"column":11}},"locations":[{"start":{"line":294,"column":28},"end":{"line":296,"column":11}}]},"63":{"type":"branch","line":299,"loc":{"start":{"line":299,"column":6},"end":{"line":306,"column":7}},"locations":[{"start":{"line":299,"column":6},"end":{"line":306,"column":7}}]},"64":{"type":"branch","line":299,"loc":{"start":{"line":299,"column":31},"end":{"line":306,"column":7}},"locations":[{"start":{"line":299,"column":31},"end":{"line":306,"column":7}}]},"65":{"type":"branch","line":306,"loc":{"start":{"line":306,"column":6},"end":{"line":310,"column":5}},"locations":[{"start":{"line":306,"column":6},"end":{"line":310,"column":5}}]},"66":{"type":"branch","line":311,"loc":{"start":{"line":311,"column":2},"end":{"line":314,"column":25}},"locations":[{"start":{"line":311,"column":2},"end":{"line":314,"column":25}}]},"67":{"type":"branch","line":314,"loc":{"start":{"line":314,"column":25},"end":{"line":319,"column":3}},"locations":[{"start":{"line":314,"column":25},"end":{"line":319,"column":3}}]},"68":{"type":"branch","line":319,"loc":{"start":{"line":319,"column":2},"end":{"line":321,"column":33}},"locations":[{"start":{"line":319,"column":2},"end":{"line":321,"column":33}}]},"69":{"type":"branch","line":321,"loc":{"start":{"line":321,"column":33},"end":{"line":326,"column":3}},"locations":[{"start":{"line":321,"column":33},"end":{"line":326,"column":3}}]},"70":{"type":"branch","line":148,"loc":{"start":{"line":148,"column":42},"end":{"line":148,"column":59}},"locations":[{"start":{"line":148,"column":42},"end":{"line":148,"column":59}}]},"71":{"type":"branch","line":289,"loc":{"start":{"line":289,"column":12},"end":{"line":291,"column":39}},"locations":[{"start":{"line":289,"column":12},"end":{"line":291,"column":39}}]},"72":{"type":"branch","line":289,"loc":{"start":{"line":289,"column":39},"end":{"line":290,"column":51}},"locations":[{"start":{"line":289,"column":39},"end":{"line":290,"column":51}}]},"73":{"type":"branch","line":290,"loc":{"start":{"line":290,"column":41},"end":{"line":291,"column":39}},"locations":[{"start":{"line":290,"column":41},"end":{"line":291,"column":39}}]},"74":{"type":"branch","line":332,"loc":{"start":{"line":332,"column":0},"end":{"line":360,"column":1}},"locations":[{"start":{"line":332,"column":0},"end":{"line":360,"column":1}}]},"75":{"type":"branch","line":336,"loc":{"start":{"line":336,"column":27},"end":{"line":341,"column":3}},"locations":[{"start":{"line":336,"column":27},"end":{"line":341,"column":3}}]},"76":{"type":"branch","line":341,"loc":{"start":{"line":341,"column":2},"end":{"line":345,"column":39}},"locations":[{"start":{"line":341,"column":2},"end":{"line":345,"column":39}}]},"77":{"type":"branch","line":345,"loc":{"start":{"line":345,"column":39},"end":{"line":350,"column":3}},"locations":[{"start":{"line":345,"column":39},"end":{"line":350,"column":3}}]},"78":{"type":"branch","line":350,"loc":{"start":{"line":350,"column":2},"end":{"line":354,"column":37}},"locations":[{"start":{"line":350,"column":2},"end":{"line":354,"column":37}}]},"79":{"type":"branch","line":354,"loc":{"start":{"line":354,"column":37},"end":{"line":359,"column":3}},"locations":[{"start":{"line":354,"column":37},"end":{"line":359,"column":3}}]},"80":{"type":"branch","line":370,"loc":{"start":{"line":370,"column":0},"end":{"line":435,"column":1}},"locations":[{"start":{"line":370,"column":0},"end":{"line":435,"column":1}}]},"81":{"type":"branch","line":380,"loc":{"start":{"line":380,"column":26},"end":{"line":380,"column":52}},"locations":[{"start":{"line":380,"column":26},"end":{"line":380,"column":52}}]},"82":{"type":"branch","line":380,"loc":{"start":{"line":380,"column":52},"end":{"line":404,"column":13}},"locations":[{"start":{"line":380,"column":52},"end":{"line":404,"column":13}}]},"83":{"type":"branch","line":385,"loc":{"start":{"line":385,"column":20},"end":{"line":390,"column":5}},"locations":[{"start":{"line":385,"column":20},"end":{"line":390,"column":5}}]},"84":{"type":"branch","line":393,"loc":{"start":{"line":393,"column":35},"end":{"line":403,"column":5}},"locations":[{"start":{"line":393,"column":35},"end":{"line":403,"column":5}}]},"85":{"type":"branch","line":397,"loc":{"start":{"line":397,"column":22},"end":{"line":402,"column":7}},"locations":[{"start":{"line":397,"column":22},"end":{"line":402,"column":7}}]},"86":{"type":"branch","line":404,"loc":{"start":{"line":404,"column":2},"end":{"line":408,"column":3}},"locations":[{"start":{"line":404,"column":2},"end":{"line":408,"column":3}}]},"87":{"type":"branch","line":404,"loc":{"start":{"line":404,"column":36},"end":{"line":408,"column":3}},"locations":[{"start":{"line":404,"column":36},"end":{"line":408,"column":3}}]},"88":{"type":"branch","line":411,"loc":{"start":{"line":411,"column":31},"end":{"line":416,"column":3}},"locations":[{"start":{"line":411,"column":31},"end":{"line":416,"column":3}}]},"89":{"type":"branch","line":419,"loc":{"start":{"line":419,"column":30},"end":{"line":424,"column":3}},"locations":[{"start":{"line":419,"column":30},"end":{"line":424,"column":3}}]},"90":{"type":"branch","line":427,"loc":{"start":{"line":427,"column":36},"end":{"line":432,"column":3}},"locations":[{"start":{"line":427,"column":36},"end":{"line":432,"column":3}}]},"91":{"type":"branch","line":440,"loc":{"start":{"line":440,"column":0},"end":{"line":499,"column":1}},"locations":[{"start":{"line":440,"column":0},"end":{"line":499,"column":1}}]},"92":{"type":"branch","line":442,"loc":{"start":{"line":442,"column":31},"end":{"line":444,"column":3}},"locations":[{"start":{"line":442,"column":31},"end":{"line":444,"column":3}}]},"93":{"type":"branch","line":447,"loc":{"start":{"line":447,"column":23},"end":{"line":451,"column":3}},"locations":[{"start":{"line":447,"column":23},"end":{"line":451,"column":3}}]},"94":{"type":"branch","line":451,"loc":{"start":{"line":451,"column":2},"end":{"line":454,"column":37}},"locations":[{"start":{"line":451,"column":2},"end":{"line":454,"column":37}}]},"95":{"type":"branch","line":454,"loc":{"start":{"line":454,"column":37},"end":{"line":458,"column":3}},"locations":[{"start":{"line":454,"column":37},"end":{"line":458,"column":3}}]},"96":{"type":"branch","line":458,"loc":{"start":{"line":458,"column":2},"end":{"line":461,"column":36}},"locations":[{"start":{"line":458,"column":2},"end":{"line":461,"column":36}}]},"97":{"type":"branch","line":461,"loc":{"start":{"line":461,"column":36},"end":{"line":463,"column":3}},"locations":[{"start":{"line":461,"column":36},"end":{"line":463,"column":3}}]},"98":{"type":"branch","line":463,"loc":{"start":{"line":463,"column":2},"end":{"line":466,"column":44}},"locations":[{"start":{"line":463,"column":2},"end":{"line":466,"column":44}}]},"99":{"type":"branch","line":466,"loc":{"start":{"line":466,"column":44},"end":{"line":470,"column":3}},"locations":[{"start":{"line":466,"column":44},"end":{"line":470,"column":3}}]},"100":{"type":"branch","line":470,"loc":{"start":{"line":470,"column":2},"end":{"line":482,"column":44}},"locations":[{"start":{"line":470,"column":2},"end":{"line":482,"column":44}}]},"101":{"type":"branch","line":474,"loc":{"start":{"line":474,"column":43},"end":{"line":478,"column":5}},"locations":[{"start":{"line":474,"column":43},"end":{"line":478,"column":5}}]},"102":{"type":"branch","line":482,"loc":{"start":{"line":482,"column":44},"end":{"line":493,"column":3}},"locations":[{"start":{"line":482,"column":44},"end":{"line":493,"column":3}}]},"103":{"type":"branch","line":483,"loc":{"start":{"line":483,"column":47},"end":{"line":487,"column":5}},"locations":[{"start":{"line":483,"column":47},"end":{"line":487,"column":5}}]},"104":{"type":"branch","line":488,"loc":{"start":{"line":488,"column":45},"end":{"line":492,"column":5}},"locations":[{"start":{"line":488,"column":45},"end":{"line":492,"column":5}}]},"105":{"type":"branch","line":493,"loc":{"start":{"line":493,"column":2},"end":{"line":499,"column":1}},"locations":[{"start":{"line":493,"column":2},"end":{"line":499,"column":1}}]}},"b":{"0":[42],"1":[10],"2":[0],"3":[0],"4":[42],"5":[161],"6":[19],"7":[142],"8":[40],"9":[38],"10":[19],"11":[102],"12":[8],"13":[0],"14":[34],"15":[0],"16":[34],"17":[161],"18":[42],"19":[102],"20":[3],"21":[99],"22":[0],"23":[99],"24":[0],"25":[98],"26":[374],"27":[449],"28":[0],"29":[176],"30":[176],"31":[0],"32":[0],"33":[1],"34":[175],"35":[0],"36":[175],"37":[20],"38":[155],"39":[64],"40":[273],"41":[95],"42":[1],"43":[94],"44":[0],"45":[94],"46":[0],"47":[178],"48":[272],"49":[59],"50":[21],"51":[1],"52":[58],"53":[271],"54":[177],"55":[271],"56":[51],"57":[33],"58":[271],"59":[174],"60":[174],"61":[175],"62":[174],"63":[97],"64":[1],"65":[270],"66":[445],"67":[0],"68":[94],"69":[0],"70":[456],"71":[519],"72":[39],"73":[1],"74":[99],"75":[1],"76":[98],"77":[0],"78":[98],"79":[0],"80":[273],"81":[51],"82":[51],"83":[0],"84":[1],"85":[0],"86":[222],"87":[58],"88":[0],"89":[0],"90":[0],"91":[34],"92":[0],"93":[1],"94":[33],"95":[1],"96":[32],"97":[0],"98":[32],"99":[0],"100":[32],"101":[0],"102":[169],"103":[0],"104":[0],"105":[32]},"fnMap":{"0":{"name":"parseDSL","decl":{"start":{"line":15,"column":7},"end":{"line":35,"column":1}},"loc":{"start":{"line":15,"column":7},"end":{"line":35,"column":1}},"line":15},"1":{"name":"parseAEFFormat","decl":{"start":{"line":40,"column":0},"end":{"line":91,"column":1}},"loc":{"start":{"line":40,"column":0},"end":{"line":91,"column":1}},"line":40},"2":{"name":"createEmptyNFA","decl":{"start":{"line":96,"column":0},"end":{"line":105,"column":1}},"loc":{"start":{"line":96,"column":0},"end":{"line":105,"column":1}},"line":96},"3":{"name":"parseTransitionLine","decl":{"start":{"line":123,"column":0},"end":{"line":327,"column":1}},"loc":{"start":{"line":123,"column":0},"end":{"line":327,"column":1}},"line":123},"4":{"name":"validateLineFormat","decl":{"start":{"line":332,"column":0},"end":{"line":360,"column":1}},"loc":{"start":{"line":332,"column":0},"end":{"line":360,"column":1}},"line":332},"5":{"name":"parseStateToken","decl":{"start":{"line":370,"column":0},"end":{"line":435,"column":1}},"loc":{"start":{"line":370,"column":0},"end":{"line":435,"column":1}},"line":370},"6":{"name":"finalizeNFA","decl":{"start":{"line":440,"column":0},"end":{"line":499,"column":1}},"loc":{"start":{"line":440,"column":0},"end":{"line":499,"column":1}},"line":440}},"f":{"0":42,"1":42,"2":42,"3":102,"4":99,"5":273,"6":34}}
,"C:\\Users\\daten\\Downloads\\visualizing_lexical_analysis_subsetconstruction\\src\\lib\\utils.ts": {"path":"C:\\Users\\daten\\Downloads\\visualizing_lexical_analysis_subsetconstruction\\src\\lib\\utils.ts","all":true,"statementMap":{"0":{"start":{"line":1,"column":0},"end":{"line":1,"column":44}},"3":{"start":{"line":4,"column":0},"end":{"line":4,"column":45}},"4":{"start":{"line":5,"column":0},"end":{"line":5,"column":30}},"5":{"start":{"line":6,"column":0},"end":{"line":6,"column":1}}},"s":{"0":0,"3":0,"4":0,"5":0},"branchMap":{"0":{"type":"branch","line":1,"loc":{"start":{"line":1,"column":170},"end":{"line":6,"column":1}},"locations":[{"start":{"line":1,"column":170},"end":{"line":6,"column":1}}]}},"b":{"0":[0]},"fnMap":{"0":{"name":"(empty-report)","decl":{"start":{"line":1,"column":170},"end":{"line":6,"column":1}},"loc":{"start":{"line":1,"column":170},"end":{"line":6,"column":1}},"line":1}},"f":{"0":0}}
,"C:\\Users\\daten\\Downloads\\visualizing_lexical_analysis_subsetconstruction\\src\\pages\\Home.tsx": {"path":"C:\\Users\\daten\\Downloads\\visualizing_lexical_analysis_subsetconstruction\\src\\pages\\Home.tsx","all":true,"statementMap":{"0":{"start":{"line":1,"column":0},"end":{"line":1,"column":56}},"6":{"start":{"line":7,"column":0},"end":{"line":7,"column":32}},"7":{"start":{"line":8,"column":0},"end":{"line":8,"column":51}},"8":{"start":{"line":9,"column":0},"end":{"line":9,"column":75}},"10":{"start":{"line":11,"column":0},"end":{"line":11,"column":40}},"11":{"start":{"line":12,"column":0},"end":{"line":12,"column":47}},"12":{"start":{"line":13,"column":0},"end":{"line":13,"column":27}},"14":{"start":{"line":15,"column":0},"end":{"line":15,"column":39}},"15":{"start":{"line":16,"column":0},"end":{"line":16,"column":25}},"16":{"start":{"line":17,"column":0},"end":{"line":17,"column":58}},"17":{"start":{"line":18,"column":0},"end":{"line":18,"column":12}},"18":{"start":{"line":19,"column":0},"end":{"line":19,"column":19}},"19":{"start":{"line":20,"column":0},"end":{"line":20,"column":53}},"20":{"start":{"line":21,"column":0},"end":{"line":21,"column":5}},"21":{"start":{"line":22,"column":0},"end":{"line":22,"column":4}},"23":{"start":{"line":24,"column":0},"end":{"line":24,"column":54}},"24":{"start":{"line":25,"column":0},"end":{"line":25,"column":27}},"25":{"start":{"line":26,"column":0},"end":{"line":26,"column":4}},"27":{"start":{"line":28,"column":0},"end":{"line":28,"column":10}},"28":{"start":{"line":29,"column":0},"end":{"line":29,"column":43}},"29":{"start":{"line":30,"column":0},"end":{"line":30,"column":71}},"31":{"start":{"line":32,"column":0},"end":{"line":32,"column":33}},"32":{"start":{"line":33,"column":0},"end":{"line":33,"column":74}},"35":{"start":{"line":36,"column":0},"end":{"line":36,"column":49}},"36":{"start":{"line":37,"column":0},"end":{"line":37,"column":71}},"37":{"start":{"line":38,"column":0},"end":{"line":38,"column":79}},"38":{"start":{"line":39,"column":0},"end":{"line":39,"column":63}},"39":{"start":{"line":40,"column":0},"end":{"line":40,"column":34}},"40":{"start":{"line":41,"column":0},"end":{"line":41,"column":83}},"42":{"start":{"line":43,"column":0},"end":{"line":43,"column":16}},"46":{"start":{"line":47,"column":0},"end":{"line":47,"column":55}},"47":{"start":{"line":48,"column":0},"end":{"line":48,"column":75}},"48":{"start":{"line":49,"column":0},"end":{"line":49,"column":62}},"50":{"start":{"line":51,"column":0},"end":{"line":51,"column":44}},"51":{"start":{"line":52,"column":0},"end":{"line":52,"column":17}},"52":{"start":{"line":53,"column":0},"end":{"line":53,"column":90}},"53":{"start":{"line":54,"column":0},"end":{"line":54,"column":19}},"54":{"start":{"line":55,"column":0},"end":{"line":55,"column":82}},"55":{"start":{"line":56,"column":0},"end":{"line":56,"column":78}},"56":{"start":{"line":57,"column":0},"end":{"line":57,"column":20}},"57":{"start":{"line":58,"column":0},"end":{"line":58,"column":19}},"58":{"start":{"line":59,"column":0},"end":{"line":59,"column":84}},"59":{"start":{"line":60,"column":0},"end":{"line":60,"column":47}},"60":{"start":{"line":61,"column":0},"end":{"line":61,"column":45}},"61":{"start":{"line":62,"column":0},"end":{"line":62,"column":88}},"62":{"start":{"line":63,"column":0},"end":{"line":63,"column":22}},"63":{"start":{"line":64,"column":0},"end":{"line":64,"column":20}},"64":{"start":{"line":65,"column":0},"end":{"line":65,"column":19}},"65":{"start":{"line":66,"column":0},"end":{"line":66,"column":76}},"66":{"start":{"line":67,"column":0},"end":{"line":67,"column":20}},"67":{"start":{"line":68,"column":0},"end":{"line":68,"column":19}},"68":{"start":{"line":69,"column":0},"end":{"line":69,"column":66}},"69":{"start":{"line":70,"column":0},"end":{"line":70,"column":84}},"70":{"start":{"line":71,"column":0},"end":{"line":71,"column":20}},"71":{"start":{"line":72,"column":0},"end":{"line":72,"column":18}},"72":{"start":{"line":73,"column":0},"end":{"line":73,"column":34}},"73":{"start":{"line":74,"column":0},"end":{"line":74,"column":86}},"74":{"start":{"line":75,"column":0},"end":{"line":75,"column":34}},"75":{"start":{"line":76,"column":0},"end":{"line":76,"column":97}},"77":{"start":{"line":78,"column":0},"end":{"line":78,"column":23}},"79":{"start":{"line":80,"column":0},"end":{"line":80,"column":29}},"80":{"start":{"line":81,"column":0},"end":{"line":81,"column":52}},"81":{"start":{"line":82,"column":0},"end":{"line":82,"column":73}},"82":{"start":{"line":83,"column":0},"end":{"line":83,"column":22}},"84":{"start":{"line":85,"column":0},"end":{"line":85,"column":18}},"85":{"start":{"line":86,"column":0},"end":{"line":86,"column":16}},"88":{"start":{"line":89,"column":0},"end":{"line":89,"column":34}},"89":{"start":{"line":90,"column":0},"end":{"line":90,"column":67}},"90":{"start":{"line":91,"column":0},"end":{"line":91,"column":18}},"91":{"start":{"line":92,"column":0},"end":{"line":92,"column":37}},"93":{"start":{"line":94,"column":0},"end":{"line":94,"column":95}},"95":{"start":{"line":96,"column":0},"end":{"line":96,"column":18}},"97":{"start":{"line":98,"column":0},"end":{"line":98,"column":18}},"98":{"start":{"line":99,"column":0},"end":{"line":99,"column":12}},"99":{"start":{"line":100,"column":0},"end":{"line":100,"column":10}},"101":{"start":{"line":102,"column":0},"end":{"line":102,"column":1}}},"s":{"0":0,"6":0,"7":0,"8":0,"10":0,"11":0,"12":0,"14":0,"15":0,"16":0,"17":0,"18":0,"19":0,"20":0,"21":0,"23":0,"24":0,"25":0,"27":0,"28":0,"29":0,"31":0,"32":0,"35":0,"36":0,"37":0,"38":0,"39":0,"40":0,"42":0,"46":0,"47":0,"48":0,"50":0,"51":0,"52":0,"53":0,"54":0,"55":0,"56":0,"57":0,"58":0,"59":0,"60":0,"61":0,"62":0,"63":0,"64":0,"65":0,"66":0,"67":0,"68":0,"69":0,"70":0,"71":0,"72":0,"73":0,"74":0,"75":0,"77":0,"79":0,"80":0,"81":0,"82":0,"84":0,"85":0,"88":0,"89":0,"90":0,"91":0,"93":0,"95":0,"97":0,"98":0,"99":0,"101":0},"branchMap":{"0":{"type":"branch","line":1,"loc":{"start":{"line":1,"column":0},"end":{"line":102,"column":-2137}},"locations":[{"start":{"line":1,"column":0},"end":{"line":102,"column":-2137}}]}},"b":{"0":[0]},"fnMap":{"0":{"name":"(empty-report)","decl":{"start":{"line":1,"column":0},"end":{"line":102,"column":-2137}},"loc":{"start":{"line":1,"column":0},"end":{"line":102,"column":-2137}},"line":1}},"f":{"0":0}}
,"C:\\Users\\daten\\Downloads\\visualizing_lexical_analysis_subsetconstruction\\src\\utils\\helpers.ts": {"path":"C:\\Users\\daten\\Downloads\\visualizing_lexical_analysis_subsetconstruction\\src\\utils\\helpers.ts","all":true,"statementMap":{},"s":{},"branchMap":{"0":{"type":"branch","line":1,"loc":{"start":{"line":1,"column":0},"end":{"line":1,"column":0}},"locations":[{"start":{"line":1,"column":0},"end":{"line":1,"column":0}}]}},"b":{"0":[1]},"fnMap":{"0":{"name":"(empty-report)","decl":{"start":{"line":1,"column":0},"end":{"line":1,"column":0}},"loc":{"start":{"line":1,"column":0},"end":{"line":1,"column":0}},"line":1}},"f":{"0":1}}
}
